#
# There is insufficient memory for the Java Runtime Environment to continue.
# Native memory allocation (malloc) failed to allocate 1937248 bytes. Error detail: Chunk::new
# Possible reasons:
#   The system is out of physical RAM or swap space
#   This process is running with CompressedOops enabled, and the Java Heap may be blocking the growth of the native heap
# Possible solutions:
#   Reduce memory load on the system
#   Increase physical memory or swap space
#   Check if swap backing store is full
#   Decrease Java heap size (-Xmx/-Xms)
#   Decrease number of Java threads
#   Decrease Java thread stack sizes (-Xss)
#   Set larger code cache with -XX:ReservedCodeCacheSize=
#   JVM is running with Unscaled Compressed Oops mode in which the Java heap is
#     placed in the first 4GB address space. The Java Heap base address is the
#     maximum limit for the native heap growth. Please use -XX:HeapBaseMinAddress
#     to set the Java Heap base and to place the Java Heap above 4GB virtual address.
# This output file may be truncated or incomplete.
#
#  Out of Memory Error (arena.cpp:168), pid=12372, tid=7624
#
# JRE version: OpenJDK Runtime Environment (21.0.3) (build 21.0.3+-12282718-b509.11)
# Java VM: OpenJDK 64-Bit Server VM (21.0.3+-12282718-b509.11, mixed mode, tiered, compressed oops, compressed class ptrs, g1 gc, windows-amd64)
# No core dump will be written. Minidumps are not enabled by default on client versions of Windows
#

---------------  S U M M A R Y ------------

Command Line: --add-opens=java.base/java.util=ALL-UNNAMED --add-opens=java.base/java.lang=ALL-UNNAMED --add-opens=java.base/java.lang.invoke=ALL-UNNAMED --add-opens=java.prefs/java.util.prefs=ALL-UNNAMED --add-exports=jdk.compiler/com.sun.tools.javac.api=ALL-UNNAMED --add-exports=jdk.compiler/com.sun.tools.javac.util=ALL-UNNAMED --add-opens=java.base/java.nio.charset=ALL-UNNAMED --add-opens=java.base/java.net=ALL-UNNAMED --add-opens=java.base/java.util.concurrent.atomic=ALL-UNNAMED -Xmx2048m -Dfile.encoding=UTF-8 -Duser.country=GR -Duser.language=el -Duser.variant -javaagent:D:\Android\gradle-8.10.2\wrapper\dists\gradle-8.9-bin\90cnw93cvbtalezasaz0blq0a\gradle-8.9\lib\agents\gradle-instrumentation-agent-8.9.jar org.gradle.launcher.daemon.bootstrap.GradleDaemon 8.9

Host: Intel(R) Core(TM) i5-8265U CPU @ 1.60GHz, 8 cores, 7G,  Windows 11 , 64 bit Build 22621 (10.0.22621.4391)
Time: Sun Nov 17 07:02:10 2024  Windows 11 , 64 bit Build 22621 (10.0.22621.4391) elapsed time: 6.361742 seconds (0d 0h 0m 6s)

---------------  T H R E A D  ---------------

Current thread (0x000002076a25df80):  JavaThread "C2 CompilerThread1" daemon [_thread_in_native, id=7624, stack(0x0000004a67500000,0x0000004a67600000) (1024K)]


Current CompileTask:
C2:   6361 4648       4       java.net.URLClassLoader$1::run (5 bytes)

Stack: [0x0000004a67500000,0x0000004a67600000]
Native frames: (J=compiled Java code, j=interpreted, Vv=VM code, C=native code)
V  [jvm.dll+0x6cafb9]
V  [jvm.dll+0x858523]
V  [jvm.dll+0x85aa7e]
V  [jvm.dll+0x85b163]
V  [jvm.dll+0x27d356]
V  [jvm.dll+0xbf93d]
V  [jvm.dll+0xbfe73]
V  [jvm.dll+0x3b1ceb]
V  [jvm.dll+0x37e787]
V  [jvm.dll+0x37dbfa]
V  [jvm.dll+0x246b02]
V  [jvm.dll+0x2460d1]
V  [jvm.dll+0x1c5804]
V  [jvm.dll+0x25575c]
V  [jvm.dll+0x253c36]
V  [jvm.dll+0x3ec996]
V  [jvm.dll+0x800d78]
V  [jvm.dll+0x6c98cd]
C  [ucrtbase.dll+0x29333]
C  [KERNEL32.DLL+0x1259d]
C  [ntdll.dll+0x5af38]


---------------  P R O C E S S  ---------------

Threads class SMR info:
_java_thread_list=0x000002076b600b30, length=33, elements={
0x000002074a79df10, 0x0000020766061010, 0x0000020766062950, 0x0000020766063250,
0x0000020766063cb0, 0x00000207660481c0, 0x000002076606dbd0, 0x000002076606e960,
0x0000020766072900, 0x00000207661660c0, 0x00000207663f9750, 0x000002076815f120,
0x0000020768003de0, 0x00000207670594f0, 0x00000207681dad70, 0x00000207681d1cb0,
0x0000020768222f40, 0x000002076826c6c0, 0x000002076826ee20, 0x000002076826da70,
0x000002076826f4b0, 0x000002076826cd50, 0x000002076826fb40, 0x000002076826e100,
0x000002076826d3e0, 0x0000020768c7f8e0, 0x0000020768c7a390, 0x0000020768c7d180,
0x0000020768c7caf0, 0x0000020768c7e530, 0x0000020768c7aa20, 0x0000020768c7b0b0,
0x000002076a25df80
}

Java Threads: ( => current thread )
  0x000002074a79df10 JavaThread "main"                              [_thread_blocked, id=8044, stack(0x0000004a66300000,0x0000004a66400000) (1024K)]
  0x0000020766061010 JavaThread "Reference Handler"          daemon [_thread_blocked, id=7672, stack(0x0000004a66b00000,0x0000004a66c00000) (1024K)]
  0x0000020766062950 JavaThread "Finalizer"                  daemon [_thread_blocked, id=11352, stack(0x0000004a66c00000,0x0000004a66d00000) (1024K)]
  0x0000020766063250 JavaThread "Signal Dispatcher"          daemon [_thread_blocked, id=8324, stack(0x0000004a66d00000,0x0000004a66e00000) (1024K)]
  0x0000020766063cb0 JavaThread "Attach Listener"            daemon [_thread_blocked, id=15384, stack(0x0000004a66e00000,0x0000004a66f00000) (1024K)]
  0x00000207660481c0 JavaThread "Service Thread"             daemon [_thread_blocked, id=716, stack(0x0000004a66f00000,0x0000004a67000000) (1024K)]
  0x000002076606dbd0 JavaThread "Monitor Deflation Thread"   daemon [_thread_blocked, id=4736, stack(0x0000004a67000000,0x0000004a67100000) (1024K)]
  0x000002076606e960 JavaThread "C2 CompilerThread0"         daemon [_thread_in_native, id=14188, stack(0x0000004a67100000,0x0000004a67200000) (1024K)]
  0x0000020766072900 JavaThread "C1 CompilerThread0"         daemon [_thread_blocked, id=15904, stack(0x0000004a67200000,0x0000004a67300000) (1024K)]
  0x00000207661660c0 JavaThread "Common-Cleaner"             daemon [_thread_blocked, id=9104, stack(0x0000004a67300000,0x0000004a67400000) (1024K)]
  0x00000207663f9750 JavaThread "Notification Thread"        daemon [_thread_blocked, id=7836, stack(0x0000004a67400000,0x0000004a67500000) (1024K)]
  0x000002076815f120 JavaThread "Daemon health stats"               [_thread_blocked, id=5604, stack(0x0000004a67a00000,0x0000004a67b00000) (1024K)]
  0x0000020768003de0 JavaThread "Incoming local TCP Connector on port 64621"        [_thread_in_native, id=12028, stack(0x0000004a67b00000,0x0000004a67c00000) (1024K)]
  0x00000207670594f0 JavaThread "Daemon periodic checks"            [_thread_blocked, id=2000, stack(0x0000004a67c00000,0x0000004a67d00000) (1024K)]
  0x00000207681dad70 JavaThread "Daemon"                            [_thread_blocked, id=12520, stack(0x0000004a67d00000,0x0000004a67e00000) (1024K)]
  0x00000207681d1cb0 JavaThread "Handler for socket connection from /127.0.0.1:64621 to /127.0.0.1:64622"        [_thread_in_native, id=8304, stack(0x0000004a67e00000,0x0000004a67f00000) (1024K)]
  0x0000020768222f40 JavaThread "Cancel handler"                    [_thread_blocked, id=5592, stack(0x0000004a67f00000,0x0000004a68000000) (1024K)]
  0x000002076826c6c0 JavaThread "Daemon worker"                     [_thread_in_native, id=9780, stack(0x0000004a68000000,0x0000004a68100000) (1024K)]
  0x000002076826ee20 JavaThread "Asynchronous log dispatcher for DefaultDaemonConnection: socket connection from /127.0.0.1:64621 to /127.0.0.1:64622"        [_thread_blocked, id=2404, stack(0x0000004a68100000,0x0000004a68200000) (1024K)]
  0x000002076826da70 JavaThread "Stdin handler"                     [_thread_blocked, id=11408, stack(0x0000004a68200000,0x0000004a68300000) (1024K)]
  0x000002076826f4b0 JavaThread "Daemon client event forwarder"        [_thread_blocked, id=15908, stack(0x0000004a68300000,0x0000004a68400000) (1024K)]
  0x000002076826cd50 JavaThread "Cache worker for journal cache (D:\Android\gradle-8.10.2\caches\journal-1)"        [_thread_blocked, id=13176, stack(0x0000004a68800000,0x0000004a68900000) (1024K)]
  0x000002076826fb40 JavaThread "File lock request listener"        [_thread_in_native, id=16380, stack(0x0000004a68900000,0x0000004a68a00000) (1024K)]
  0x000002076826e100 JavaThread "Cache worker for file hash cache (D:\Android\gradle-8.10.2\caches\8.9\fileHashes)"        [_thread_blocked, id=1480, stack(0x0000004a68a00000,0x0000004a68b00000) (1024K)]
  0x000002076826d3e0 JavaThread "Cache worker for file hash cache (D:\AndroidStudioProjects\UL_project1\.gradle\8.9\fileHashes)"        [_thread_blocked, id=8732, stack(0x0000004a68b00000,0x0000004a68c00000) (1024K)]
  0x0000020768c7f8e0 JavaThread "Cache worker for Build Output Cleanup Cache (D:\AndroidStudioProjects\UL_project1\.gradle\buildOutputCleanup)"        [_thread_blocked, id=1008, stack(0x0000004a68c00000,0x0000004a68d00000) (1024K)]
  0x0000020768c7a390 JavaThread "File watcher server"        daemon [_thread_in_native, id=4768, stack(0x0000004a68d00000,0x0000004a68e00000) (1024K)]
  0x0000020768c7d180 JavaThread "File watcher consumer"      daemon [_thread_blocked, id=12460, stack(0x0000004a68e00000,0x0000004a68f00000) (1024K)]
  0x0000020768c7caf0 JavaThread "Cache worker for checksums cache (D:\AndroidStudioProjects\UL_project1\.gradle\8.9\checksums)"        [_thread_blocked, id=1396, stack(0x0000004a68f00000,0x0000004a69000000) (1024K)]
  0x0000020768c7e530 JavaThread "Cache worker for file content cache (D:\Android\gradle-8.10.2\caches\8.9\fileContent)"        [_thread_blocked, id=3552, stack(0x0000004a69000000,0x0000004a69100000) (1024K)]
  0x0000020768c7aa20 JavaThread "Cache worker for cache directory md-rule (D:\Android\gradle-8.10.2\caches\8.9\md-rule)"        [_thread_blocked, id=14768, stack(0x0000004a69100000,0x0000004a69200000) (1024K)]
  0x0000020768c7b0b0 JavaThread "Cache worker for cache directory md-supplier (D:\Android\gradle-8.10.2\caches\8.9\md-supplier)"        [_thread_blocked, id=1156, stack(0x0000004a69200000,0x0000004a69300000) (1024K)]
=>0x000002076a25df80 JavaThread "C2 CompilerThread1"         daemon [_thread_in_native, id=7624, stack(0x0000004a67500000,0x0000004a67600000) (1024K)]
Total: 33

Other Threads:
  0x0000020761e8eaa0 VMThread "VM Thread"                           [id=6620, stack(0x0000004a66a00000,0x0000004a66b00000) (1024K)]
  0x0000020761df8270 WatcherThread "VM Periodic Task Thread"        [id=12384, stack(0x0000004a66900000,0x0000004a66a00000) (1024K)]
  0x00000207486bdf70 WorkerThread "GC Thread#0"                     [id=2416, stack(0x0000004a66400000,0x0000004a66500000) (1024K)]
  0x0000020766849b10 WorkerThread "GC Thread#1"                     [id=7972, stack(0x0000004a67600000,0x0000004a67700000) (1024K)]
  0x0000020766849eb0 WorkerThread "GC Thread#2"                     [id=5568, stack(0x0000004a67700000,0x0000004a67800000) (1024K)]
  0x00000207670225d0 WorkerThread "GC Thread#3"                     [id=15840, stack(0x0000004a67800000,0x0000004a67900000) (1024K)]
  0x0000020767022970 WorkerThread "GC Thread#4"                     [id=5960, stack(0x0000004a67900000,0x0000004a67a00000) (1024K)]
  0x00000207682e2ab0 WorkerThread "GC Thread#5"                     [id=2360, stack(0x0000004a68400000,0x0000004a68500000) (1024K)]
  0x00000207682e5060 WorkerThread "GC Thread#6"                     [id=15116, stack(0x0000004a68500000,0x0000004a68600000) (1024K)]
  0x000002076826a680 WorkerThread "GC Thread#7"                     [id=7104, stack(0x0000004a68600000,0x0000004a68700000) (1024K)]
  0x000002074a8002c0 ConcurrentGCThread "G1 Main Marker"            [id=15520, stack(0x0000004a66500000,0x0000004a66600000) (1024K)]
  0x000002074a801470 WorkerThread "G1 Conc#0"                       [id=4328, stack(0x0000004a66600000,0x0000004a66700000) (1024K)]
  0x00000207682d2ff0 WorkerThread "G1 Conc#1"                       [id=15996, stack(0x0000004a68700000,0x0000004a68800000) (1024K)]
  0x0000020761cc7500 ConcurrentGCThread "G1 Refine#0"               [id=10160, stack(0x0000004a66700000,0x0000004a66800000) (1024K)]
  0x0000020761cc7e80 ConcurrentGCThread "G1 Service"                [id=5068, stack(0x0000004a66800000,0x0000004a66900000) (1024K)]
Total: 15

Threads with active compile tasks:
C2 CompilerThread0     6398 4649   !   4       java.net.URLClassLoader$1::run (81 bytes)
C2 CompilerThread1     6398 4648       4       java.net.URLClassLoader$1::run (5 bytes)
Total: 2

VM state: not at safepoint (normal execution)

VM Mutex/Monitor currently owned by a thread: None

Heap address: 0x0000000080000000, size: 2048 MB, Compressed Oops mode: 32-bit

CDS archive(s) not mapped
Compressed class space mapped at: 0x0000000100000000-0x0000000140000000, reserved size: 1073741824
Narrow klass base: 0x0000000000000000, Narrow klass shift: 3, Narrow klass range: 0x140000000

GC Precious Log:
 CardTable entry size: 512
 Card Set container configuration: InlinePtr #cards 5 size 8 Array Of Cards #cards 12 size 40 Howl #buckets 4 coarsen threshold 1843 Howl Bitmap #cards 512 size 80 coarsen threshold 460 Card regions per heap region 1 cards per card region 2048
 CPUs: 8 total, 8 available
 Memory: 8063M
 Large Page Support: Disabled
 NUMA Support: Disabled
 Compressed Oops: Enabled (32-bit)
 Heap Region Size: 1M
 Heap Min Capacity: 8M
 Heap Initial Capacity: 126M
 Heap Max Capacity: 2G
 Pre-touch: Disabled
 Parallel Workers: 8
 Concurrent Workers: 2
 Concurrent Refinement Workers: 8
 Periodic GC: Disabled

Heap:
 garbage-first heap   total 110592K, used 74200K [0x0000000080000000, 0x0000000100000000)
  region size 1024K, 45 young (46080K), 8 survivors (8192K)
 Metaspace       used 52757K, committed 54144K, reserved 1114112K
  class space    used 7154K, committed 7808K, reserved 1048576K

Heap Regions: E=young(eden), S=young(survivor), O=old, HS=humongous(starts), HC=humongous(continues), CS=collection set, F=free, TAMS=top-at-mark-start, PB=parsable bottom
|   0|0x0000000080000000, 0x0000000080100000, 0x0000000080100000|100%|HS|  |TAMS 0x0000000080000000| PB 0x0000000080000000| Complete 
|   1|0x0000000080100000, 0x0000000080200000, 0x0000000080200000|100%|HC|  |TAMS 0x0000000080100000| PB 0x0000000080100000| Complete 
|   2|0x0000000080200000, 0x0000000080300000, 0x0000000080300000|100%|HC|  |TAMS 0x0000000080200000| PB 0x0000000080200000| Complete 
|   3|0x0000000080300000, 0x0000000080400000, 0x0000000080400000|100%|HC|  |TAMS 0x0000000080300000| PB 0x0000000080300000| Complete 
|   4|0x0000000080400000, 0x0000000080500000, 0x0000000080500000|100%|HS|  |TAMS 0x0000000080400000| PB 0x0000000080400000| Complete 
|   5|0x0000000080500000, 0x0000000080600000, 0x0000000080600000|100%| O|  |TAMS 0x0000000080500000| PB 0x0000000080500000| Untracked 
|   6|0x0000000080600000, 0x0000000080700000, 0x0000000080700000|100%| O|  |TAMS 0x0000000080600000| PB 0x0000000080600000| Untracked 
|   7|0x0000000080700000, 0x0000000080800000, 0x0000000080800000|100%| O|  |TAMS 0x0000000080700000| PB 0x0000000080700000| Untracked 
|   8|0x0000000080800000, 0x0000000080900000, 0x0000000080900000|100%| O|  |TAMS 0x0000000080800000| PB 0x0000000080800000| Untracked 
|   9|0x0000000080900000, 0x0000000080a00000, 0x0000000080a00000|100%| O|  |TAMS 0x0000000080900000| PB 0x0000000080900000| Untracked 
|  10|0x0000000080a00000, 0x0000000080b00000, 0x0000000080b00000|100%| O|  |TAMS 0x0000000080a00000| PB 0x0000000080a00000| Untracked 
|  11|0x0000000080b00000, 0x0000000080c00000, 0x0000000080c00000|100%|HS|  |TAMS 0x0000000080b00000| PB 0x0000000080b00000| Complete 
|  12|0x0000000080c00000, 0x0000000080d00000, 0x0000000080d00000|100%| O|  |TAMS 0x0000000080c00000| PB 0x0000000080c00000| Untracked 
|  13|0x0000000080d00000, 0x0000000080e00000, 0x0000000080e00000|100%| O|  |TAMS 0x0000000080d00000| PB 0x0000000080d00000| Untracked 
|  14|0x0000000080e00000, 0x0000000080f00000, 0x0000000080f00000|100%| O|  |TAMS 0x0000000080e00000| PB 0x0000000080e00000| Untracked 
|  15|0x0000000080f00000, 0x0000000081000000, 0x0000000081000000|100%| O|  |TAMS 0x0000000080f00000| PB 0x0000000080f00000| Untracked 
|  16|0x0000000081000000, 0x0000000081100000, 0x0000000081100000|100%| O|  |TAMS 0x0000000081000000| PB 0x0000000081000000| Untracked 
|  17|0x0000000081100000, 0x0000000081200000, 0x0000000081200000|100%| O|  |TAMS 0x0000000081100000| PB 0x0000000081100000| Untracked 
|  18|0x0000000081200000, 0x0000000081276190, 0x0000000081300000| 46%| O|  |TAMS 0x0000000081200000| PB 0x0000000081200000| Untracked 
|  19|0x0000000081300000, 0x0000000081400000, 0x0000000081400000|100%|HS|  |TAMS 0x0000000081300000| PB 0x0000000081300000| Complete 
|  20|0x0000000081400000, 0x0000000081400000, 0x0000000081500000|  0%| F|  |TAMS 0x0000000081400000| PB 0x0000000081400000| Untracked 
|  21|0x0000000081500000, 0x0000000081500000, 0x0000000081600000|  0%| F|  |TAMS 0x0000000081500000| PB 0x0000000081500000| Untracked 
|  22|0x0000000081600000, 0x0000000081600000, 0x0000000081700000|  0%| F|  |TAMS 0x0000000081600000| PB 0x0000000081600000| Untracked 
|  23|0x0000000081700000, 0x0000000081700000, 0x0000000081800000|  0%| F|  |TAMS 0x0000000081700000| PB 0x0000000081700000| Untracked 
|  24|0x0000000081800000, 0x0000000081800000, 0x0000000081900000|  0%| F|  |TAMS 0x0000000081800000| PB 0x0000000081800000| Untracked 
|  25|0x0000000081900000, 0x0000000081900000, 0x0000000081a00000|  0%| F|  |TAMS 0x0000000081900000| PB 0x0000000081900000| Untracked 
|  26|0x0000000081a00000, 0x0000000081a00000, 0x0000000081b00000|  0%| F|  |TAMS 0x0000000081a00000| PB 0x0000000081a00000| Untracked 
|  27|0x0000000081b00000, 0x0000000081b00000, 0x0000000081c00000|  0%| F|  |TAMS 0x0000000081b00000| PB 0x0000000081b00000| Untracked 
|  28|0x0000000081c00000, 0x0000000081c00000, 0x0000000081d00000|  0%| F|  |TAMS 0x0000000081c00000| PB 0x0000000081c00000| Untracked 
|  29|0x0000000081d00000, 0x0000000081d00000, 0x0000000081e00000|  0%| F|  |TAMS 0x0000000081d00000| PB 0x0000000081d00000| Untracked 
|  30|0x0000000081e00000, 0x0000000081e00000, 0x0000000081f00000|  0%| F|  |TAMS 0x0000000081e00000| PB 0x0000000081e00000| Untracked 
|  31|0x0000000081f00000, 0x0000000081f00000, 0x0000000082000000|  0%| F|  |TAMS 0x0000000081f00000| PB 0x0000000081f00000| Untracked 
|  32|0x0000000082000000, 0x0000000082000000, 0x0000000082100000|  0%| F|  |TAMS 0x0000000082000000| PB 0x0000000082000000| Untracked 
|  33|0x0000000082100000, 0x0000000082100000, 0x0000000082200000|  0%| F|  |TAMS 0x0000000082100000| PB 0x0000000082100000| Untracked 
|  34|0x0000000082200000, 0x0000000082300000, 0x0000000082300000|100%| S|CS|TAMS 0x0000000082200000| PB 0x0000000082200000| Complete 
|  35|0x0000000082300000, 0x0000000082400000, 0x0000000082400000|100%| S|CS|TAMS 0x0000000082300000| PB 0x0000000082300000| Complete 
|  36|0x0000000082400000, 0x0000000082500000, 0x0000000082500000|100%| S|CS|TAMS 0x0000000082400000| PB 0x0000000082400000| Complete 
|  37|0x0000000082500000, 0x0000000082600000, 0x0000000082600000|100%| S|CS|TAMS 0x0000000082500000| PB 0x0000000082500000| Complete 
|  38|0x0000000082600000, 0x0000000082700000, 0x0000000082700000|100%| S|CS|TAMS 0x0000000082600000| PB 0x0000000082600000| Complete 
|  39|0x0000000082700000, 0x0000000082800000, 0x0000000082800000|100%| S|CS|TAMS 0x0000000082700000| PB 0x0000000082700000| Complete 
|  40|0x0000000082800000, 0x0000000082900000, 0x0000000082900000|100%| S|CS|TAMS 0x0000000082800000| PB 0x0000000082800000| Complete 
|  41|0x0000000082900000, 0x0000000082a00000, 0x0000000082a00000|100%| S|CS|TAMS 0x0000000082900000| PB 0x0000000082900000| Complete 
|  42|0x0000000082a00000, 0x0000000082a00000, 0x0000000082b00000|  0%| F|  |TAMS 0x0000000082a00000| PB 0x0000000082a00000| Untracked 
|  43|0x0000000082b00000, 0x0000000082b00000, 0x0000000082c00000|  0%| F|  |TAMS 0x0000000082b00000| PB 0x0000000082b00000| Untracked 
|  44|0x0000000082c00000, 0x0000000082c00000, 0x0000000082d00000|  0%| F|  |TAMS 0x0000000082c00000| PB 0x0000000082c00000| Untracked 
|  45|0x0000000082d00000, 0x0000000082d00000, 0x0000000082e00000|  0%| F|  |TAMS 0x0000000082d00000| PB 0x0000000082d00000| Untracked 
|  46|0x0000000082e00000, 0x0000000082e00000, 0x0000000082f00000|  0%| F|  |TAMS 0x0000000082e00000| PB 0x0000000082e00000| Untracked 
|  47|0x0000000082f00000, 0x0000000082f00000, 0x0000000083000000|  0%| F|  |TAMS 0x0000000082f00000| PB 0x0000000082f00000| Untracked 
|  48|0x0000000083000000, 0x0000000083000000, 0x0000000083100000|  0%| F|  |TAMS 0x0000000083000000| PB 0x0000000083000000| Untracked 
|  49|0x0000000083100000, 0x0000000083100000, 0x0000000083200000|  0%| F|  |TAMS 0x0000000083100000| PB 0x0000000083100000| Untracked 
|  50|0x0000000083200000, 0x0000000083200000, 0x0000000083300000|  0%| F|  |TAMS 0x0000000083200000| PB 0x0000000083200000| Untracked 
|  51|0x0000000083300000, 0x0000000083300000, 0x0000000083400000|  0%| F|  |TAMS 0x0000000083300000| PB 0x0000000083300000| Untracked 
|  52|0x0000000083400000, 0x0000000083400000, 0x0000000083500000|  0%| F|  |TAMS 0x0000000083400000| PB 0x0000000083400000| Untracked 
|  53|0x0000000083500000, 0x0000000083500000, 0x0000000083600000|  0%| F|  |TAMS 0x0000000083500000| PB 0x0000000083500000| Untracked 
|  54|0x0000000083600000, 0x0000000083600000, 0x0000000083700000|  0%| F|  |TAMS 0x0000000083600000| PB 0x0000000083600000| Untracked 
|  55|0x0000000083700000, 0x0000000083700000, 0x0000000083800000|  0%| F|  |TAMS 0x0000000083700000| PB 0x0000000083700000| Untracked 
|  56|0x0000000083800000, 0x0000000083800000, 0x0000000083900000|  0%| F|  |TAMS 0x0000000083800000| PB 0x0000000083800000| Untracked 
|  57|0x0000000083900000, 0x0000000083900000, 0x0000000083a00000|  0%| F|  |TAMS 0x0000000083900000| PB 0x0000000083900000| Untracked 
|  58|0x0000000083a00000, 0x0000000083a00000, 0x0000000083b00000|  0%| F|  |TAMS 0x0000000083a00000| PB 0x0000000083a00000| Untracked 
|  59|0x0000000083b00000, 0x0000000083b00000, 0x0000000083c00000|  0%| F|  |TAMS 0x0000000083b00000| PB 0x0000000083b00000| Untracked 
|  60|0x0000000083c00000, 0x0000000083c00000, 0x0000000083d00000|  0%| F|  |TAMS 0x0000000083c00000| PB 0x0000000083c00000| Untracked 
|  61|0x0000000083d00000, 0x0000000083d00000, 0x0000000083e00000|  0%| F|  |TAMS 0x0000000083d00000| PB 0x0000000083d00000| Untracked 
|  62|0x0000000083e00000, 0x0000000083e80800, 0x0000000083f00000| 50%| E|  |TAMS 0x0000000083e00000| PB 0x0000000083e00000| Complete 
|  63|0x0000000083f00000, 0x0000000084000000, 0x0000000084000000|100%| E|CS|TAMS 0x0000000083f00000| PB 0x0000000083f00000| Complete 
|  64|0x0000000084000000, 0x0000000084100000, 0x0000000084100000|100%| E|CS|TAMS 0x0000000084000000| PB 0x0000000084000000| Complete 
|  65|0x0000000084100000, 0x0000000084200000, 0x0000000084200000|100%| E|CS|TAMS 0x0000000084100000| PB 0x0000000084100000| Complete 
|  66|0x0000000084200000, 0x0000000084300000, 0x0000000084300000|100%| E|CS|TAMS 0x0000000084200000| PB 0x0000000084200000| Complete 
|  67|0x0000000084300000, 0x0000000084400000, 0x0000000084400000|100%| E|CS|TAMS 0x0000000084300000| PB 0x0000000084300000| Complete 
|  68|0x0000000084400000, 0x0000000084500000, 0x0000000084500000|100%| E|CS|TAMS 0x0000000084400000| PB 0x0000000084400000| Complete 
|  69|0x0000000084500000, 0x0000000084600000, 0x0000000084600000|100%| E|CS|TAMS 0x0000000084500000| PB 0x0000000084500000| Complete 
|  70|0x0000000084600000, 0x0000000084700000, 0x0000000084700000|100%| E|CS|TAMS 0x0000000084600000| PB 0x0000000084600000| Complete 
|  71|0x0000000084700000, 0x0000000084800000, 0x0000000084800000|100%| E|CS|TAMS 0x0000000084700000| PB 0x0000000084700000| Complete 
|  72|0x0000000084800000, 0x0000000084900000, 0x0000000084900000|100%| E|CS|TAMS 0x0000000084800000| PB 0x0000000084800000| Complete 
|  73|0x0000000084900000, 0x0000000084a00000, 0x0000000084a00000|100%| E|CS|TAMS 0x0000000084900000| PB 0x0000000084900000| Complete 
|  74|0x0000000084a00000, 0x0000000084b00000, 0x0000000084b00000|100%| E|CS|TAMS 0x0000000084a00000| PB 0x0000000084a00000| Complete 
|  75|0x0000000084b00000, 0x0000000084c00000, 0x0000000084c00000|100%| E|CS|TAMS 0x0000000084b00000| PB 0x0000000084b00000| Complete 
|  76|0x0000000084c00000, 0x0000000084d00000, 0x0000000084d00000|100%| E|CS|TAMS 0x0000000084c00000| PB 0x0000000084c00000| Complete 
|  77|0x0000000084d00000, 0x0000000084e00000, 0x0000000084e00000|100%| E|CS|TAMS 0x0000000084d00000| PB 0x0000000084d00000| Complete 
|  78|0x0000000084e00000, 0x0000000084f00000, 0x0000000084f00000|100%| E|CS|TAMS 0x0000000084e00000| PB 0x0000000084e00000| Complete 
|  79|0x0000000084f00000, 0x0000000085000000, 0x0000000085000000|100%| E|CS|TAMS 0x0000000084f00000| PB 0x0000000084f00000| Complete 
|  80|0x0000000085000000, 0x0000000085100000, 0x0000000085100000|100%| E|CS|TAMS 0x0000000085000000| PB 0x0000000085000000| Complete 
|  81|0x0000000085100000, 0x0000000085200000, 0x0000000085200000|100%| E|CS|TAMS 0x0000000085100000| PB 0x0000000085100000| Complete 
|  82|0x0000000085200000, 0x0000000085300000, 0x0000000085300000|100%| E|CS|TAMS 0x0000000085200000| PB 0x0000000085200000| Complete 
|  83|0x0000000085300000, 0x0000000085400000, 0x0000000085400000|100%| E|CS|TAMS 0x0000000085300000| PB 0x0000000085300000| Complete 
|  84|0x0000000085400000, 0x0000000085500000, 0x0000000085500000|100%| E|CS|TAMS 0x0000000085400000| PB 0x0000000085400000| Complete 
|  85|0x0000000085500000, 0x0000000085600000, 0x0000000085600000|100%| E|CS|TAMS 0x0000000085500000| PB 0x0000000085500000| Complete 
|  86|0x0000000085600000, 0x0000000085700000, 0x0000000085700000|100%| E|CS|TAMS 0x0000000085600000| PB 0x0000000085600000| Complete 
|  87|0x0000000085700000, 0x0000000085800000, 0x0000000085800000|100%| E|CS|TAMS 0x0000000085700000| PB 0x0000000085700000| Complete 
|  88|0x0000000085800000, 0x0000000085900000, 0x0000000085900000|100%| E|CS|TAMS 0x0000000085800000| PB 0x0000000085800000| Complete 
|  89|0x0000000085900000, 0x0000000085a00000, 0x0000000085a00000|100%| E|CS|TAMS 0x0000000085900000| PB 0x0000000085900000| Complete 
|  90|0x0000000085a00000, 0x0000000085b00000, 0x0000000085b00000|100%| E|CS|TAMS 0x0000000085a00000| PB 0x0000000085a00000| Complete 
|  91|0x0000000085b00000, 0x0000000085c00000, 0x0000000085c00000|100%| E|CS|TAMS 0x0000000085b00000| PB 0x0000000085b00000| Complete 
|  92|0x0000000085c00000, 0x0000000085d00000, 0x0000000085d00000|100%| E|CS|TAMS 0x0000000085c00000| PB 0x0000000085c00000| Complete 
|  93|0x0000000085d00000, 0x0000000085e00000, 0x0000000085e00000|100%| E|CS|TAMS 0x0000000085d00000| PB 0x0000000085d00000| Complete 
|  94|0x0000000085e00000, 0x0000000085f00000, 0x0000000085f00000|100%| E|CS|TAMS 0x0000000085e00000| PB 0x0000000085e00000| Complete 
|  95|0x0000000085f00000, 0x0000000086000000, 0x0000000086000000|100%| E|CS|TAMS 0x0000000085f00000| PB 0x0000000085f00000| Complete 
|  96|0x0000000086000000, 0x0000000086100000, 0x0000000086100000|100%| E|CS|TAMS 0x0000000086000000| PB 0x0000000086000000| Complete 
|  97|0x0000000086100000, 0x0000000086200000, 0x0000000086200000|100%| E|CS|TAMS 0x0000000086100000| PB 0x0000000086100000| Complete 
| 125|0x0000000087d00000, 0x0000000087e00000, 0x0000000087e00000|100%| E|CS|TAMS 0x0000000087d00000| PB 0x0000000087d00000| Complete 
|2039|0x00000000ff700000, 0x00000000ff7ffff8, 0x00000000ff800000| 99%| O|  |TAMS 0x00000000ff700000| PB 0x00000000ff700000| Untracked 
|2040|0x00000000ff800000, 0x00000000ff900000, 0x00000000ff900000|100%| O|  |TAMS 0x00000000ff800000| PB 0x00000000ff800000| Untracked 
|2041|0x00000000ff900000, 0x00000000ffa00000, 0x00000000ffa00000|100%| O|  |TAMS 0x00000000ff900000| PB 0x00000000ff900000| Untracked 
|2042|0x00000000ffa00000, 0x00000000ffb00000, 0x00000000ffb00000|100%| O|  |TAMS 0x00000000ffa00000| PB 0x00000000ffa00000| Untracked 
|2043|0x00000000ffb00000, 0x00000000ffc00000, 0x00000000ffc00000|100%| O|  |TAMS 0x00000000ffb00000| PB 0x00000000ffb00000| Untracked 
|2044|0x00000000ffc00000, 0x00000000ffd00000, 0x00000000ffd00000|100%| O|  |TAMS 0x00000000ffc00000| PB 0x00000000ffc00000| Untracked 
|2045|0x00000000ffd00000, 0x00000000ffe00000, 0x00000000ffe00000|100%| O|  |TAMS 0x00000000ffd00000| PB 0x00000000ffd00000| Untracked 
|2046|0x00000000ffe00000, 0x00000000fff00000, 0x00000000fff00000|100%| O|  |TAMS 0x00000000ffe00000| PB 0x00000000ffe00000| Untracked 
|2047|0x00000000fff00000, 0x0000000100000000, 0x0000000100000000|100%| O|  |TAMS 0x00000000fff00000| PB 0x00000000fff00000| Untracked 

Card table byte_map: [0x000002075d010000,0x000002075d410000] _byte_map_base: 0x000002075cc10000

Marking Bits: (CMBitMap*) 0x00000207486be670
 Bits: [0x000002075d410000, 0x000002075f410000)

Polling page: 0x00000207486c0000

Metaspace:

Usage:
  Non-class:     44.54 MB used.
      Class:      6.99 MB used.
       Both:     51.53 MB used.

Virtual space:
  Non-class space:       64.00 MB reserved,      45.25 MB ( 71%) committed,  1 nodes.
      Class space:        1.00 GB reserved,       7.62 MB ( <1%) committed,  1 nodes.
             Both:        1.06 GB reserved,      52.88 MB (  5%) committed. 

Chunk freelists:
   Non-Class:  2.20 MB
       Class:  8.31 MB
        Both:  10.52 MB

MaxMetaspaceSize: unlimited
CompressedClassSpaceSize: 1.00 GB
Initial GC threshold: 21.00 MB
Current GC threshold: 59.38 MB
CDS: off
 - commit_granule_bytes: 65536.
 - commit_granule_words: 8192.
 - virtual_space_node_default_size: 8388608.
 - enlarge_chunks_in_place: 1.
 - use_allocation_guard: 0.


Internal statistics:

num_allocs_failed_limit: 9.
num_arena_births: 2610.
num_arena_deaths: 0.
num_vsnodes_births: 2.
num_vsnodes_deaths: 0.
num_space_committed: 846.
num_space_uncommitted: 0.
num_chunks_returned_to_freelist: 9.
num_chunks_taken_from_freelist: 4614.
num_chunk_merges: 9.
num_chunk_splits: 3008.
num_chunks_enlarged: 1876.
num_inconsistent_stats: 0.

CodeHeap 'non-profiled nmethods': size=120000Kb used=2464Kb max_used=2464Kb free=117535Kb
 bounds [0x00000207553b0000, 0x0000020755620000, 0x000002075c8e0000]
CodeHeap 'profiled nmethods': size=120000Kb used=8270Kb max_used=8270Kb free=111729Kb
 bounds [0x000002074d8e0000, 0x000002074e100000, 0x0000020754e10000]
CodeHeap 'non-nmethods': size=5760Kb used=1915Kb max_used=1946Kb free=3844Kb
 bounds [0x0000020754e10000, 0x0000020755080000, 0x00000207553b0000]
 total_blobs=4991 nmethods=4287 adapters=607
 compilation: enabled
              stopped_count=0, restarted_count=0
 full_count=0

Compilation events (20 events):
Event: 6.284 Thread 0x0000020766072900 4674       3       java.lang.invoke.LambdaForm::identityForm (27 bytes)
Event: 6.284 Thread 0x0000020766072900 nmethod 4674 0x000002074e0e9c10 code [0x000002074e0e9dc0, 0x000002074e0e9fa0]
Event: 6.284 Thread 0x0000020766072900 4675       3       java.lang.invoke.SimpleMethodHandle::copyWithExtendL (7 bytes)
Event: 6.285 Thread 0x0000020766072900 nmethod 4675 0x000002074e0ea090 code [0x000002074e0ea240, 0x000002074e0ea3d8]
Event: 6.293 Thread 0x0000020766072900 4678       1       java.lang.reflect.Proxy$ProxyBuilder$ProxyClassContext::packageName (5 bytes)
Event: 6.293 Thread 0x0000020766072900 nmethod 4678 0x0000020755617a10 code [0x0000020755617ba0, 0x0000020755617c68]
Event: 6.293 Thread 0x0000020766072900 4679       1       java.lang.reflect.Proxy$ProxyBuilder$ProxyClassContext::module (5 bytes)
Event: 6.293 Thread 0x0000020766072900 nmethod 4679 0x0000020755617d10 code [0x0000020755617ea0, 0x0000020755617f68]
Event: 6.301 Thread 0x0000020766072900 4680       3       com.google.common.collect.ImmutableList::<init> (5 bytes)
Event: 6.301 Thread 0x0000020766072900 nmethod 4680 0x000002074e0ea490 code [0x000002074e0ea640, 0x000002074e0ea868]
Event: 6.301 Thread 0x0000020766072900 4681       1       org.gradle.api.attributes.Attribute::hashCode (5 bytes)
Event: 6.301 Thread 0x0000020766072900 nmethod 4681 0x0000020755618010 code [0x00000207556181a0, 0x0000020755618268]
Event: 6.301 Thread 0x0000020766072900 4682       3       com.google.common.collect.RegularImmutableMap::fromEntryArrayCheckingBucketOverflow (282 bytes)
Event: 6.302 Thread 0x0000020766072900 nmethod 4682 0x000002074e0ea990 code [0x000002074e0ead80, 0x000002074e0ec9e8]
Event: 6.310 Thread 0x0000020766072900 4684       3       sun.reflect.generics.reflectiveObjects.ParameterizedTypeImpl::validateConstructorArguments (82 bytes)
Event: 6.312 Thread 0x0000020766072900 nmethod 4684 0x000002074e0ed590 code [0x000002074e0ed920, 0x000002074e0ef288]
Event: 6.312 Thread 0x0000020766072900 4683       3       java.lang.Class::getDeclaringClass (31 bytes)
Event: 6.312 Thread 0x0000020766072900 nmethod 4683 0x000002074e0efb10 code [0x000002074e0efce0, 0x000002074e0eff30]
Event: 6.323 Thread 0x0000020766072900 4685       3       kotlin.jvm.internal.Lambda::<init> (10 bytes)
Event: 6.323 Thread 0x0000020766072900 nmethod 4685 0x000002074e0f0010 code [0x000002074e0f01c0, 0x000002074e0f0328]

GC Heap History (16 events):
Event: 0.447 GC heap before
{Heap before GC invocations=0 (full 0):
 garbage-first heap   total 129024K, used 26624K [0x0000000080000000, 0x0000000100000000)
  region size 1024K, 23 young (23552K), 0 survivors (0K)
 Metaspace       used 7948K, committed 8064K, reserved 1114112K
  class space    used 716K, committed 768K, reserved 1048576K
}
Event: 0.451 GC heap after
{Heap after GC invocations=1 (full 0):
 garbage-first heap   total 129024K, used 10325K [0x0000000080000000, 0x0000000100000000)
  region size 1024K, 3 young (3072K), 3 survivors (3072K)
 Metaspace       used 7948K, committed 8064K, reserved 1114112K
  class space    used 716K, committed 768K, reserved 1048576K
}
Event: 0.856 GC heap before
{Heap before GC invocations=1 (full 0):
 garbage-first heap   total 129024K, used 40021K [0x0000000080000000, 0x0000000100000000)
  region size 1024K, 33 young (33792K), 3 survivors (3072K)
 Metaspace       used 11926K, committed 12160K, reserved 1114112K
  class space    used 1265K, committed 1408K, reserved 1048576K
}
Event: 0.860 GC heap after
{Heap after GC invocations=2 (full 0):
 garbage-first heap   total 129024K, used 11918K [0x0000000080000000, 0x0000000100000000)
  region size 1024K, 2 young (2048K), 2 survivors (2048K)
 Metaspace       used 11926K, committed 12160K, reserved 1114112K
  class space    used 1265K, committed 1408K, reserved 1048576K
}
Event: 1.656 GC heap before
{Heap before GC invocations=2 (full 0):
 garbage-first heap   total 129024K, used 77454K [0x0000000080000000, 0x0000000100000000)
  region size 1024K, 66 young (67584K), 2 survivors (2048K)
 Metaspace       used 21172K, committed 21504K, reserved 1114112K
  class space    used 2460K, committed 2624K, reserved 1048576K
}
Event: 1.664 GC heap after
{Heap after GC invocations=3 (full 0):
 garbage-first heap   total 129024K, used 20949K [0x0000000080000000, 0x0000000100000000)
  region size 1024K, 10 young (10240K), 10 survivors (10240K)
 Metaspace       used 21172K, committed 21504K, reserved 1114112K
  class space    used 2460K, committed 2624K, reserved 1048576K
}
Event: 2.399 GC heap before
{Heap before GC invocations=4 (full 0):
 garbage-first heap   total 78848K, used 77269K [0x0000000080000000, 0x0000000100000000)
  region size 1024K, 65 young (66560K), 10 survivors (10240K)
 Metaspace       used 30256K, committed 30848K, reserved 1114112K
  class space    used 3925K, committed 4224K, reserved 1048576K
}
Event: 2.408 GC heap after
{Heap after GC invocations=5 (full 0):
 garbage-first heap   total 92160K, used 24135K [0x0000000080000000, 0x0000000100000000)
  region size 1024K, 4 young (4096K), 4 survivors (4096K)
 Metaspace       used 30256K, committed 30848K, reserved 1114112K
  class space    used 3925K, committed 4224K, reserved 1048576K
}
Event: 3.087 GC heap before
{Heap before GC invocations=5 (full 0):
 garbage-first heap   total 92160K, used 60999K [0x0000000080000000, 0x0000000100000000)
  region size 1024K, 41 young (41984K), 4 survivors (4096K)
 Metaspace       used 35256K, committed 36096K, reserved 1114112K
  class space    used 4759K, committed 5120K, reserved 1048576K
}
Event: 3.091 GC heap after
{Heap after GC invocations=6 (full 0):
 garbage-first heap   total 92160K, used 26584K [0x0000000080000000, 0x0000000100000000)
  region size 1024K, 3 young (3072K), 3 survivors (3072K)
 Metaspace       used 35256K, committed 36096K, reserved 1114112K
  class space    used 4759K, committed 5120K, reserved 1048576K
}
Event: 3.125 GC heap before
{Heap before GC invocations=6 (full 0):
 garbage-first heap   total 92160K, used 28632K [0x0000000080000000, 0x0000000100000000)
  region size 1024K, 6 young (6144K), 3 survivors (3072K)
 Metaspace       used 35580K, committed 36416K, reserved 1114112K
  class space    used 4832K, committed 5248K, reserved 1048576K
}
Event: 3.128 GC heap after
{Heap after GC invocations=7 (full 0):
 garbage-first heap   total 92160K, used 26866K [0x0000000080000000, 0x0000000100000000)
  region size 1024K, 3 young (3072K), 3 survivors (3072K)
 Metaspace       used 35580K, committed 36416K, reserved 1114112K
  class space    used 4832K, committed 5248K, reserved 1048576K
}
Event: 4.158 GC heap before
{Heap before GC invocations=8 (full 0):
 garbage-first heap   total 92160K, used 73970K [0x0000000080000000, 0x0000000100000000)
  region size 1024K, 49 young (50176K), 3 survivors (3072K)
 Metaspace       used 44256K, committed 45376K, reserved 1114112K
  class space    used 5986K, committed 6528K, reserved 1048576K
}
Event: 4.165 GC heap after
{Heap after GC invocations=9 (full 0):
 garbage-first heap   total 110592K, used 30624K [0x0000000080000000, 0x0000000100000000)
  region size 1024K, 7 young (7168K), 7 survivors (7168K)
 Metaspace       used 44256K, committed 45376K, reserved 1114112K
  class space    used 5986K, committed 6528K, reserved 1048576K
}
Event: 5.827 GC heap before
{Heap before GC invocations=9 (full 0):
 garbage-first heap   total 110592K, used 87968K [0x0000000080000000, 0x0000000100000000)
  region size 1024K, 64 young (65536K), 7 survivors (7168K)
 Metaspace       used 47503K, committed 48704K, reserved 1114112K
  class space    used 6423K, committed 7040K, reserved 1048576K
}
Event: 5.835 GC heap after
{Heap after GC invocations=10 (full 0):
 garbage-first heap   total 110592K, used 35288K [0x0000000080000000, 0x0000000100000000)
  region size 1024K, 8 young (8192K), 8 survivors (8192K)
 Metaspace       used 47503K, committed 48704K, reserved 1114112K
  class space    used 6423K, committed 7040K, reserved 1048576K
}

Dll operation events (3 events):
Event: 0.010 Loaded shared library D:\Apps\Android Studio\jbr\bin\java.dll
Event: 0.015 Loaded shared library D:\Apps\Android Studio\jbr\bin\zip.dll
Event: 0.441 Loaded shared library D:\Apps\Android Studio\jbr\bin\verify.dll

Deoptimization events (20 events):
Event: 6.137 Thread 0x000002076826c6c0 Uncommon trap: trap_request=0xffffffde fr.pc=0x00000207553d6968 relative=0x0000000000000868
Event: 6.137 Thread 0x000002076826c6c0 Uncommon trap: reason=class_check action=maybe_recompile pc=0x00000207553d6968 method=jdk.internal.loader.URLClassPath.getLoader(I)Ljdk/internal/loader/URLClassPath$Loader; @ 190 c2
Event: 6.137 Thread 0x000002076826c6c0 DEOPT PACKING pc=0x00000207553d6968 sp=0x0000004a680f9590
Event: 6.137 Thread 0x000002076826c6c0 DEOPT UNPACKING pc=0x0000020754e646a2 sp=0x0000004a680f9550 mode 2
Event: 6.137 Thread 0x000002076826c6c0 Uncommon trap: trap_request=0xffffffde fr.pc=0x00000207555d7658 relative=0x0000000000000238
Event: 6.137 Thread 0x000002076826c6c0 Uncommon trap: reason=class_check action=maybe_recompile pc=0x00000207555d7658 method=jdk.internal.loader.URLClassPath.getResource(Ljava/lang/String;Z)Ljdk/internal/loader/Resource; @ 53 c2
Event: 6.137 Thread 0x000002076826c6c0 DEOPT PACKING pc=0x00000207555d7658 sp=0x0000004a680f9620
Event: 6.137 Thread 0x000002076826c6c0 DEOPT UNPACKING pc=0x0000020754e646a2 sp=0x0000004a680f95b0 mode 2
Event: 6.163 Thread 0x000002076826c6c0 Uncommon trap: trap_request=0xffffffde fr.pc=0x00000207553d6968 relative=0x0000000000000868
Event: 6.163 Thread 0x000002076826c6c0 Uncommon trap: reason=class_check action=maybe_recompile pc=0x00000207553d6968 method=jdk.internal.loader.URLClassPath.getLoader(I)Ljdk/internal/loader/URLClassPath$Loader; @ 190 c2
Event: 6.163 Thread 0x000002076826c6c0 DEOPT PACKING pc=0x00000207553d6968 sp=0x0000004a680f9450
Event: 6.163 Thread 0x000002076826c6c0 DEOPT UNPACKING pc=0x0000020754e646a2 sp=0x0000004a680f9410 mode 2
Event: 6.163 Thread 0x000002076826c6c0 Uncommon trap: trap_request=0xffffffde fr.pc=0x00000207555d7658 relative=0x0000000000000238
Event: 6.163 Thread 0x000002076826c6c0 Uncommon trap: reason=class_check action=maybe_recompile pc=0x00000207555d7658 method=jdk.internal.loader.URLClassPath.getResource(Ljava/lang/String;Z)Ljdk/internal/loader/Resource; @ 53 c2
Event: 6.163 Thread 0x000002076826c6c0 DEOPT PACKING pc=0x00000207555d7658 sp=0x0000004a680f94e0
Event: 6.163 Thread 0x000002076826c6c0 DEOPT UNPACKING pc=0x0000020754e646a2 sp=0x0000004a680f9470 mode 2
Event: 6.297 Thread 0x000002076826c6c0 Uncommon trap: trap_request=0xffffffde fr.pc=0x000002075555109c relative=0x00000000000002dc
Event: 6.297 Thread 0x000002076826c6c0 Uncommon trap: reason=class_check action=maybe_recompile pc=0x000002075555109c method=java.util.Collections$SetFromMap.remove(Ljava/lang/Object;)Z @ 5 c2
Event: 6.297 Thread 0x000002076826c6c0 DEOPT PACKING pc=0x000002075555109c sp=0x0000004a680f8ff0
Event: 6.297 Thread 0x000002076826c6c0 DEOPT UNPACKING pc=0x0000020754e646a2 sp=0x0000004a680f8fd8 mode 2

Classes loaded (20 events):
Event: 6.127 Loading class java/util/concurrent/atomic/AtomicReferenceFieldUpdater$AtomicReferenceFieldUpdaterImpl$1
Event: 6.127 Loading class java/util/concurrent/atomic/AtomicReferenceFieldUpdater$AtomicReferenceFieldUpdaterImpl$1 done
Event: 6.268 Loading class java/lang/StringIndexOutOfBoundsException
Event: 6.268 Loading class java/lang/StringIndexOutOfBoundsException done
Event: 6.299 Loading class java/util/stream/DistinctOps
Event: 6.299 Loading class java/util/stream/DistinctOps done
Event: 6.299 Loading class java/util/stream/DistinctOps$1
Event: 6.299 Loading class java/util/stream/ReferencePipeline$StatefulOp
Event: 6.299 Loading class java/util/stream/ReferencePipeline$StatefulOp done
Event: 6.299 Loading class java/util/stream/DistinctOps$1 done
Event: 6.300 Loading class java/util/stream/DistinctOps$1$2
Event: 6.300 Loading class java/util/stream/DistinctOps$1$2 done
Event: 6.302 Loading class java/util/stream/SortedOps
Event: 6.302 Loading class java/util/stream/SortedOps done
Event: 6.302 Loading class java/util/stream/SortedOps$OfRef
Event: 6.302 Loading class java/util/stream/SortedOps$OfRef done
Event: 6.303 Loading class java/util/stream/SortedOps$SizedRefSortingSink
Event: 6.303 Loading class java/util/stream/SortedOps$AbstractRefSortingSink
Event: 6.303 Loading class java/util/stream/SortedOps$AbstractRefSortingSink done
Event: 6.303 Loading class java/util/stream/SortedOps$SizedRefSortingSink done

Classes unloaded (0 events):
No events

Classes redefined (0 events):
No events

Internal exceptions (20 events):
Event: 5.969 Thread 0x000002076826c6c0 Exception <a 'java/lang/NoSuchMethodError'{0x00000000859c2608}: 'java.lang.Object java.lang.invoke.DirectMethodHandle$Holder.invokeStatic(java.lang.Object, long, java.lang.Object)'> (0x00000000859c2608) 
thrown [s\src\hotspot\share\interpreter\linkResolver.cpp, line 784]
Event: 5.970 Thread 0x000002076826c6c0 Exception <a 'java/lang/NoSuchMethodError'{0x00000000859c9760}: 'java.lang.Object java.lang.invoke.DirectMethodHandle$Holder.newInvokeSpecial(java.lang.Object, long)'> (0x00000000859c9760) 
thrown [s\src\hotspot\share\interpreter\linkResolver.cpp, line 784]
Event: 5.974 Thread 0x000002076826c6c0 Exception <a 'java/lang/NoSuchMethodError'{0x0000000085824e28}: 'java.lang.Object java.lang.invoke.DirectMethodHandle$Holder.newInvokeSpecial(java.lang.Object, java.lang.Object, java.lang.Object, java.lang.Object, java.lang.Object, long)'> (0x0000000085824e28) 
thrown [s\src\hotspot\share\interpreter\linkResolver.cpp, line 784]
Event: 5.974 Thread 0x000002076826c6c0 Exception <a 'java/lang/NoSuchMethodError'{0x0000000085829c58}: 'java.lang.Object java.lang.invoke.DirectMethodHandle$Holder.invokeSpecial(java.lang.Object, java.lang.Object, java.lang.Object, java.lang.Object, java.lang.Object, java.lang.Object, long)'> (0x0000000085829c58) 
thrown [s\src\hotspot\share\interpreter\linkResolver.cpp, line 784]
Event: 5.974 Thread 0x000002076826c6c0 Exception <a 'java/lang/NoSuchMethodError'{0x000000008582e228}: 'java.lang.Object java.lang.invoke.Invokers$Holder.linkToTargetMethod(java.lang.Object, java.lang.Object, java.lang.Object, java.lang.Object, long, java.lang.Object)'> (0x000000008582e228) 
thrown [s\src\hotspot\share\interpreter\linkResolver.cpp, line 784]
Event: 5.977 Thread 0x000002076826c6c0 Exception <a 'java/lang/NoSuchMethodError'{0x00000000858762c0}: 'java.lang.Object java.lang.invoke.DirectMethodHandle$Holder.newInvokeSpecial(java.lang.Object, java.lang.Object, java.lang.Object, long)'> (0x00000000858762c0) 
thrown [s\src\hotspot\share\interpreter\linkResolver.cpp, line 784]
Event: 5.977 Thread 0x000002076826c6c0 Exception <a 'java/lang/NoSuchMethodError'{0x000000008587ad80}: 'java.lang.Object java.lang.invoke.DirectMethodHandle$Holder.invokeSpecial(java.lang.Object, java.lang.Object, java.lang.Object, java.lang.Object, long)'> (0x000000008587ad80) 
thrown [s\src\hotspot\share\interpreter\linkResolver.cpp, line 784]
Event: 5.977 Thread 0x000002076826c6c0 Exception <a 'java/lang/NoSuchMethodError'{0x000000008587ef30}: 'java.lang.Object java.lang.invoke.Invokers$Holder.linkToTargetMethod(java.lang.Object, java.lang.Object, long, java.lang.Object)'> (0x000000008587ef30) 
thrown [s\src\hotspot\share\interpreter\linkResolver.cpp, line 784]
Event: 6.000 Thread 0x000002076826c6c0 Exception <a 'java/lang/NoSuchMethodError'{0x00000000856b9488}: 'java.lang.Object java.lang.invoke.DirectMethodHandle$Holder.newInvokeSpecial(java.lang.Object, java.lang.Object, java.lang.Object, java.lang.Object, java.lang.Object, java.lang.Object, java.lang.Object, java.lang.Object, java.lang.Object, java.lang.Object, java.lang.Object, java.lang.Object, java.lang.Object, java.lang.Object, java.lang.Object, java.lang.Object, java.lang.Object, java.lang.Object, java.lang.Object, java.lang.Object, java.lang
Event: 6.001 Thread 0x000002076826c6c0 Exception <a 'java/lang/NoSuchMethodError'{0x00000000856c0f88}: 'java.lang.Object java.lang.invoke.DirectMethodHandle$Holder.invokeSpecial(java.lang.Object, java.lang.Object, java.lang.Object, java.lang.Object, java.lang.Object, java.lang.Object, java.lang.Object, java.lang.Object, java.lang.Object, java.lang.Object, java.lang.Object, java.lang.Object, java.lang.Object, java.lang.Object, java.lang.Object, java.lang.Object, java.lang.Object, java.lang.Object, java.lang.Object, java.lang.Object, java.lang.Ob
Event: 6.001 Thread 0x000002076826c6c0 Exception <a 'java/lang/NoSuchMethodError'{0x00000000856c74b8}: 'java.lang.Object java.lang.invoke.DelegatingMethodHandle$Holder.reinvoke_L(java.lang.Object, java.lang.Object, java.lang.Object, java.lang.Object, java.lang.Object, java.lang.Object, java.lang.Object, java.lang.Object, java.lang.Object, java.lang.Object, java.lang.Object, java.lang.Object, java.lang.Object, java.lang.Object, java.lang.Object, java.lang.Object, java.lang.Object, java.lang.Object, java.lang.Object, java.lang.Object, java.lang.O
Event: 6.031 Thread 0x000002076826c6c0 Implicit null exception at 0x00000207553d1f00 to 0x00000207553d1fb4
Event: 6.205 Thread 0x000002076826c6c0 Exception <a 'java/lang/NoSuchMethodError'{0x0000000084c33498}: 'java.lang.Object java.lang.invoke.DirectMethodHandle$Holder.newInvokeSpecial(java.lang.Object, java.lang.Object, java.lang.Object, java.lang.Object, java.lang.Object, java.lang.Object, java.lang.Object, java.lang.Object, java.lang.Object, java.lang.Object, java.lang.Object, java.lang.Object, java.lang.Object, java.lang.Object, java.lang.Object, java.lang.Object, java.lang.Object, java.lang.Object, java.lang.Object)'> (0x0000000084c33498) 
thr
Event: 6.205 Thread 0x000002076826c6c0 Exception <a 'java/lang/NoSuchMethodError'{0x0000000084c39cf0}: 'java.lang.Object java.lang.invoke.DirectMethodHandle$Holder.invokeSpecial(java.lang.Object, java.lang.Object, java.lang.Object, java.lang.Object, java.lang.Object, java.lang.Object, java.lang.Object, java.lang.Object, java.lang.Object, java.lang.Object, java.lang.Object, java.lang.Object, java.lang.Object, java.lang.Object, java.lang.Object, java.lang.Object, java.lang.Object, java.lang.Object, java.lang.Object, java.lang.Object)'> (0x0000000
Event: 6.205 Thread 0x000002076826c6c0 Exception <a 'java/lang/NoSuchMethodError'{0x0000000084c3f530}: 'java.lang.Object java.lang.invoke.DelegatingMethodHandle$Holder.reinvoke_L(java.lang.Object, java.lang.Object, java.lang.Object, java.lang.Object, java.lang.Object, java.lang.Object, java.lang.Object, java.lang.Object, java.lang.Object, java.lang.Object, java.lang.Object, java.lang.Object, java.lang.Object, java.lang.Object, java.lang.Object, java.lang.Object, java.lang.Object, java.lang.Object, java.lang.Object)'> (0x0000000084c3f530) 
throw
Event: 6.215 Thread 0x000002076826c6c0 Exception <a 'java/lang/IncompatibleClassChangeError'{0x0000000084b08da0}: Found class java.lang.Object, but interface was expected> (0x0000000084b08da0) 
thrown [s\src\hotspot\share\interpreter\linkResolver.cpp, line 851]
Event: 6.247 Thread 0x000002076826c6c0 Exception <a 'java/lang/NoSuchMethodError'{0x00000000848305c8}: 'java.lang.Object java.lang.invoke.DirectMethodHandle$Holder.newInvokeSpecial(java.lang.Object, int, java.lang.Object)'> (0x00000000848305c8) 
thrown [s\src\hotspot\share\interpreter\linkResolver.cpp, line 784]
Event: 6.275 Thread 0x000002076826c6c0 Exception <a 'java/lang/NoSuchMethodError'{0x00000000846373a8}: 'java.lang.Object java.lang.invoke.DirectMethodHandle$Holder.invokeSpecial(java.lang.Object, java.lang.Object, long, java.lang.Object, java.lang.Object)'> (0x00000000846373a8) 
thrown [s\src\hotspot\share\interpreter\linkResolver.cpp, line 784]
Event: 6.285 Thread 0x000002076826c6c0 Exception <a 'java/lang/NoSuchMethodError'{0x0000000084507cd8}: 'java.lang.Object java.lang.invoke.DirectMethodHandle$Holder.newInvokeSpecial(java.lang.Object, java.lang.Object, int, java.lang.Object)'> (0x0000000084507cd8) 
thrown [s\src\hotspot\share\interpreter\linkResolver.cpp, line 784]
Event: 6.286 Thread 0x000002076826c6c0 Exception <a 'java/lang/NoSuchMethodError'{0x000000008450c4c8}: 'java.lang.Object java.lang.invoke.DirectMethodHandle$Holder.invokeSpecial(java.lang.Object, java.lang.Object, java.lang.Object, int, java.lang.Object)'> (0x000000008450c4c8) 
thrown [s\src\hotspot\share\interpreter\linkResolver.cpp, line 784]

ZGC Phase Switch (0 events):
No events

VM Operations (20 events):
Event: 4.348 Executing VM operation: HandshakeAllThreads (Deoptimize)
Event: 4.348 Executing VM operation: HandshakeAllThreads (Deoptimize) done
Event: 4.440 Executing VM operation: HandshakeAllThreads (Deoptimize)
Event: 4.440 Executing VM operation: HandshakeAllThreads (Deoptimize) done
Event: 4.525 Executing VM operation: ICBufferFull
Event: 4.525 Executing VM operation: ICBufferFull done
Event: 4.601 Executing VM operation: HandshakeAllThreads (Deoptimize)
Event: 4.601 Executing VM operation: HandshakeAllThreads (Deoptimize) done
Event: 4.771 Executing VM operation: HandshakeAllThreads (Deoptimize)
Event: 4.771 Executing VM operation: HandshakeAllThreads (Deoptimize) done
Event: 5.773 Executing VM operation: Cleanup
Event: 5.773 Executing VM operation: Cleanup done
Event: 5.827 Executing VM operation: G1CollectForAllocation (G1 Evacuation Pause)
Event: 5.835 Executing VM operation: G1CollectForAllocation (G1 Evacuation Pause) done
Event: 5.882 Executing VM operation: HandshakeAllThreads (Deoptimize)
Event: 5.882 Executing VM operation: HandshakeAllThreads (Deoptimize) done
Event: 5.941 Executing VM operation: HandshakeAllThreads (Deoptimize)
Event: 5.941 Executing VM operation: HandshakeAllThreads (Deoptimize) done
Event: 6.300 Executing VM operation: HandshakeAllThreads (Deoptimize)
Event: 6.300 Executing VM operation: HandshakeAllThreads (Deoptimize) done

Events (20 events):
Event: 3.141 Thread 0x0000020761e8eaa0 flushing nmethod 0x00000207553e8610
Event: 3.141 Thread 0x0000020761e8eaa0 flushing nmethod 0x00000207553e7c10
Event: 3.141 Thread 0x0000020761e8eaa0 flushing nmethod 0x00000207553e7210
Event: 3.141 Thread 0x0000020761e8eaa0 flushing nmethod 0x00000207553ee590
Event: 3.141 Thread 0x0000020761e8eaa0 flushing nmethod 0x00000207553bc290
Event: 3.141 Thread 0x0000020761e8eaa0 flushing nmethod 0x00000207553cbf10
Event: 3.141 Thread 0x0000020761e8eaa0 flushing nmethod 0x00000207553cab90
Event: 3.141 Thread 0x0000020761e8eaa0 flushing nmethod 0x00000207553c4c90
Event: 3.141 Thread 0x0000020761e8eaa0 flushing nmethod 0x00000207553b8d90
Event: 3.141 Thread 0x0000020761e8eaa0 flushing nmethod 0x00000207553b8790
Event: 3.267 Thread 0x0000020768c7aa20 Thread added: 0x0000020768c7aa20
Event: 3.383 Thread 0x0000020768c7b0b0 Thread added: 0x0000020768c7b0b0
Event: 3.627 Thread 0x000002076655e370 Thread exited: 0x000002076655e370
Event: 3.668 Thread 0x000002076b168a60 Thread added: 0x000002076b168a60
Event: 3.891 Thread 0x000002076b168a60 Thread exited: 0x000002076b168a60
Event: 4.293 Thread 0x000002076a25afd0 Thread added: 0x000002076a25afd0
Event: 4.783 Thread 0x000002076a25afd0 Thread exited: 0x000002076a25afd0
Event: 4.980 Thread 0x000002076a25d1e0 Thread added: 0x000002076a25d1e0
Event: 5.114 Thread 0x000002076a25d1e0 Thread exited: 0x000002076a25d1e0
Event: 5.851 Thread 0x000002076a25df80 Thread added: 0x000002076a25df80


Dynamic libraries:
0x00007ff7168a0000 - 0x00007ff7168aa000 	D:\Apps\Android Studio\jbr\bin\java.exe
0x00007ff9f6cb0000 - 0x00007ff9f6ec7000 	C:\WINDOWS\SYSTEM32\ntdll.dll
0x00007ff9f6190000 - 0x00007ff9f6254000 	C:\WINDOWS\System32\KERNEL32.DLL
0x00007ff9f44b0000 - 0x00007ff9f4869000 	C:\WINDOWS\System32\KERNELBASE.dll
0x00007ff9f4240000 - 0x00007ff9f4351000 	C:\WINDOWS\System32\ucrtbase.dll
0x00007ff9e95d0000 - 0x00007ff9e95eb000 	D:\Apps\Android Studio\jbr\bin\VCRUNTIME140.dll
0x00007ff9cd380000 - 0x00007ff9cd398000 	D:\Apps\Android Studio\jbr\bin\jli.dll
0x00007ff9f5fe0000 - 0x00007ff9f618e000 	C:\WINDOWS\System32\USER32.dll
0x00007ff9f49a0000 - 0x00007ff9f49c6000 	C:\WINDOWS\System32\win32u.dll
0x00007ff9d85e0000 - 0x00007ff9d8872000 	C:\WINDOWS\WinSxS\amd64_microsoft.windows.common-controls_6595b64144ccf1df_6.0.22621.4391_none_2715d37f73803e96\COMCTL32.dll
0x00007ff9f62d0000 - 0x00007ff9f62f9000 	C:\WINDOWS\System32\GDI32.dll
0x00007ff9f5250000 - 0x00007ff9f52f7000 	C:\WINDOWS\System32\msvcrt.dll
0x00007ff9f4360000 - 0x00007ff9f447b000 	C:\WINDOWS\System32\gdi32full.dll
0x00007ff9f41a0000 - 0x00007ff9f423a000 	C:\WINDOWS\System32\msvcp_win.dll
0x00007ff9f5fa0000 - 0x00007ff9f5fd1000 	C:\WINDOWS\System32\IMM32.DLL
0x00007ff9ea310000 - 0x00007ff9ea31c000 	D:\Apps\Android Studio\jbr\bin\vcruntime140_1.dll
0x00007ff9b34a0000 - 0x00007ff9b352d000 	D:\Apps\Android Studio\jbr\bin\msvcp140.dll
0x00007ff9ac380000 - 0x00007ff9acffd000 	D:\Apps\Android Studio\jbr\bin\server\jvm.dll
0x00007ff9f5100000 - 0x00007ff9f51b2000 	C:\WINDOWS\System32\ADVAPI32.dll
0x00007ff9f6460000 - 0x00007ff9f6507000 	C:\WINDOWS\System32\sechost.dll
0x00007ff9f4480000 - 0x00007ff9f44a8000 	C:\WINDOWS\System32\bcrypt.dll
0x00007ff9f4d70000 - 0x00007ff9f4e84000 	C:\WINDOWS\System32\RPCRT4.dll
0x00007ff9f65a0000 - 0x00007ff9f6611000 	C:\WINDOWS\System32\WS2_32.dll
0x00007ff9f2e00000 - 0x00007ff9f2e4d000 	C:\WINDOWS\SYSTEM32\POWRPROF.dll
0x00007ff9ec720000 - 0x00007ff9ec754000 	C:\WINDOWS\SYSTEM32\WINMM.dll
0x00007ff9ecc10000 - 0x00007ff9ecc1a000 	C:\WINDOWS\SYSTEM32\VERSION.dll
0x00007ff9f2de0000 - 0x00007ff9f2df3000 	C:\WINDOWS\SYSTEM32\UMPDC.dll
0x00007ff9f30a0000 - 0x00007ff9f30b8000 	C:\WINDOWS\SYSTEM32\kernel.appcore.dll
0x00007ff9e95c0000 - 0x00007ff9e95ca000 	D:\Apps\Android Studio\jbr\bin\jimage.dll
0x00007ff9f17b0000 - 0x00007ff9f19e2000 	C:\WINDOWS\SYSTEM32\DBGHELP.DLL
0x00007ff9f49e0000 - 0x00007ff9f4d6f000 	C:\WINDOWS\System32\combase.dll
0x00007ff9f5620000 - 0x00007ff9f56f7000 	C:\WINDOWS\System32\OLEAUT32.dll
0x00007ff9cdd70000 - 0x00007ff9cdda2000 	C:\WINDOWS\SYSTEM32\dbgcore.DLL
0x00007ff9f4120000 - 0x00007ff9f419b000 	C:\WINDOWS\System32\bcryptPrimitives.dll
0x00007ff9ec8b0000 - 0x00007ff9ec8be000 	D:\Apps\Android Studio\jbr\bin\instrument.dll
0x00007ff9e95a0000 - 0x00007ff9e95bf000 	D:\Apps\Android Studio\jbr\bin\java.dll
0x00007ff9e0780000 - 0x00007ff9e0798000 	D:\Apps\Android Studio\jbr\bin\zip.dll
0x00007ff9f5720000 - 0x00007ff9f5f96000 	C:\WINDOWS\System32\SHELL32.dll
0x00007ff9f1eb0000 - 0x00007ff9f27b3000 	C:\WINDOWS\SYSTEM32\windows.storage.dll
0x00007ff9f1d70000 - 0x00007ff9f1eaf000 	C:\WINDOWS\SYSTEM32\wintypes.dll
0x00007ff9f54c0000 - 0x00007ff9f55b9000 	C:\WINDOWS\System32\SHCORE.dll
0x00007ff9f50a0000 - 0x00007ff9f50fe000 	C:\WINDOWS\System32\shlwapi.dll
0x00007ff9f3ee0000 - 0x00007ff9f3f0b000 	C:\WINDOWS\SYSTEM32\profapi.dll
0x00007ff9e9590000 - 0x00007ff9e95a0000 	D:\Apps\Android Studio\jbr\bin\net.dll
0x00007ff9ec3e0000 - 0x00007ff9ec516000 	C:\WINDOWS\SYSTEM32\WINHTTP.dll
0x00007ff9f3510000 - 0x00007ff9f3579000 	C:\WINDOWS\system32\mswsock.dll
0x00007ff9e03a0000 - 0x00007ff9e03b6000 	D:\Apps\Android Studio\jbr\bin\nio.dll
0x00007ff9dfeb0000 - 0x00007ff9dfec0000 	D:\Apps\Android Studio\jbr\bin\verify.dll
0x00007ff9cd410000 - 0x00007ff9cd437000 	D:\Android\gradle-8.10.2\native\c067742578af261105cb4f569cf0c3c89f3d7b1fecec35dd04571415982c5e48\windows-amd64\native-platform.dll
0x00007ff9ae940000 - 0x00007ff9aea84000 	D:\Android\gradle-8.10.2\native\100fb08df4bc3b14c8652ba06237920a3bd2aa13389f12d3474272988ae205f9\windows-amd64\native-platform-file-events.dll
0x00007ff9e0770000 - 0x00007ff9e0779000 	D:\Apps\Android Studio\jbr\bin\management.dll
0x00007ff9e0390000 - 0x00007ff9e039b000 	D:\Apps\Android Studio\jbr\bin\management_ext.dll
0x00007ff9f5610000 - 0x00007ff9f5618000 	C:\WINDOWS\System32\PSAPI.DLL
0x00007ff9f3800000 - 0x00007ff9f381b000 	C:\WINDOWS\SYSTEM32\CRYPTSP.dll
0x00007ff9f3000000 - 0x00007ff9f3035000 	C:\WINDOWS\system32\rsaenh.dll
0x00007ff9f35b0000 - 0x00007ff9f35d8000 	C:\WINDOWS\SYSTEM32\USERENV.dll
0x00007ff9f3710000 - 0x00007ff9f371c000 	C:\WINDOWS\SYSTEM32\CRYPTBASE.dll
0x00007ff9f2a90000 - 0x00007ff9f2abd000 	C:\WINDOWS\SYSTEM32\IPHLPAPI.DLL
0x00007ff9f6260000 - 0x00007ff9f6269000 	C:\WINDOWS\System32\NSI.dll
0x00007ff9e0860000 - 0x00007ff9e0869000 	D:\Apps\Android Studio\jbr\bin\extnet.dll
0x00007ff9ec760000 - 0x00007ff9ec768000 	C:\WINDOWS\system32\wshunix.dll

dbghelp: loaded successfully - version: 4.0.5 - missing functions: none
symbol engine: initialized successfully - sym options: 0x614 - pdb path: .;D:\Apps\Android Studio\jbr\bin;C:\WINDOWS\SYSTEM32;C:\WINDOWS\WinSxS\amd64_microsoft.windows.common-controls_6595b64144ccf1df_6.0.22621.4391_none_2715d37f73803e96;D:\Apps\Android Studio\jbr\bin\server;D:\Android\gradle-8.10.2\native\c067742578af261105cb4f569cf0c3c89f3d7b1fecec35dd04571415982c5e48\windows-amd64;D:\Android\gradle-8.10.2\native\100fb08df4bc3b14c8652ba06237920a3bd2aa13389f12d3474272988ae205f9\windows-amd64

VM Arguments:
jvm_args: --add-opens=java.base/java.util=ALL-UNNAMED --add-opens=java.base/java.lang=ALL-UNNAMED --add-opens=java.base/java.lang.invoke=ALL-UNNAMED --add-opens=java.prefs/java.util.prefs=ALL-UNNAMED --add-exports=jdk.compiler/com.sun.tools.javac.api=ALL-UNNAMED --add-exports=jdk.compiler/com.sun.tools.javac.util=ALL-UNNAMED --add-opens=java.base/java.nio.charset=ALL-UNNAMED --add-opens=java.base/java.net=ALL-UNNAMED --add-opens=java.base/java.util.concurrent.atomic=ALL-UNNAMED -Xmx2048m -Dfile.encoding=UTF-8 -Duser.country=GR -Duser.language=el -Duser.variant -javaagent:D:\Android\gradle-8.10.2\wrapper\dists\gradle-8.9-bin\90cnw93cvbtalezasaz0blq0a\gradle-8.9\lib\agents\gradle-instrumentation-agent-8.9.jar 
java_command: org.gradle.launcher.daemon.bootstrap.GradleDaemon 8.9
java_class_path (initial): D:\Android\gradle-8.10.2\wrapper\dists\gradle-8.9-bin\90cnw93cvbtalezasaz0blq0a\gradle-8.9\lib\gradle-daemon-main-8.9.jar
Launcher Type: SUN_STANDARD

[Global flags]
     intx CICompilerCount                          = 4                                         {product} {ergonomic}
     uint ConcGCThreads                            = 2                                         {product} {ergonomic}
     uint G1ConcRefinementThreads                  = 8                                         {product} {ergonomic}
   size_t G1HeapRegionSize                         = 1048576                                   {product} {ergonomic}
    uintx GCDrainStackTargetSize                   = 64                                        {product} {ergonomic}
   size_t InitialHeapSize                          = 132120576                                 {product} {ergonomic}
   size_t MarkStackSize                            = 4194304                                   {product} {ergonomic}
   size_t MaxHeapSize                              = 2147483648                                {product} {command line}
   size_t MaxNewSize                               = 1287651328                                {product} {ergonomic}
   size_t MinHeapDeltaBytes                        = 1048576                                   {product} {ergonomic}
   size_t MinHeapSize                              = 8388608                                   {product} {ergonomic}
    uintx NonNMethodCodeHeapSize                   = 5839372                                {pd product} {ergonomic}
    uintx NonProfiledCodeHeapSize                  = 122909434                              {pd product} {ergonomic}
    uintx ProfiledCodeHeapSize                     = 122909434                              {pd product} {ergonomic}
    uintx ReservedCodeCacheSize                    = 251658240                              {pd product} {ergonomic}
     bool SegmentedCodeCache                       = true                                      {product} {ergonomic}
   size_t SoftMaxHeapSize                          = 2147483648                             {manageable} {ergonomic}
     bool UseCompressedOops                        = true                           {product lp64_product} {ergonomic}
     bool UseG1GC                                  = true                                      {product} {ergonomic}
     bool UseLargePagesIndividualAllocation        = false                                  {pd product} {ergonomic}

Logging:
Log output configuration:
 #0: stdout all=warning uptime,level,tags foldmultilines=false
 #1: stderr all=off uptime,level,tags foldmultilines=false

Environment Variables:
JAVA_HOME=D:\Android\AndroidStudio\jbr
PATH=D:\VMware\installation\bin\;C:\Program Files\Common Files\Oracle\Java\javapath;C:\WINDOWS\system32;C:\WINDOWS;C:\WINDOWS\System32\Wbem;C:\WINDOWS\System32\WindowsPowerShell\v1.0\;C:\WINDOWS\System32\OpenSSH\;C:\Program Files\PuTTY\;D:\Matlab\bin;C:\Program Files\Java\jdk-18.0.1\bin;C:\Program Files\dotnet\;C:\Program Files\Docker\Docker\resources\bin;D:\Apps\Git\cmd;C:\Users\User\AppData\Local\Programs\Python\Python312\Scripts\;C:\Users\User\AppData\Local\Programs\Python\Python312\;C:\Users\User\AppData\Local\Microsoft\WindowsApps;D:\Apps\CLion 2023.3.4\bin;;C:\MinGW\bin;D:\Apps\Microsoft VS Code\bin
USERNAME=User
OS=Windows_NT
PROCESSOR_IDENTIFIER=Intel64 Family 6 Model 142 Stepping 12, GenuineIntel
TMP=C:\Users\User\AppData\Local\Temp
TEMP=C:\Users\User\AppData\Local\Temp




Periodic native trim disabled

JNI global refs:
JNI global refs: 26, weak refs: 3

JNI global refs memory usage: 835, weak refs: 833

Process memory usage:
Resident Set Size: 283156K (3% of 8256680K total physical memory with 450372K free physical memory)

OOME stack traces (most recent first):
Classloader memory used:
Loader org.gradle.internal.classloader.VisitableURLClassLoader                         : 25218K
Loader bootstrap                                                                       : 21446K
Loader org.gradle.initialization.MixInLegacyTypesClassLoader                           : 5391K
Loader jdk.internal.loader.ClassLoaders$PlatformClassLoader                            : 530K
Loader jdk.internal.loader.ClassLoaders$AppClassLoader                                 : 230K
Loader org.gradle.internal.classloader.VisitableURLClassLoader                         : 19144B

Classes loaded by more than one classloader:
Class org.gradle.internal.classloader.FilteringClassLoader                            : loaded 2 times (x 102B)
Class org.gradle.internal.classloader.ClassLoaderHierarchy                            : loaded 2 times (x 67B)
Class org.gradle.api.internal.classpath.ManifestUtil                                  : loaded 2 times (x 68B)
Class org.gradle.internal.classloader.DefaultClassLoaderFactory                       : loaded 2 times (x 79B)
Class org.gradle.internal.classloader.ClassLoaderVisitor                              : loaded 2 times (x 73B)
Class org.gradle.api.internal.classpath.EffectiveClassPath                            : loaded 2 times (x 87B)
Class org.gradle.api.internal.DefaultClassPathProvider                                : loaded 2 times (x 73B)
Class [Lorg.gradle.api.internal.ClassPathProvider;                                    : loaded 2 times (x 66B)
Class org.gradle.api.internal.ClassPathProvider                                       : loaded 2 times (x 67B)
Class org.gradle.internal.service.UnknownServiceException                             : loaded 2 times (x 80B)
Class org.gradle.internal.classpath.TransformedClassPath                              : loaded 2 times (x 93B)
Class org.gradle.internal.service.ServiceLocator                                      : loaded 2 times (x 67B)
Class org.gradle.internal.InternalTransformer                                         : loaded 2 times (x 67B)
Class org.gradle.internal.classloader.ClasspathUtil$1                                 : loaded 2 times (x 73B)
Class org.gradle.api.internal.classpath.DefaultModuleRegistry$DefaultModule           : loaded 2 times (x 83B)
Class org.gradle.api.internal.classpath.Module                                        : loaded 2 times (x 67B)
Class org.gradle.api.internal.classpath.UnknownModuleException                        : loaded 2 times (x 79B)
Class org.gradle.api.internal.DefaultClassPathRegistry                                : loaded 2 times (x 73B)
Class org.gradle.api.internal.ClassPathRegistry                                       : loaded 2 times (x 67B)
Class org.gradle.internal.classpath.DefaultClassPath$ImmutableUniqueList              : loaded 2 times (x 196B)
Class org.gradle.internal.classpath.ClassPath                                         : loaded 2 times (x 67B)
Class org.gradle.api.UncheckedIOException                                             : loaded 2 times (x 79B)
Class org.gradle.internal.installation.GradleInstallation$1                           : loaded 2 times (x 72B)
Class org.gradle.api.internal.classpath.ModuleRegistry                                : loaded 2 times (x 67B)
Class org.gradle.api.internal.classpath.DefaultModuleRegistry                         : loaded 2 times (x 80B)
Class org.gradle.internal.service.ServiceLookupException                              : loaded 2 times (x 79B)
Class org.gradle.internal.classloader.ClassLoaderFactory                              : loaded 2 times (x 67B)
Class org.gradle.internal.service.CachingServiceLocator                               : loaded 2 times (x 79B)
Class org.gradle.internal.classloader.ClasspathUtil                                   : loaded 2 times (x 68B)
Class org.gradle.api.specs.Spec                                                       : loaded 2 times (x 67B)
Class org.gradle.internal.classloader.VisitableURLClassLoader$InstrumentingVisitableURLClassLoader: loaded 2 times (x 120B)
Class org.gradle.internal.classloader.VisitableURLClassLoader$Spec                    : loaded 2 times (x 71B)
Class org.gradle.internal.classpath.DefaultClassPath                                  : loaded 2 times (x 87B)
Class org.gradle.internal.classloader.ClassLoaderSpec                                 : loaded 2 times (x 68B)
Class org.gradle.internal.classloader.VisitableURLClassLoader                         : loaded 2 times (x 114B)
Class org.gradle.internal.Cast                                                        : loaded 2 times (x 68B)
Class org.gradle.api.Action                                                           : loaded 2 times (x 67B)
Class org.gradle.internal.agents.InstrumentingClassLoader                             : loaded 2 times (x 67B)
Class org.gradle.internal.classpath.DefaultClassPath$ImmutableUniqueList$Builder      : loaded 2 times (x 72B)
Class org.gradle.api.GradleException                                                  : loaded 2 times (x 79B)
Class org.gradle.internal.IoActions                                                   : loaded 2 times (x 68B)
Class org.gradle.internal.classloader.SystemClassLoaderSpec                           : loaded 2 times (x 68B)
Class org.gradle.internal.installation.CurrentGradleInstallationLocator               : loaded 2 times (x 68B)
Class org.gradle.internal.service.DefaultServiceLocator                               : loaded 2 times (x 80B)
Class org.gradle.internal.installation.CurrentGradleInstallation                      : loaded 2 times (x 70B)
Class org.gradle.util.internal.GUtil                                                  : loaded 2 times (x 68B)
Class org.gradle.internal.installation.GradleInstallation                             : loaded 2 times (x 72B)

---------------  S Y S T E M  ---------------

OS:
 Windows 11 , 64 bit Build 22621 (10.0.22621.4391)
OS uptime: 0 days 11:33 hours
Hyper-V role detected

CPU: total 8 (initial active 8) (4 cores per cpu, 2 threads per core) family 6 model 142 stepping 12 microcode 0xf8, cx8, cmov, fxsr, ht, mmx, 3dnowpref, sse, sse2, sse3, ssse3, sse4.1, sse4.2, popcnt, lzcnt, tsc, tscinvbit, avx, avx2, aes, erms, clmul, bmi1, bmi2, adx, fma, vzeroupper, clflush, clflushopt, hv, rdtscp, f16c
Processor Information for all 8 processors :
  Max Mhz: 1800, Current Mhz: 1600, Mhz Limit: 1584

Memory: 4k page, system-wide physical 8063M (439M free)
TotalPageFile size 10111M (AvailPageFile size 6M)
current process WorkingSet (physical memory assigned to process): 276M, peak: 276M
current process commit charge ("private bytes"): 314M, peak: 316M

vm_info: OpenJDK 64-Bit Server VM (21.0.3+-12282718-b509.11) for windows-amd64 JRE (21.0.3+-12282718-b509.11), built on 2024-08-27T17:34:15Z by "builder" with MS VC++ 16.10 / 16.11 (VS2019)

END.
