#
# There is insufficient memory for the Java Runtime Environment to continue.
# Native memory allocation (mmap) failed to map 65536 bytes. Error detail: Failed to commit metaspace.
# Possible reasons:
#   The system is out of physical RAM or swap space
#   This process is running with CompressedOops enabled, and the Java Heap may be blocking the growth of the native heap
# Possible solutions:
#   Reduce memory load on the system
#   Increase physical memory or swap space
#   Check if swap backing store is full
#   Decrease Java heap size (-Xmx/-Xms)
#   Decrease number of Java threads
#   Decrease Java thread stack sizes (-Xss)
#   Set larger code cache with -XX:ReservedCodeCacheSize=
#   JVM is running with Unscaled Compressed Oops mode in which the Java heap is
#     placed in the first 4GB address space. The Java Heap base address is the
#     maximum limit for the native heap growth. Please use -XX:HeapBaseMinAddress
#     to set the Java Heap base and to place the Java Heap above 4GB virtual address.
# This output file may be truncated or incomplete.
#
#  Out of Memory Error (virtualSpaceNode.cpp:112), pid=13256, tid=1664
#
# JRE version: OpenJDK Runtime Environment (21.0.3) (build 21.0.3+-12282718-b509.11)
# Java VM: OpenJDK 64-Bit Server VM (21.0.3+-12282718-b509.11, mixed mode, tiered, compressed oops, compressed class ptrs, g1 gc, windows-amd64)
# No core dump will be written. Minidumps are not enabled by default on client versions of Windows
#

---------------  S U M M A R Y ------------

Command Line: --add-opens=java.base/java.util=ALL-UNNAMED --add-opens=java.base/java.lang=ALL-UNNAMED --add-opens=java.base/java.lang.invoke=ALL-UNNAMED --add-opens=java.prefs/java.util.prefs=ALL-UNNAMED --add-exports=jdk.compiler/com.sun.tools.javac.api=ALL-UNNAMED --add-exports=jdk.compiler/com.sun.tools.javac.util=ALL-UNNAMED --add-opens=java.base/java.nio.charset=ALL-UNNAMED --add-opens=java.base/java.net=ALL-UNNAMED --add-opens=java.base/java.util.concurrent.atomic=ALL-UNNAMED -Xmx2048m -Dfile.encoding=UTF-8 -Duser.country=GR -Duser.language=el -Duser.variant -javaagent:D:\Android\gradle-8.10.2\wrapper\dists\gradle-8.9-bin\90cnw93cvbtalezasaz0blq0a\gradle-8.9\lib\agents\gradle-instrumentation-agent-8.9.jar org.gradle.launcher.daemon.bootstrap.GradleDaemon 8.9

Host: Intel(R) Core(TM) i5-8265U CPU @ 1.60GHz, 8 cores, 7G,  Windows 11 , 64 bit Build 22621 (10.0.22621.4391)
Time: Sun Nov 17 06:59:29 2024  Windows 11 , 64 bit Build 22621 (10.0.22621.4391) elapsed time: 1.566266 seconds (0d 0h 0m 1s)

---------------  T H R E A D  ---------------

Current thread (0x00000211270bd7e0):  JavaThread "C1 CompilerThread0" daemon [_thread_in_vm, id=1664, stack(0x00000043c1400000,0x00000043c1500000) (1024K)]


Current CompileTask:
C1:   1566 2336       3       java.lang.invoke.InvokerBytecodeGenerator::<init> (80 bytes)

Stack: [0x00000043c1400000,0x00000043c1500000]
Native frames: (J=compiled Java code, j=interpreted, Vv=VM code, C=native code)
V  [jvm.dll+0x6cafb9]
V  [jvm.dll+0x858523]
V  [jvm.dll+0x85aa7e]
V  [jvm.dll+0x85b163]
V  [jvm.dll+0x27d356]
V  [jvm.dll+0x8533fe]
V  [jvm.dll+0x66f385]
V  [jvm.dll+0x66f3ea]
V  [jvm.dll+0x671c46]
V  [jvm.dll+0x671b12]
V  [jvm.dll+0x66fd7e]
V  [jvm.dll+0x6810ea]
V  [jvm.dll+0x67a082]
V  [jvm.dll+0x1f05c0]
V  [jvm.dll+0x1f07a8]
V  [jvm.dll+0x14f46e]
V  [jvm.dll+0x14f7a6]
V  [jvm.dll+0x14eb1f]
V  [jvm.dll+0x150941]
V  [jvm.dll+0x25575c]
V  [jvm.dll+0x253c36]
V  [jvm.dll+0x3ec996]
V  [jvm.dll+0x800d78]
V  [jvm.dll+0x6c98cd]
C  [ucrtbase.dll+0x29333]
C  [KERNEL32.DLL+0x1259d]
C  [ntdll.dll+0x5af38]


---------------  P R O C E S S  ---------------

Threads class SMR info:
_java_thread_list=0x000002112d477870, length=22, elements={
0x000002110d85dc40, 0x00000211270b09e0, 0x00000211270b16a0, 0x0000021127099790,
0x00000211270b2f80, 0x000002112709ba10, 0x00000211270bc2e0, 0x00000211270bcd40,
0x00000211270bd7e0, 0x0000021126e96c70, 0x00000211275e17d0, 0x0000021127651700,
0x000002112c61e3e0, 0x000002112d2100d0, 0x000002112d41c730, 0x000002112d432020,
0x000002112d433840, 0x000002112d3e4eb0, 0x000002112d454100, 0x000002112d4526c0,
0x000002112d452d50, 0x000002112d4554b0
}

Java Threads: ( => current thread )
  0x000002110d85dc40 JavaThread "main"                              [_thread_blocked, id=7160, stack(0x00000043c0500000,0x00000043c0600000) (1024K)]
  0x00000211270b09e0 JavaThread "Reference Handler"          daemon [_thread_blocked, id=1832, stack(0x00000043c0d00000,0x00000043c0e00000) (1024K)]
  0x00000211270b16a0 JavaThread "Finalizer"                  daemon [_thread_blocked, id=1488, stack(0x00000043c0e00000,0x00000043c0f00000) (1024K)]
  0x0000021127099790 JavaThread "Signal Dispatcher"          daemon [_thread_blocked, id=5484, stack(0x00000043c0f00000,0x00000043c1000000) (1024K)]
  0x00000211270b2f80 JavaThread "Attach Listener"            daemon [_thread_blocked, id=3652, stack(0x00000043c1000000,0x00000043c1100000) (1024K)]
  0x000002112709ba10 JavaThread "Service Thread"             daemon [_thread_blocked, id=2864, stack(0x00000043c1100000,0x00000043c1200000) (1024K)]
  0x00000211270bc2e0 JavaThread "Monitor Deflation Thread"   daemon [_thread_blocked, id=7336, stack(0x00000043c1200000,0x00000043c1300000) (1024K)]
  0x00000211270bcd40 JavaThread "C2 CompilerThread0"         daemon [_thread_blocked, id=8740, stack(0x00000043c1300000,0x00000043c1400000) (1024K)]
=>0x00000211270bd7e0 JavaThread "C1 CompilerThread0"         daemon [_thread_in_vm, id=1664, stack(0x00000043c1400000,0x00000043c1500000) (1024K)]
  0x0000021126e96c70 JavaThread "Common-Cleaner"             daemon [_thread_blocked, id=10152, stack(0x00000043c1500000,0x00000043c1600000) (1024K)]
  0x00000211275e17d0 JavaThread "Notification Thread"        daemon [_thread_blocked, id=3852, stack(0x00000043c1600000,0x00000043c1700000) (1024K)]
  0x0000021127651700 JavaThread "C2 CompilerThread1"         daemon [_thread_blocked, id=7932, stack(0x00000043c1700000,0x00000043c1800000) (1024K)]
  0x000002112c61e3e0 JavaThread "Daemon health stats"               [_thread_blocked, id=3424, stack(0x00000043c1c00000,0x00000043c1d00000) (1024K)]
  0x000002112d2100d0 JavaThread "Incoming local TCP Connector on port 64568"        [_thread_in_native, id=7008, stack(0x00000043c1d00000,0x00000043c1e00000) (1024K)]
  0x000002112d41c730 JavaThread "Daemon periodic checks"            [_thread_blocked, id=3816, stack(0x00000043c1e00000,0x00000043c1f00000) (1024K)]
  0x000002112d432020 JavaThread "Daemon"                            [_thread_blocked, id=15112, stack(0x00000043c1f00000,0x00000043c2000000) (1024K)]
  0x000002112d433840 JavaThread "Handler for socket connection from /127.0.0.1:64568 to /127.0.0.1:64569"        [_thread_in_native, id=4236, stack(0x00000043c2000000,0x00000043c2100000) (1024K)]
  0x000002112d3e4eb0 JavaThread "Cancel handler"                    [_thread_blocked, id=3052, stack(0x00000043c2100000,0x00000043c2200000) (1024K)]
  0x000002112d454100 JavaThread "Daemon worker"                     [_thread_in_vm, id=2812, stack(0x00000043c2200000,0x00000043c2300000) (1024K)]
  0x000002112d4526c0 JavaThread "Asynchronous log dispatcher for DefaultDaemonConnection: socket connection from /127.0.0.1:64568 to /127.0.0.1:64569"        [_thread_blocked, id=9068, stack(0x00000043c2300000,0x00000043c2400000) (1024K)]
  0x000002112d452d50 JavaThread "Stdin handler"                     [_thread_blocked, id=2080, stack(0x00000043c2400000,0x00000043c2500000) (1024K)]
  0x000002112d4554b0 JavaThread "Daemon client event forwarder"        [_thread_blocked, id=5988, stack(0x00000043c2500000,0x00000043c2600000) (1024K)]
Total: 22

Other Threads:
  0x0000021127050520 VMThread "VM Thread"                           [id=8596, stack(0x00000043c0c00000,0x00000043c0d00000) (1024K)]
  0x0000021126e95cb0 WatcherThread "VM Periodic Task Thread"        [id=1756, stack(0x00000043c0b00000,0x00000043c0c00000) (1024K)]
  0x000002110d8b1090 WorkerThread "GC Thread#0"                     [id=3084, stack(0x00000043c0600000,0x00000043c0700000) (1024K)]
  0x0000021127c4d0b0 WorkerThread "GC Thread#1"                     [id=11828, stack(0x00000043c1800000,0x00000043c1900000) (1024K)]
  0x0000021127a16460 WorkerThread "GC Thread#2"                     [id=8428, stack(0x00000043c1900000,0x00000043c1a00000) (1024K)]
  0x000002112c2548c0 WorkerThread "GC Thread#3"                     [id=8924, stack(0x00000043c1a00000,0x00000043c1b00000) (1024K)]
  0x000002112c3ee510 WorkerThread "GC Thread#4"                     [id=3032, stack(0x00000043c1b00000,0x00000043c1c00000) (1024K)]
  0x000002110d7ae3b0 ConcurrentGCThread "G1 Main Marker"            [id=4656, stack(0x00000043c0700000,0x00000043c0800000) (1024K)]
  0x000002110d8c2740 WorkerThread "G1 Conc#0"                       [id=3236, stack(0x00000043c0800000,0x00000043c0900000) (1024K)]
  0x000002110d91e400 ConcurrentGCThread "G1 Refine#0"               [id=7856, stack(0x00000043c0900000,0x00000043c0a00000) (1024K)]
  0x0000021126d454f0 ConcurrentGCThread "G1 Service"                [id=11156, stack(0x00000043c0a00000,0x00000043c0b00000) (1024K)]
Total: 11

Threads with active compile tasks:
C1 CompilerThread0     1585 2336       3       java.lang.invoke.InvokerBytecodeGenerator::<init> (80 bytes)
Total: 1

VM state: not at safepoint (normal execution)

VM Mutex/Monitor currently owned by a thread:  ([mutex/lock_event])
[0x00007ff9acf1fec8] Metaspace_lock - owner thread: 0x00000211270bd7e0

Heap address: 0x0000000080000000, size: 2048 MB, Compressed Oops mode: 32-bit

CDS archive(s) not mapped
Compressed class space mapped at: 0x0000000100000000-0x0000000140000000, reserved size: 1073741824
Narrow klass base: 0x0000000000000000, Narrow klass shift: 3, Narrow klass range: 0x140000000

GC Precious Log:
 CardTable entry size: 512
 Card Set container configuration: InlinePtr #cards 5 size 8 Array Of Cards #cards 12 size 40 Howl #buckets 4 coarsen threshold 1843 Howl Bitmap #cards 512 size 80 coarsen threshold 460 Card regions per heap region 1 cards per card region 2048
 CPUs: 8 total, 8 available
 Memory: 8063M
 Large Page Support: Disabled
 NUMA Support: Disabled
 Compressed Oops: Enabled (32-bit)
 Heap Region Size: 1M
 Heap Min Capacity: 8M
 Heap Initial Capacity: 126M
 Heap Max Capacity: 2G
 Pre-touch: Disabled
 Parallel Workers: 8
 Concurrent Workers: 2
 Concurrent Refinement Workers: 8
 Periodic GC: Disabled

Heap:
 garbage-first heap   total 129024K, used 75296K [0x0000000080000000, 0x0000000100000000)
  region size 1024K, 64 young (65536K), 2 survivors (2048K)
 Metaspace       used 20841K, committed 21120K, reserved 1114112K
  class space    used 2407K, committed 2560K, reserved 1048576K

Heap Regions: E=young(eden), S=young(survivor), O=old, HS=humongous(starts), HC=humongous(continues), CS=collection set, F=free, TAMS=top-at-mark-start, PB=parsable bottom
|   0|0x0000000080000000, 0x0000000080100000, 0x0000000080100000|100%|HS|  |TAMS 0x0000000080000000| PB 0x0000000080000000| Complete 
|   1|0x0000000080100000, 0x0000000080200000, 0x0000000080200000|100%|HC|  |TAMS 0x0000000080100000| PB 0x0000000080100000| Complete 
|   2|0x0000000080200000, 0x0000000080300000, 0x0000000080300000|100%|HC|  |TAMS 0x0000000080200000| PB 0x0000000080200000| Complete 
|   3|0x0000000080300000, 0x0000000080400000, 0x0000000080400000|100%|HC|  |TAMS 0x0000000080300000| PB 0x0000000080300000| Complete 
|   4|0x0000000080400000, 0x0000000080500000, 0x0000000080500000|100%| O|  |TAMS 0x0000000080400000| PB 0x0000000080400000| Untracked 
|   5|0x0000000080500000, 0x0000000080600000, 0x0000000080600000|100%| O|  |TAMS 0x0000000080500000| PB 0x0000000080500000| Untracked 
|   6|0x0000000080600000, 0x0000000080700000, 0x0000000080700000|100%| O|  |TAMS 0x0000000080600000| PB 0x0000000080600000| Untracked 
|   7|0x0000000080700000, 0x0000000080800000, 0x0000000080800000|100%| O|  |TAMS 0x0000000080700000| PB 0x0000000080700000| Untracked 
|   8|0x0000000080800000, 0x0000000080900000, 0x0000000080900000|100%| O|  |TAMS 0x0000000080800000| PB 0x0000000080800000| Untracked 
|   9|0x0000000080900000, 0x00000000809ff868, 0x0000000080a00000| 99%| O|  |TAMS 0x0000000080900000| PB 0x0000000080900000| Untracked 
|  10|0x0000000080a00000, 0x0000000080b00000, 0x0000000080b00000|100%|HS|  |TAMS 0x0000000080a00000| PB 0x0000000080a00000| Complete 
|  11|0x0000000080b00000, 0x0000000080c00000, 0x0000000080c00000|100%|HS|  |TAMS 0x0000000080b00000| PB 0x0000000080b00000| Complete 
|  12|0x0000000080c00000, 0x0000000080c00000, 0x0000000080d00000|  0%| F|  |TAMS 0x0000000080c00000| PB 0x0000000080c00000| Untracked 
|  13|0x0000000080d00000, 0x0000000080d00000, 0x0000000080e00000|  0%| F|  |TAMS 0x0000000080d00000| PB 0x0000000080d00000| Untracked 
|  14|0x0000000080e00000, 0x0000000080e00000, 0x0000000080f00000|  0%| F|  |TAMS 0x0000000080e00000| PB 0x0000000080e00000| Untracked 
|  15|0x0000000080f00000, 0x0000000080f00000, 0x0000000081000000|  0%| F|  |TAMS 0x0000000080f00000| PB 0x0000000080f00000| Untracked 
|  16|0x0000000081000000, 0x0000000081000000, 0x0000000081100000|  0%| F|  |TAMS 0x0000000081000000| PB 0x0000000081000000| Untracked 
|  17|0x0000000081100000, 0x0000000081100000, 0x0000000081200000|  0%| F|  |TAMS 0x0000000081100000| PB 0x0000000081100000| Untracked 
|  18|0x0000000081200000, 0x0000000081200000, 0x0000000081300000|  0%| F|  |TAMS 0x0000000081200000| PB 0x0000000081200000| Untracked 
|  19|0x0000000081300000, 0x0000000081300000, 0x0000000081400000|  0%| F|  |TAMS 0x0000000081300000| PB 0x0000000081300000| Untracked 
|  20|0x0000000081400000, 0x0000000081400000, 0x0000000081500000|  0%| F|  |TAMS 0x0000000081400000| PB 0x0000000081400000| Untracked 
|  21|0x0000000081500000, 0x0000000081500000, 0x0000000081600000|  0%| F|  |TAMS 0x0000000081500000| PB 0x0000000081500000| Untracked 
|  22|0x0000000081600000, 0x0000000081600000, 0x0000000081700000|  0%| F|  |TAMS 0x0000000081600000| PB 0x0000000081600000| Untracked 
|  23|0x0000000081700000, 0x0000000081700000, 0x0000000081800000|  0%| F|  |TAMS 0x0000000081700000| PB 0x0000000081700000| Untracked 
|  24|0x0000000081800000, 0x0000000081800000, 0x0000000081900000|  0%| F|  |TAMS 0x0000000081800000| PB 0x0000000081800000| Untracked 
|  25|0x0000000081900000, 0x0000000081900000, 0x0000000081a00000|  0%| F|  |TAMS 0x0000000081900000| PB 0x0000000081900000| Untracked 
|  26|0x0000000081a00000, 0x0000000081a00000, 0x0000000081b00000|  0%| F|  |TAMS 0x0000000081a00000| PB 0x0000000081a00000| Untracked 
|  27|0x0000000081b00000, 0x0000000081b00000, 0x0000000081c00000|  0%| F|  |TAMS 0x0000000081b00000| PB 0x0000000081b00000| Untracked 
|  28|0x0000000081c00000, 0x0000000081c00000, 0x0000000081d00000|  0%| F|  |TAMS 0x0000000081c00000| PB 0x0000000081c00000| Untracked 
|  29|0x0000000081d00000, 0x0000000081d00000, 0x0000000081e00000|  0%| F|  |TAMS 0x0000000081d00000| PB 0x0000000081d00000| Untracked 
|  30|0x0000000081e00000, 0x0000000081e00000, 0x0000000081f00000|  0%| F|  |TAMS 0x0000000081e00000| PB 0x0000000081e00000| Untracked 
|  31|0x0000000081f00000, 0x0000000081f00000, 0x0000000082000000|  0%| F|  |TAMS 0x0000000081f00000| PB 0x0000000081f00000| Untracked 
|  32|0x0000000082000000, 0x0000000082000000, 0x0000000082100000|  0%| F|  |TAMS 0x0000000082000000| PB 0x0000000082000000| Untracked 
|  33|0x0000000082100000, 0x0000000082100000, 0x0000000082200000|  0%| F|  |TAMS 0x0000000082100000| PB 0x0000000082100000| Untracked 
|  34|0x0000000082200000, 0x0000000082200000, 0x0000000082300000|  0%| F|  |TAMS 0x0000000082200000| PB 0x0000000082200000| Untracked 
|  35|0x0000000082300000, 0x0000000082300000, 0x0000000082400000|  0%| F|  |TAMS 0x0000000082300000| PB 0x0000000082300000| Untracked 
|  36|0x0000000082400000, 0x0000000082400000, 0x0000000082500000|  0%| F|  |TAMS 0x0000000082400000| PB 0x0000000082400000| Untracked 
|  37|0x0000000082500000, 0x0000000082500000, 0x0000000082600000|  0%| F|  |TAMS 0x0000000082500000| PB 0x0000000082500000| Untracked 
|  38|0x0000000082600000, 0x0000000082600000, 0x0000000082700000|  0%| F|  |TAMS 0x0000000082600000| PB 0x0000000082600000| Untracked 
|  39|0x0000000082700000, 0x0000000082700000, 0x0000000082800000|  0%| F|  |TAMS 0x0000000082700000| PB 0x0000000082700000| Untracked 
|  40|0x0000000082800000, 0x0000000082800000, 0x0000000082900000|  0%| F|  |TAMS 0x0000000082800000| PB 0x0000000082800000| Untracked 
|  41|0x0000000082900000, 0x0000000082900000, 0x0000000082a00000|  0%| F|  |TAMS 0x0000000082900000| PB 0x0000000082900000| Untracked 
|  42|0x0000000082a00000, 0x0000000082a00000, 0x0000000082b00000|  0%| F|  |TAMS 0x0000000082a00000| PB 0x0000000082a00000| Untracked 
|  43|0x0000000082b00000, 0x0000000082b00000, 0x0000000082c00000|  0%| F|  |TAMS 0x0000000082b00000| PB 0x0000000082b00000| Untracked 
|  44|0x0000000082c00000, 0x0000000082c00000, 0x0000000082d00000|  0%| F|  |TAMS 0x0000000082c00000| PB 0x0000000082c00000| Untracked 
|  45|0x0000000082d00000, 0x0000000082d00000, 0x0000000082e00000|  0%| F|  |TAMS 0x0000000082d00000| PB 0x0000000082d00000| Untracked 
|  46|0x0000000082e00000, 0x0000000082e00000, 0x0000000082f00000|  0%| F|  |TAMS 0x0000000082e00000| PB 0x0000000082e00000| Untracked 
|  47|0x0000000082f00000, 0x0000000082f00000, 0x0000000083000000|  0%| F|  |TAMS 0x0000000082f00000| PB 0x0000000082f00000| Untracked 
|  48|0x0000000083000000, 0x0000000083000000, 0x0000000083100000|  0%| F|  |TAMS 0x0000000083000000| PB 0x0000000083000000| Untracked 
|  49|0x0000000083100000, 0x0000000083100000, 0x0000000083200000|  0%| F|  |TAMS 0x0000000083100000| PB 0x0000000083100000| Untracked 
|  50|0x0000000083200000, 0x0000000083200000, 0x0000000083300000|  0%| F|  |TAMS 0x0000000083200000| PB 0x0000000083200000| Untracked 
|  51|0x0000000083300000, 0x0000000083300000, 0x0000000083400000|  0%| F|  |TAMS 0x0000000083300000| PB 0x0000000083300000| Untracked 
|  52|0x0000000083400000, 0x0000000083400000, 0x0000000083500000|  0%| F|  |TAMS 0x0000000083400000| PB 0x0000000083400000| Untracked 
|  53|0x0000000083500000, 0x0000000083500000, 0x0000000083600000|  0%| F|  |TAMS 0x0000000083500000| PB 0x0000000083500000| Untracked 
|  54|0x0000000083600000, 0x0000000083600000, 0x0000000083700000|  0%| F|  |TAMS 0x0000000083600000| PB 0x0000000083600000| Untracked 
|  55|0x0000000083700000, 0x0000000083700000, 0x0000000083800000|  0%| F|  |TAMS 0x0000000083700000| PB 0x0000000083700000| Untracked 
|  56|0x0000000083800000, 0x0000000083800000, 0x0000000083900000|  0%| F|  |TAMS 0x0000000083800000| PB 0x0000000083800000| Untracked 
|  57|0x0000000083900000, 0x0000000083900000, 0x0000000083a00000|  0%| F|  |TAMS 0x0000000083900000| PB 0x0000000083900000| Untracked 
|  58|0x0000000083a00000, 0x0000000083a00000, 0x0000000083b00000|  0%| F|  |TAMS 0x0000000083a00000| PB 0x0000000083a00000| Untracked 
|  59|0x0000000083b00000, 0x0000000083b00000, 0x0000000083c00000|  0%| F|  |TAMS 0x0000000083b00000| PB 0x0000000083b00000| Untracked 
|  60|0x0000000083c00000, 0x0000000083c00000, 0x0000000083d00000|  0%| F|  |TAMS 0x0000000083c00000| PB 0x0000000083c00000| Untracked 
|  61|0x0000000083d00000, 0x0000000083d00000, 0x0000000083e00000|  0%| F|  |TAMS 0x0000000083d00000| PB 0x0000000083d00000| Untracked 
|  62|0x0000000083e00000, 0x0000000083ef9bf8, 0x0000000083f00000| 97%| E|  |TAMS 0x0000000083e00000| PB 0x0000000083e00000| Complete 
|  63|0x0000000083f00000, 0x0000000084000000, 0x0000000084000000|100%| E|CS|TAMS 0x0000000083f00000| PB 0x0000000083f00000| Complete 
|  64|0x0000000084000000, 0x0000000084100000, 0x0000000084100000|100%| E|CS|TAMS 0x0000000084000000| PB 0x0000000084000000| Complete 
|  65|0x0000000084100000, 0x0000000084200000, 0x0000000084200000|100%| E|CS|TAMS 0x0000000084100000| PB 0x0000000084100000| Complete 
|  66|0x0000000084200000, 0x0000000084300000, 0x0000000084300000|100%| E|CS|TAMS 0x0000000084200000| PB 0x0000000084200000| Complete 
|  67|0x0000000084300000, 0x0000000084400000, 0x0000000084400000|100%| E|CS|TAMS 0x0000000084300000| PB 0x0000000084300000| Complete 
|  68|0x0000000084400000, 0x0000000084500000, 0x0000000084500000|100%| E|CS|TAMS 0x0000000084400000| PB 0x0000000084400000| Complete 
|  69|0x0000000084500000, 0x0000000084600000, 0x0000000084600000|100%| E|  |TAMS 0x0000000084500000| PB 0x0000000084500000| Complete 
|  70|0x0000000084600000, 0x0000000084700000, 0x0000000084700000|100%| E|CS|TAMS 0x0000000084600000| PB 0x0000000084600000| Complete 
|  71|0x0000000084700000, 0x0000000084800000, 0x0000000084800000|100%| E|CS|TAMS 0x0000000084700000| PB 0x0000000084700000| Complete 
|  72|0x0000000084800000, 0x0000000084900000, 0x0000000084900000|100%| E|CS|TAMS 0x0000000084800000| PB 0x0000000084800000| Complete 
|  73|0x0000000084900000, 0x0000000084a00000, 0x0000000084a00000|100%| E|CS|TAMS 0x0000000084900000| PB 0x0000000084900000| Complete 
|  74|0x0000000084a00000, 0x0000000084b00000, 0x0000000084b00000|100%| E|CS|TAMS 0x0000000084a00000| PB 0x0000000084a00000| Complete 
|  75|0x0000000084b00000, 0x0000000084c00000, 0x0000000084c00000|100%| E|CS|TAMS 0x0000000084b00000| PB 0x0000000084b00000| Complete 
|  76|0x0000000084c00000, 0x0000000084d00000, 0x0000000084d00000|100%| E|CS|TAMS 0x0000000084c00000| PB 0x0000000084c00000| Complete 
|  77|0x0000000084d00000, 0x0000000084e00000, 0x0000000084e00000|100%| E|CS|TAMS 0x0000000084d00000| PB 0x0000000084d00000| Complete 
|  78|0x0000000084e00000, 0x0000000084f00000, 0x0000000084f00000|100%| E|CS|TAMS 0x0000000084e00000| PB 0x0000000084e00000| Complete 
|  79|0x0000000084f00000, 0x0000000085000000, 0x0000000085000000|100%| E|CS|TAMS 0x0000000084f00000| PB 0x0000000084f00000| Complete 
|  80|0x0000000085000000, 0x0000000085100000, 0x0000000085100000|100%| E|CS|TAMS 0x0000000085000000| PB 0x0000000085000000| Complete 
|  81|0x0000000085100000, 0x0000000085200000, 0x0000000085200000|100%| E|CS|TAMS 0x0000000085100000| PB 0x0000000085100000| Complete 
|  82|0x0000000085200000, 0x0000000085300000, 0x0000000085300000|100%| E|CS|TAMS 0x0000000085200000| PB 0x0000000085200000| Complete 
|  83|0x0000000085300000, 0x0000000085400000, 0x0000000085400000|100%| E|CS|TAMS 0x0000000085300000| PB 0x0000000085300000| Complete 
|  84|0x0000000085400000, 0x0000000085500000, 0x0000000085500000|100%| E|CS|TAMS 0x0000000085400000| PB 0x0000000085400000| Complete 
|  85|0x0000000085500000, 0x0000000085600000, 0x0000000085600000|100%| E|CS|TAMS 0x0000000085500000| PB 0x0000000085500000| Complete 
|  86|0x0000000085600000, 0x0000000085700000, 0x0000000085700000|100%| E|CS|TAMS 0x0000000085600000| PB 0x0000000085600000| Complete 
|  87|0x0000000085700000, 0x0000000085800000, 0x0000000085800000|100%| E|CS|TAMS 0x0000000085700000| PB 0x0000000085700000| Complete 
|  88|0x0000000085800000, 0x0000000085900000, 0x0000000085900000|100%| E|CS|TAMS 0x0000000085800000| PB 0x0000000085800000| Complete 
|  89|0x0000000085900000, 0x0000000085a00000, 0x0000000085a00000|100%| E|CS|TAMS 0x0000000085900000| PB 0x0000000085900000| Complete 
|  90|0x0000000085a00000, 0x0000000085b00000, 0x0000000085b00000|100%| E|CS|TAMS 0x0000000085a00000| PB 0x0000000085a00000| Complete 
|  91|0x0000000085b00000, 0x0000000085b887d0, 0x0000000085c00000| 53%| S|CS|TAMS 0x0000000085b00000| PB 0x0000000085b00000| Complete 
|  92|0x0000000085c00000, 0x0000000085d00000, 0x0000000085d00000|100%| S|CS|TAMS 0x0000000085c00000| PB 0x0000000085c00000| Complete 
|  93|0x0000000085d00000, 0x0000000085e00000, 0x0000000085e00000|100%| E|CS|TAMS 0x0000000085d00000| PB 0x0000000085d00000| Complete 
|  94|0x0000000085e00000, 0x0000000085f00000, 0x0000000085f00000|100%| E|CS|TAMS 0x0000000085e00000| PB 0x0000000085e00000| Complete 
|  95|0x0000000085f00000, 0x0000000086000000, 0x0000000086000000|100%| E|CS|TAMS 0x0000000085f00000| PB 0x0000000085f00000| Complete 
|  96|0x0000000086000000, 0x0000000086100000, 0x0000000086100000|100%| E|CS|TAMS 0x0000000086000000| PB 0x0000000086000000| Complete 
|  97|0x0000000086100000, 0x0000000086200000, 0x0000000086200000|100%| E|CS|TAMS 0x0000000086100000| PB 0x0000000086100000| Complete 
|  98|0x0000000086200000, 0x0000000086300000, 0x0000000086300000|100%| E|CS|TAMS 0x0000000086200000| PB 0x0000000086200000| Complete 
|  99|0x0000000086300000, 0x0000000086400000, 0x0000000086400000|100%| E|CS|TAMS 0x0000000086300000| PB 0x0000000086300000| Complete 
| 100|0x0000000086400000, 0x0000000086500000, 0x0000000086500000|100%| E|CS|TAMS 0x0000000086400000| PB 0x0000000086400000| Complete 
| 101|0x0000000086500000, 0x0000000086600000, 0x0000000086600000|100%| E|CS|TAMS 0x0000000086500000| PB 0x0000000086500000| Complete 
| 102|0x0000000086600000, 0x0000000086700000, 0x0000000086700000|100%| E|CS|TAMS 0x0000000086600000| PB 0x0000000086600000| Complete 
| 103|0x0000000086700000, 0x0000000086800000, 0x0000000086800000|100%| E|CS|TAMS 0x0000000086700000| PB 0x0000000086700000| Complete 
| 104|0x0000000086800000, 0x0000000086900000, 0x0000000086900000|100%| E|CS|TAMS 0x0000000086800000| PB 0x0000000086800000| Complete 
| 105|0x0000000086900000, 0x0000000086a00000, 0x0000000086a00000|100%| E|CS|TAMS 0x0000000086900000| PB 0x0000000086900000| Complete 
| 106|0x0000000086a00000, 0x0000000086b00000, 0x0000000086b00000|100%| E|CS|TAMS 0x0000000086a00000| PB 0x0000000086a00000| Complete 
| 107|0x0000000086b00000, 0x0000000086c00000, 0x0000000086c00000|100%| E|CS|TAMS 0x0000000086b00000| PB 0x0000000086b00000| Complete 
| 108|0x0000000086c00000, 0x0000000086d00000, 0x0000000086d00000|100%| E|CS|TAMS 0x0000000086c00000| PB 0x0000000086c00000| Complete 
| 109|0x0000000086d00000, 0x0000000086e00000, 0x0000000086e00000|100%| E|CS|TAMS 0x0000000086d00000| PB 0x0000000086d00000| Complete 
| 110|0x0000000086e00000, 0x0000000086f00000, 0x0000000086f00000|100%| E|CS|TAMS 0x0000000086e00000| PB 0x0000000086e00000| Complete 
| 111|0x0000000086f00000, 0x0000000087000000, 0x0000000087000000|100%| E|CS|TAMS 0x0000000086f00000| PB 0x0000000086f00000| Complete 
| 112|0x0000000087000000, 0x0000000087100000, 0x0000000087100000|100%| E|CS|TAMS 0x0000000087000000| PB 0x0000000087000000| Complete 
| 113|0x0000000087100000, 0x0000000087200000, 0x0000000087200000|100%| E|CS|TAMS 0x0000000087100000| PB 0x0000000087100000| Complete 
| 114|0x0000000087200000, 0x0000000087300000, 0x0000000087300000|100%| E|CS|TAMS 0x0000000087200000| PB 0x0000000087200000| Complete 
| 115|0x0000000087300000, 0x0000000087400000, 0x0000000087400000|100%| E|CS|TAMS 0x0000000087300000| PB 0x0000000087300000| Complete 
| 116|0x0000000087400000, 0x0000000087500000, 0x0000000087500000|100%| E|CS|TAMS 0x0000000087400000| PB 0x0000000087400000| Complete 
| 117|0x0000000087500000, 0x0000000087600000, 0x0000000087600000|100%| E|CS|TAMS 0x0000000087500000| PB 0x0000000087500000| Complete 
| 118|0x0000000087600000, 0x0000000087700000, 0x0000000087700000|100%| E|CS|TAMS 0x0000000087600000| PB 0x0000000087600000| Complete 
| 119|0x0000000087700000, 0x0000000087800000, 0x0000000087800000|100%| E|CS|TAMS 0x0000000087700000| PB 0x0000000087700000| Complete 
| 120|0x0000000087800000, 0x0000000087900000, 0x0000000087900000|100%| E|CS|TAMS 0x0000000087800000| PB 0x0000000087800000| Complete 
| 121|0x0000000087900000, 0x0000000087a00000, 0x0000000087a00000|100%| E|CS|TAMS 0x0000000087900000| PB 0x0000000087900000| Complete 
| 122|0x0000000087a00000, 0x0000000087b00000, 0x0000000087b00000|100%| E|CS|TAMS 0x0000000087a00000| PB 0x0000000087a00000| Complete 
| 123|0x0000000087b00000, 0x0000000087c00000, 0x0000000087c00000|100%| E|CS|TAMS 0x0000000087b00000| PB 0x0000000087b00000| Complete 
| 124|0x0000000087c00000, 0x0000000087d00000, 0x0000000087d00000|100%| E|CS|TAMS 0x0000000087c00000| PB 0x0000000087c00000| Complete 
| 125|0x0000000087d00000, 0x0000000087e00000, 0x0000000087e00000|100%| E|CS|TAMS 0x0000000087d00000| PB 0x0000000087d00000| Complete 

Card table byte_map: [0x0000021121ff0000,0x00000211223f0000] _byte_map_base: 0x0000021121bf0000

Marking Bits: (CMBitMap*) 0x000002110d8b1790
 Bits: [0x00000211223f0000, 0x00000211243f0000)

Polling page: 0x000002110d920000

Metaspace:

Usage:
  Non-class:     18.00 MB used.
      Class:      2.35 MB used.
       Both:     20.35 MB used.

Virtual space:
  Non-class space:       64.00 MB reserved,      18.12 MB ( 28%) committed,  1 nodes.
      Class space:        1.00 GB reserved,       2.50 MB ( <1%) committed,  1 nodes.
             Both:        1.06 GB reserved,      20.62 MB (  2%) committed. 

Chunk freelists:
   Non-Class:  13.82 MB
       Class:  13.46 MB
        Both:  27.28 MB

MaxMetaspaceSize: unlimited
CompressedClassSpaceSize: 1.00 GB
Initial GC threshold: 21.00 MB
Current GC threshold: 21.00 MB
CDS: off
 - commit_granule_bytes: 65536.
 - commit_granule_words: 8192.
 - virtual_space_node_default_size: 8388608.
 - enlarge_chunks_in_place: 1.
 - use_allocation_guard: 0.


Internal statistics:

num_allocs_failed_limit: 0.
num_arena_births: 328.
num_arena_deaths: 0.
num_vsnodes_births: 2.
num_vsnodes_deaths: 0.
num_space_committed: 330.
num_space_uncommitted: 0.
num_chunks_returned_to_freelist: 0.
num_chunks_taken_from_freelist: 692.
num_chunk_merges: 0.
num_chunk_splits: 426.
num_chunks_enlarged: 292.
num_inconsistent_stats: 0.

CodeHeap 'non-profiled nmethods': size=120000Kb used=1108Kb max_used=1108Kb free=118891Kb
 bounds [0x0000021119c60000, 0x0000021119ed0000, 0x0000021121190000]
CodeHeap 'profiled nmethods': size=120000Kb used=4616Kb max_used=4616Kb free=115383Kb
 bounds [0x0000021112190000, 0x0000021112620000, 0x00000211196c0000]
CodeHeap 'non-nmethods': size=5760Kb used=1421Kb max_used=1441Kb free=4338Kb
 bounds [0x00000211196c0000, 0x0000021119930000, 0x0000021119c60000]
 total_blobs=2869 nmethods=2335 adapters=439
 compilation: enabled
              stopped_count=0, restarted_count=0
 full_count=0

Compilation events (20 events):
Event: 1.560 Thread 0x00000211270bd7e0 2323   !   3       java.lang.reflect.Proxy::newProxyInstance (75 bytes)
Event: 1.560 Thread 0x00000211270bd7e0 nmethod 2323 0x000002111260af90 code [0x000002111260b200, 0x000002111260bd68]
Event: 1.560 Thread 0x00000211270bd7e0 2327       3       java.lang.Module::implIsExportedOrOpen (92 bytes)
Event: 1.560 Thread 0x00000211270bd7e0 nmethod 2327 0x000002111260c210 code [0x000002111260c440, 0x000002111260cb40]
Event: 1.560 Thread 0x00000211270bd7e0 2328       3       java.io.WinNTFileSystem::normalize (143 bytes)
Event: 1.561 Thread 0x00000211270bd7e0 nmethod 2328 0x000002111260cd10 code [0x000002111260cfa0, 0x000002111260da40]
Event: 1.561 Thread 0x00000211270bd7e0 2330       3       java.lang.invoke.DirectMethodHandle$Holder::invokeStatic (20 bytes)
Event: 1.561 Thread 0x00000211270bd7e0 nmethod 2330 0x000002111260de90 code [0x000002111260e060, 0x000002111260e560]
Event: 1.562 Thread 0x00000211270bd7e0 2329       3       java.lang.invoke.BoundMethodHandle::makeReinvoker (27 bytes)
Event: 1.562 Thread 0x00000211270bd7e0 nmethod 2329 0x000002111260e690 code [0x000002111260e860, 0x000002111260eb30]
Event: 1.562 Thread 0x00000211270bd7e0 2331       3       java.lang.reflect.Executable::isVarArgs (17 bytes)
Event: 1.562 Thread 0x00000211270bd7e0 nmethod 2331 0x000002111260ec90 code [0x000002111260ee40, 0x000002111260f058]
Event: 1.562 Thread 0x00000211270bd7e0 2332   !   3       java.lang.invoke.BoundMethodHandle$Species_L::copyWithExtendL (31 bytes)
Event: 1.562 Thread 0x00000211270bd7e0 nmethod 2332 0x000002111260f110 code [0x000002111260f360, 0x000002111260fe00]
Event: 1.563 Thread 0x00000211270bd7e0 2333       3       java.lang.invoke.LambdaFormBuffer::clearDuplicatesAndNulls (268 bytes)
Event: 1.564 Thread 0x00000211270bd7e0 nmethod 2333 0x0000021112610110 code [0x00000211126103c0, 0x0000021112611330]
Event: 1.564 Thread 0x00000211270bd7e0 2334       3       java.lang.invoke.LambdaForm::methodType (48 bytes)
Event: 1.564 Thread 0x00000211270bcd40 2335       4       java.util.Arrays::copyOf (40 bytes)
Event: 1.564 Thread 0x00000211270bd7e0 nmethod 2334 0x0000021112611890 code [0x0000021112611a80, 0x0000021112612040]
Event: 1.564 Thread 0x00000211270bd7e0 2336       3       java.lang.invoke.InvokerBytecodeGenerator::<init> (80 bytes)

GC Heap History (4 events):
Event: 0.372 GC heap before
{Heap before GC invocations=0 (full 0):
 garbage-first heap   total 129024K, used 26624K [0x0000000080000000, 0x0000000100000000)
  region size 1024K, 23 young (23552K), 0 survivors (0K)
 Metaspace       used 7955K, committed 8064K, reserved 1114112K
  class space    used 715K, committed 768K, reserved 1048576K
}
Event: 0.377 GC heap after
{Heap after GC invocations=1 (full 0):
 garbage-first heap   total 129024K, used 10282K [0x0000000080000000, 0x0000000100000000)
  region size 1024K, 3 young (3072K), 3 survivors (3072K)
 Metaspace       used 7955K, committed 8064K, reserved 1114112K
  class space    used 715K, committed 768K, reserved 1048576K
}
Event: 0.748 GC heap before
{Heap before GC invocations=1 (full 0):
 garbage-first heap   total 129024K, used 39978K [0x0000000080000000, 0x0000000100000000)
  region size 1024K, 33 young (33792K), 3 survivors (3072K)
 Metaspace       used 11936K, committed 12224K, reserved 1114112K
  class space    used 1265K, committed 1408K, reserved 1048576K
}
Event: 0.752 GC heap after
{Heap after GC invocations=2 (full 0):
 garbage-first heap   total 129024K, used 11808K [0x0000000080000000, 0x0000000100000000)
  region size 1024K, 2 young (2048K), 2 survivors (2048K)
 Metaspace       used 11936K, committed 12224K, reserved 1114112K
  class space    used 1265K, committed 1408K, reserved 1048576K
}

Dll operation events (3 events):
Event: 0.009 Loaded shared library D:\Apps\Android Studio\jbr\bin\java.dll
Event: 0.015 Loaded shared library D:\Apps\Android Studio\jbr\bin\zip.dll
Event: 0.368 Loaded shared library D:\Apps\Android Studio\jbr\bin\verify.dll

Deoptimization events (20 events):
Event: 1.509 Thread 0x000002112d433840 Uncommon trap: trap_request=0xffffff45 fr.pc=0x0000021119cf5570 relative=0x0000000000000a70
Event: 1.509 Thread 0x000002112d433840 Uncommon trap: reason=unstable_if action=reinterpret pc=0x0000021119cf5570 method=java.util.regex.Matcher.reset()Ljava/util/regex/Matcher; @ 47 c2
Event: 1.509 Thread 0x000002112d433840 DEOPT PACKING pc=0x0000021119cf5570 sp=0x00000043c20fda90
Event: 1.509 Thread 0x000002112d433840 DEOPT UNPACKING pc=0x00000211197146a2 sp=0x00000043c20fd9d8 mode 2
Event: 1.509 Thread 0x000002112d433840 Uncommon trap: trap_request=0xffffff45 fr.pc=0x0000021119c81f54 relative=0x00000000000006b4
Event: 1.509 Thread 0x000002112d433840 Uncommon trap: reason=unstable_if action=reinterpret pc=0x0000021119c81f54 method=java.util.regex.Matcher.match(II)Z @ 76 c2
Event: 1.509 Thread 0x000002112d433840 DEOPT PACKING pc=0x0000021119c81f54 sp=0x00000043c20fdaa0
Event: 1.509 Thread 0x000002112d433840 DEOPT UNPACKING pc=0x00000211197146a2 sp=0x00000043c20fda60 mode 2
Event: 1.509 Thread 0x000002112d433840 Uncommon trap: trap_request=0xffffffde fr.pc=0x0000021119d2bd9c relative=0x000000000000033c
Event: 1.509 Thread 0x000002112d433840 Uncommon trap: reason=class_check action=maybe_recompile pc=0x0000021119d2bd9c method=java.util.regex.Pattern$BmpCharPropertyGreedy.match(Ljava/util/regex/Matcher;ILjava/lang/CharSequence;)Z @ 26 c2
Event: 1.509 Thread 0x000002112d433840 DEOPT PACKING pc=0x0000021119d2bd9c sp=0x00000043c20fd910
Event: 1.509 Thread 0x000002112d433840 DEOPT UNPACKING pc=0x00000211197146a2 sp=0x00000043c20fd8c8 mode 2
Event: 1.509 Thread 0x000002112d433840 Uncommon trap: trap_request=0xffffffde fr.pc=0x0000021119d2bd9c relative=0x000000000000033c
Event: 1.509 Thread 0x000002112d433840 Uncommon trap: reason=class_check action=maybe_recompile pc=0x0000021119d2bd9c method=java.util.regex.Pattern$BmpCharPropertyGreedy.match(Ljava/util/regex/Matcher;ILjava/lang/CharSequence;)Z @ 26 c2
Event: 1.509 Thread 0x000002112d433840 DEOPT PACKING pc=0x0000021119d2bd9c sp=0x00000043c20fd600
Event: 1.509 Thread 0x000002112d433840 DEOPT UNPACKING pc=0x00000211197146a2 sp=0x00000043c20fd598 mode 2
Event: 1.518 Thread 0x000002112d433840 Uncommon trap: trap_request=0xffffff45 fr.pc=0x0000021119c806c8 relative=0x0000000000000408
Event: 1.518 Thread 0x000002112d433840 Uncommon trap: reason=unstable_if action=reinterpret pc=0x0000021119c806c8 method=java.lang.StringUTF16.compress([CII)[B @ 13 c2
Event: 1.518 Thread 0x000002112d433840 DEOPT PACKING pc=0x0000021119c806c8 sp=0x00000043c20fe970
Event: 1.518 Thread 0x000002112d433840 DEOPT UNPACKING pc=0x00000211197146a2 sp=0x00000043c20fe8b0 mode 2

Classes loaded (20 events):
Event: 1.527 Loading class java/util/Collections$UnmodifiableMap$UnmodifiableEntrySet
Event: 1.527 Loading class java/util/Collections$UnmodifiableMap$UnmodifiableEntrySet done
Event: 1.527 Loading class java/util/Collections$UnmodifiableMap$UnmodifiableEntrySet$1
Event: 1.528 Loading class java/util/Collections$UnmodifiableMap$UnmodifiableEntrySet$1 done
Event: 1.528 Loading class java/util/Collections$UnmodifiableMap$UnmodifiableEntrySet$UnmodifiableEntry
Event: 1.528 Loading class java/util/Collections$UnmodifiableMap$UnmodifiableEntrySet$UnmodifiableEntry done
Event: 1.529 Loading class jdk/internal/reflect/MethodHandleObjectFieldAccessorImpl
Event: 1.530 Loading class jdk/internal/reflect/MethodHandleFieldAccessorImpl
Event: 1.530 Loading class jdk/internal/reflect/MethodHandleFieldAccessorImpl done
Event: 1.530 Loading class jdk/internal/reflect/MethodHandleObjectFieldAccessorImpl done
Event: 1.532 Loading class java/util/concurrent/CountDownLatch$Sync
Event: 1.532 Loading class java/util/concurrent/CountDownLatch$Sync done
Event: 1.533 Loading class jdk/internal/event/ThreadSleepEvent
Event: 1.533 Loading class jdk/internal/event/ThreadSleepEvent done
Event: 1.534 Loading class java/math/MathContext
Event: 1.534 Loading class java/math/MathContext done
Event: 1.534 Loading class java/math/BigDecimal
Event: 1.535 Loading class java/math/BigDecimal done
Event: 1.543 Loading class sun/reflect/generics/tree/VoidDescriptor
Event: 1.543 Loading class sun/reflect/generics/tree/VoidDescriptor done

Classes unloaded (0 events):
No events

Classes redefined (0 events):
No events

Internal exceptions (20 events):
Event: 0.627 Thread 0x000002110d85dc40 Exception <a 'java/lang/NoSuchMethodError'{0x000000008706cdc8}: 'void java.lang.invoke.DirectMethodHandle$Holder.invokeInterface(java.lang.Object, java.lang.Object, java.lang.Object)'> (0x000000008706cdc8) 
thrown [s\src\hotspot\share\interpreter\linkResolver.cpp, line 784]
Event: 0.976 Thread 0x000002110d85dc40 Exception <a 'java/lang/NoSuchMethodError'{0x0000000085d4f748}: 'void java.lang.invoke.DirectMethodHandle$Holder.invokeVirtual(java.lang.Object, java.lang.Object, java.lang.Object, java.lang.Object)'> (0x0000000085d4f748) 
thrown [s\src\hotspot\share\interpreter\linkResolver.cpp, line 784]
Event: 0.976 Thread 0x000002110d85dc40 Exception <a 'java/lang/NoSuchMethodError'{0x0000000085d53418}: 'void java.lang.invoke.DirectMethodHandle$Holder.invokeSpecial(java.lang.Object, java.lang.Object, java.lang.Object, java.lang.Object, java.lang.Object)'> (0x0000000085d53418) 
thrown [s\src\hotspot\share\interpreter\linkResolver.cpp, line 784]
Event: 1.081 Thread 0x000002110d85dc40 Exception <a 'java/lang/NoSuchMethodError'{0x00000000854af1a8}: 'int java.lang.invoke.DelegatingMethodHandle$Holder.reinvoke_L(java.lang.Object)'> (0x00000000854af1a8) 
thrown [s\src\hotspot\share\interpreter\linkResolver.cpp, line 784]
Event: 1.162 Thread 0x000002110d85dc40 Exception <a 'java/lang/NoSuchMethodError'{0x00000000851960f0}: 'java.lang.Object java.lang.invoke.DirectMethodHandle$Holder.invokeVirtual(java.lang.Object, java.lang.Object, java.lang.Object, java.lang.Object, java.lang.Object, java.lang.Object)'> (0x00000000851960f0) 
thrown [s\src\hotspot\share\interpreter\linkResolver.cpp, line 784]
Event: 1.193 Thread 0x000002110d85dc40 Exception <a 'java/lang/NoSuchMethodError'{0x00000000850ea9f0}: 'java.lang.Object java.lang.invoke.DirectMethodHandle$Holder.invokeInterface(java.lang.Object, java.lang.Object)'> (0x00000000850ea9f0) 
thrown [s\src\hotspot\share\interpreter\linkResolver.cpp, line 784]
Event: 1.198 Thread 0x000002110d85dc40 Exception <a 'java/lang/NoSuchMethodError'{0x0000000084f300c8}: 'java.lang.Object java.lang.invoke.DirectMethodHandle$Holder.invokeVirtual(java.lang.Object, java.lang.Object, java.lang.Object, java.lang.Object, java.lang.Object)'> (0x0000000084f300c8) 
thrown [s\src\hotspot\share\interpreter\linkResolver.cpp, line 784]
Event: 1.199 Thread 0x000002110d85dc40 Exception <a 'java/lang/NoSuchMethodError'{0x0000000084f43018}: 'java.lang.Object java.lang.invoke.Invokers$Holder.invokeExact_MT(java.lang.Object, java.lang.Object, java.lang.Object, java.lang.Object, java.lang.Object, java.lang.Object)'> (0x0000000084f43018) 
thrown [s\src\hotspot\share\interpreter\linkResolver.cpp, line 784]
Event: 1.215 Thread 0x000002110d85dc40 Exception <a 'java/lang/NoSuchMethodError'{0x0000000084fdb9a0}: 'java.lang.Object java.lang.invoke.DelegatingMethodHandle$Holder.reinvoke_L(java.lang.Object, java.lang.Object, java.lang.Object, java.lang.Object, java.lang.Object, java.lang.Object, java.lang.Object, java.lang.Object, java.lang.Object, java.lang.Object, java.lang.Object, java.lang.Object, java.lang.Object, java.lang.Object)'> (0x0000000084fdb9a0) 
thrown [s\src\hotspot\share\interpreter\linkResolver.cpp, line 784]
Event: 1.218 Thread 0x000002110d85dc40 Exception <a 'java/lang/NoSuchMethodError'{0x0000000084e28688}: 'java.lang.Object java.lang.invoke.DirectMethodHandle$Holder.invokeStatic(java.lang.Object, java.lang.Object, java.lang.Object, java.lang.Object, java.lang.Object, java.lang.Object, java.lang.Object, java.lang.Object, java.lang.Object, java.lang.Object, java.lang.Object, java.lang.Object, java.lang.Object)'> (0x0000000084e28688) 
thrown [s\src\hotspot\share\interpreter\linkResolver.cpp, line 784]
Event: 1.220 Thread 0x000002110d85dc40 Exception <a 'java/lang/NoSuchMethodError'{0x0000000084e47820}: 'java.lang.Object java.lang.invoke.DirectMethodHandle$Holder.invokeStatic(java.lang.Object, java.lang.Object, java.lang.Object, java.lang.Object, java.lang.Object, java.lang.Object, java.lang.Object, java.lang.Object, java.lang.Object, java.lang.Object, java.lang.Object, java.lang.Object, java.lang.Object, java.lang.Object)'> (0x0000000084e47820) 
thrown [s\src\hotspot\share\interpreter\linkResolver.cpp, line 784]
Event: 1.221 Thread 0x000002110d85dc40 Exception <a 'java/lang/NoSuchMethodError'{0x0000000084e67950}: 'java.lang.Object java.lang.invoke.DirectMethodHandle$Holder.invokeStatic(java.lang.Object, java.lang.Object, java.lang.Object, java.lang.Object, java.lang.Object, java.lang.Object, java.lang.Object, java.lang.Object, java.lang.Object, java.lang.Object, java.lang.Object, java.lang.Object, java.lang.Object, java.lang.Object, java.lang.Object)'> (0x0000000084e67950) 
thrown [s\src\hotspot\share\interpreter\linkResolver.cpp, line 784]
Event: 1.222 Thread 0x000002110d85dc40 Exception <a 'java/lang/NoSuchMethodError'{0x0000000084e8a7f0}: 'java.lang.Object java.lang.invoke.DirectMethodHandle$Holder.invokeStatic(java.lang.Object, java.lang.Object, java.lang.Object, java.lang.Object, java.lang.Object, java.lang.Object, java.lang.Object, java.lang.Object, java.lang.Object, java.lang.Object, java.lang.Object, java.lang.Object, java.lang.Object, java.lang.Object, java.lang.Object, java.lang.Object)'> (0x0000000084e8a7f0) 
thrown [s\src\hotspot\share\interpreter\linkResolver.cpp, lin
Event: 1.261 Thread 0x000002110d85dc40 Exception <a 'java/lang/NoSuchMethodError'{0x0000000084cc3908}: 'java.lang.Object java.lang.invoke.DirectMethodHandle$Holder.invokeVirtual(java.lang.Object, java.lang.Object, java.lang.Object, java.lang.Object, java.lang.Object, java.lang.Object, java.lang.Object)'> (0x0000000084cc3908) 
thrown [s\src\hotspot\share\interpreter\linkResolver.cpp, line 784]
Event: 1.271 Thread 0x000002110d85dc40 Exception <a 'java/lang/NoSuchMethodError'{0x0000000084b4d638}: 'java.lang.Object java.lang.invoke.DirectMethodHandle$Holder.invokeVirtual(java.lang.Object, java.lang.Object, java.lang.Object, java.lang.Object, java.lang.Object, java.lang.Object, java.lang.Object, java.lang.Object, java.lang.Object)'> (0x0000000084b4d638) 
thrown [s\src\hotspot\share\interpreter\linkResolver.cpp, line 784]
Event: 1.317 Thread 0x000002110d85dc40 Exception <a 'java/lang/NoSuchMethodError'{0x0000000084adf020}: 'java.lang.Object java.lang.invoke.DirectMethodHandle$Holder.invokeStaticInit(java.lang.Object, int, int, int, int)'> (0x0000000084adf020) 
thrown [s\src\hotspot\share\interpreter\linkResolver.cpp, line 784]
Event: 1.334 Thread 0x000002110d85dc40 Exception <a 'java/lang/NoSuchMethodError'{0x000000008495b2d8}: 'java.lang.Object java.lang.invoke.DirectMethodHandle$Holder.invokeStaticInit(java.lang.Object, java.lang.Object, int, int, int, int)'> (0x000000008495b2d8) 
thrown [s\src\hotspot\share\interpreter\linkResolver.cpp, line 784]
Event: 1.434 Thread 0x000002110d85dc40 Exception <a 'java/io/IOException'{0x00000000846ff0a8}> (0x00000000846ff0a8) 
thrown [s\src\hotspot\share\prims\jni.cpp, line 535]
Event: 1.438 Thread 0x000002110d85dc40 Implicit null exception at 0x0000021119cbe4a0 to 0x0000021119cbea68
Event: 1.526 Thread 0x000002112d432020 Exception <a 'java/lang/NoSuchMethodError'{0x00000000842604b0}: 'void java.lang.invoke.DirectMethodHandle$Holder.invokeSpecial(java.lang.Object, java.lang.Object, java.lang.Object)'> (0x00000000842604b0) 
thrown [s\src\hotspot\share\interpreter\linkResolver.cpp, line 784]

ZGC Phase Switch (0 events):
No events

VM Operations (20 events):
Event: 1.204 Executing VM operation: HandshakeAllThreads (Deoptimize)
Event: 1.205 Executing VM operation: HandshakeAllThreads (Deoptimize) done
Event: 1.207 Executing VM operation: HandshakeAllThreads (Deoptimize)
Event: 1.207 Executing VM operation: HandshakeAllThreads (Deoptimize) done
Event: 1.207 Executing VM operation: HandshakeAllThreads (Deoptimize)
Event: 1.207 Executing VM operation: HandshakeAllThreads (Deoptimize) done
Event: 1.236 Executing VM operation: HandshakeAllThreads (Deoptimize)
Event: 1.236 Executing VM operation: HandshakeAllThreads (Deoptimize) done
Event: 1.258 Executing VM operation: HandshakeAllThreads (Deoptimize)
Event: 1.258 Executing VM operation: HandshakeAllThreads (Deoptimize) done
Event: 1.291 Executing VM operation: HandshakeAllThreads (Deoptimize)
Event: 1.291 Executing VM operation: HandshakeAllThreads (Deoptimize) done
Event: 1.324 Executing VM operation: ICBufferFull
Event: 1.324 Executing VM operation: ICBufferFull done
Event: 1.329 Executing VM operation: HandshakeAllThreads (Deoptimize)
Event: 1.329 Executing VM operation: HandshakeAllThreads (Deoptimize) done
Event: 1.413 Executing VM operation: HandshakeAllThreads (Deoptimize)
Event: 1.413 Executing VM operation: HandshakeAllThreads (Deoptimize) done
Event: 1.472 Executing VM operation: HandshakeAllThreads (Deoptimize)
Event: 1.472 Executing VM operation: HandshakeAllThreads (Deoptimize) done

Events (20 events):
Event: 0.139 Loaded shared library D:\Apps\Android Studio\jbr\bin\nio.dll
Event: 0.145 Loaded shared library D:\Apps\Android Studio\jbr\bin\zip.dll
Event: 0.158 Thread 0x00000211275e17d0 Thread added: 0x00000211275e17d0
Event: 0.240 Thread 0x0000021127651700 Thread added: 0x0000021127651700
Event: 0.291 Loaded shared library D:\Apps\Android Studio\jbr\bin\jimage.dll
Event: 0.469 Loaded shared library D:\Android\gradle-8.10.2\native\c067742578af261105cb4f569cf0c3c89f3d7b1fecec35dd04571415982c5e48\windows-amd64\native-platform.dll
Event: 0.472 Loaded shared library D:\Android\gradle-8.10.2\native\100fb08df4bc3b14c8652ba06237920a3bd2aa13389f12d3474272988ae205f9\windows-amd64\native-platform-file-events.dll
Event: 1.178 Loaded shared library D:\Apps\Android Studio\jbr\bin\management.dll
Event: 1.180 Loaded shared library D:\Apps\Android Studio\jbr\bin\management_ext.dll
Event: 1.207 Thread 0x000002112c61e3e0 Thread added: 0x000002112c61e3e0
Event: 1.344 Loaded shared library D:\Apps\Android Studio\jbr\bin\extnet.dll
Event: 1.388 Thread 0x000002112d2100d0 Thread added: 0x000002112d2100d0
Event: 1.441 Thread 0x000002112d41c730 Thread added: 0x000002112d41c730
Event: 1.497 Thread 0x000002112d432020 Thread added: 0x000002112d432020
Event: 1.499 Thread 0x000002112d433840 Thread added: 0x000002112d433840
Event: 1.521 Thread 0x000002112d3e4eb0 Thread added: 0x000002112d3e4eb0
Event: 1.526 Thread 0x000002112d454100 Thread added: 0x000002112d454100
Event: 1.533 Thread 0x000002112d4526c0 Thread added: 0x000002112d4526c0
Event: 1.537 Thread 0x000002112d452d50 Thread added: 0x000002112d452d50
Event: 1.538 Thread 0x000002112d4554b0 Thread added: 0x000002112d4554b0


Dynamic libraries:
0x00007ff7168a0000 - 0x00007ff7168aa000 	D:\Apps\Android Studio\jbr\bin\java.exe
0x00007ff9f6cb0000 - 0x00007ff9f6ec7000 	C:\WINDOWS\SYSTEM32\ntdll.dll
0x00007ff9f6190000 - 0x00007ff9f6254000 	C:\WINDOWS\System32\KERNEL32.DLL
0x00007ff9f44b0000 - 0x00007ff9f4869000 	C:\WINDOWS\System32\KERNELBASE.dll
0x00007ff9f4240000 - 0x00007ff9f4351000 	C:\WINDOWS\System32\ucrtbase.dll
0x00007ff9e95d0000 - 0x00007ff9e95eb000 	D:\Apps\Android Studio\jbr\bin\VCRUNTIME140.dll
0x00007ff9b3420000 - 0x00007ff9b3438000 	D:\Apps\Android Studio\jbr\bin\jli.dll
0x00007ff9f5fe0000 - 0x00007ff9f618e000 	C:\WINDOWS\System32\USER32.dll
0x00007ff9f49a0000 - 0x00007ff9f49c6000 	C:\WINDOWS\System32\win32u.dll
0x00007ff9d85e0000 - 0x00007ff9d8872000 	C:\WINDOWS\WinSxS\amd64_microsoft.windows.common-controls_6595b64144ccf1df_6.0.22621.4391_none_2715d37f73803e96\COMCTL32.dll
0x00007ff9f62d0000 - 0x00007ff9f62f9000 	C:\WINDOWS\System32\GDI32.dll
0x00007ff9f5250000 - 0x00007ff9f52f7000 	C:\WINDOWS\System32\msvcrt.dll
0x00007ff9f4360000 - 0x00007ff9f447b000 	C:\WINDOWS\System32\gdi32full.dll
0x00007ff9f41a0000 - 0x00007ff9f423a000 	C:\WINDOWS\System32\msvcp_win.dll
0x00007ff9f5fa0000 - 0x00007ff9f5fd1000 	C:\WINDOWS\System32\IMM32.DLL
0x00007ff9ea310000 - 0x00007ff9ea31c000 	D:\Apps\Android Studio\jbr\bin\vcruntime140_1.dll
0x00007ff9aea00000 - 0x00007ff9aea8d000 	D:\Apps\Android Studio\jbr\bin\msvcp140.dll
0x00007ff9ac380000 - 0x00007ff9acffd000 	D:\Apps\Android Studio\jbr\bin\server\jvm.dll
0x00007ff9f5100000 - 0x00007ff9f51b2000 	C:\WINDOWS\System32\ADVAPI32.dll
0x00007ff9f6460000 - 0x00007ff9f6507000 	C:\WINDOWS\System32\sechost.dll
0x00007ff9f4480000 - 0x00007ff9f44a8000 	C:\WINDOWS\System32\bcrypt.dll
0x00007ff9f4d70000 - 0x00007ff9f4e84000 	C:\WINDOWS\System32\RPCRT4.dll
0x00007ff9f65a0000 - 0x00007ff9f6611000 	C:\WINDOWS\System32\WS2_32.dll
0x00007ff9f2e00000 - 0x00007ff9f2e4d000 	C:\WINDOWS\SYSTEM32\POWRPROF.dll
0x00007ff9ecc10000 - 0x00007ff9ecc1a000 	C:\WINDOWS\SYSTEM32\VERSION.dll
0x00007ff9ec720000 - 0x00007ff9ec754000 	C:\WINDOWS\SYSTEM32\WINMM.dll
0x00007ff9f2de0000 - 0x00007ff9f2df3000 	C:\WINDOWS\SYSTEM32\UMPDC.dll
0x00007ff9f30a0000 - 0x00007ff9f30b8000 	C:\WINDOWS\SYSTEM32\kernel.appcore.dll
0x00007ff9e95c0000 - 0x00007ff9e95ca000 	D:\Apps\Android Studio\jbr\bin\jimage.dll
0x00007ff9f17b0000 - 0x00007ff9f19e2000 	C:\WINDOWS\SYSTEM32\DBGHELP.DLL
0x00007ff9f49e0000 - 0x00007ff9f4d6f000 	C:\WINDOWS\System32\combase.dll
0x00007ff9f5620000 - 0x00007ff9f56f7000 	C:\WINDOWS\System32\OLEAUT32.dll
0x00007ff9cdd70000 - 0x00007ff9cdda2000 	C:\WINDOWS\SYSTEM32\dbgcore.DLL
0x00007ff9f4120000 - 0x00007ff9f419b000 	C:\WINDOWS\System32\bcryptPrimitives.dll
0x00007ff9ec8b0000 - 0x00007ff9ec8be000 	D:\Apps\Android Studio\jbr\bin\instrument.dll
0x00007ff9e95a0000 - 0x00007ff9e95bf000 	D:\Apps\Android Studio\jbr\bin\java.dll
0x00007ff9e0780000 - 0x00007ff9e0798000 	D:\Apps\Android Studio\jbr\bin\zip.dll
0x00007ff9f5720000 - 0x00007ff9f5f96000 	C:\WINDOWS\System32\SHELL32.dll
0x00007ff9f1eb0000 - 0x00007ff9f27b3000 	C:\WINDOWS\SYSTEM32\windows.storage.dll
0x00007ff9f1d70000 - 0x00007ff9f1eaf000 	C:\WINDOWS\SYSTEM32\wintypes.dll
0x00007ff9f54c0000 - 0x00007ff9f55b9000 	C:\WINDOWS\System32\SHCORE.dll
0x00007ff9f50a0000 - 0x00007ff9f50fe000 	C:\WINDOWS\System32\shlwapi.dll
0x00007ff9f3ee0000 - 0x00007ff9f3f0b000 	C:\WINDOWS\SYSTEM32\profapi.dll
0x00007ff9e9590000 - 0x00007ff9e95a0000 	D:\Apps\Android Studio\jbr\bin\net.dll
0x00007ff9ec3e0000 - 0x00007ff9ec516000 	C:\WINDOWS\SYSTEM32\WINHTTP.dll
0x00007ff9f3510000 - 0x00007ff9f3579000 	C:\WINDOWS\system32\mswsock.dll
0x00007ff9e03a0000 - 0x00007ff9e03b6000 	D:\Apps\Android Studio\jbr\bin\nio.dll
0x00007ff9dfeb0000 - 0x00007ff9dfec0000 	D:\Apps\Android Studio\jbr\bin\verify.dll
0x00007ff9cd410000 - 0x00007ff9cd437000 	D:\Android\gradle-8.10.2\native\c067742578af261105cb4f569cf0c3c89f3d7b1fecec35dd04571415982c5e48\windows-amd64\native-platform.dll
0x00007ff9ae8b0000 - 0x00007ff9ae9f4000 	D:\Android\gradle-8.10.2\native\100fb08df4bc3b14c8652ba06237920a3bd2aa13389f12d3474272988ae205f9\windows-amd64\native-platform-file-events.dll
0x00007ff9e0770000 - 0x00007ff9e0779000 	D:\Apps\Android Studio\jbr\bin\management.dll
0x00007ff9e0390000 - 0x00007ff9e039b000 	D:\Apps\Android Studio\jbr\bin\management_ext.dll
0x00007ff9f5610000 - 0x00007ff9f5618000 	C:\WINDOWS\System32\PSAPI.DLL
0x00007ff9f3800000 - 0x00007ff9f381b000 	C:\WINDOWS\SYSTEM32\CRYPTSP.dll
0x00007ff9f3000000 - 0x00007ff9f3035000 	C:\WINDOWS\system32\rsaenh.dll
0x00007ff9f35b0000 - 0x00007ff9f35d8000 	C:\WINDOWS\SYSTEM32\USERENV.dll
0x00007ff9f3710000 - 0x00007ff9f371c000 	C:\WINDOWS\SYSTEM32\CRYPTBASE.dll
0x00007ff9f2a90000 - 0x00007ff9f2abd000 	C:\WINDOWS\SYSTEM32\IPHLPAPI.DLL
0x00007ff9f6260000 - 0x00007ff9f6269000 	C:\WINDOWS\System32\NSI.dll
0x00007ff9e0860000 - 0x00007ff9e0869000 	D:\Apps\Android Studio\jbr\bin\extnet.dll
0x00007ff9ec760000 - 0x00007ff9ec768000 	C:\WINDOWS\system32\wshunix.dll

dbghelp: loaded successfully - version: 4.0.5 - missing functions: none
symbol engine: initialized successfully - sym options: 0x614 - pdb path: .;D:\Apps\Android Studio\jbr\bin;C:\WINDOWS\SYSTEM32;C:\WINDOWS\WinSxS\amd64_microsoft.windows.common-controls_6595b64144ccf1df_6.0.22621.4391_none_2715d37f73803e96;D:\Apps\Android Studio\jbr\bin\server;D:\Android\gradle-8.10.2\native\c067742578af261105cb4f569cf0c3c89f3d7b1fecec35dd04571415982c5e48\windows-amd64;D:\Android\gradle-8.10.2\native\100fb08df4bc3b14c8652ba06237920a3bd2aa13389f12d3474272988ae205f9\windows-amd64

VM Arguments:
jvm_args: --add-opens=java.base/java.util=ALL-UNNAMED --add-opens=java.base/java.lang=ALL-UNNAMED --add-opens=java.base/java.lang.invoke=ALL-UNNAMED --add-opens=java.prefs/java.util.prefs=ALL-UNNAMED --add-exports=jdk.compiler/com.sun.tools.javac.api=ALL-UNNAMED --add-exports=jdk.compiler/com.sun.tools.javac.util=ALL-UNNAMED --add-opens=java.base/java.nio.charset=ALL-UNNAMED --add-opens=java.base/java.net=ALL-UNNAMED --add-opens=java.base/java.util.concurrent.atomic=ALL-UNNAMED -Xmx2048m -Dfile.encoding=UTF-8 -Duser.country=GR -Duser.language=el -Duser.variant -javaagent:D:\Android\gradle-8.10.2\wrapper\dists\gradle-8.9-bin\90cnw93cvbtalezasaz0blq0a\gradle-8.9\lib\agents\gradle-instrumentation-agent-8.9.jar 
java_command: org.gradle.launcher.daemon.bootstrap.GradleDaemon 8.9
java_class_path (initial): D:\Android\gradle-8.10.2\wrapper\dists\gradle-8.9-bin\90cnw93cvbtalezasaz0blq0a\gradle-8.9\lib\gradle-daemon-main-8.9.jar
Launcher Type: SUN_STANDARD

[Global flags]
     intx CICompilerCount                          = 4                                         {product} {ergonomic}
     uint ConcGCThreads                            = 2                                         {product} {ergonomic}
     uint G1ConcRefinementThreads                  = 8                                         {product} {ergonomic}
   size_t G1HeapRegionSize                         = 1048576                                   {product} {ergonomic}
    uintx GCDrainStackTargetSize                   = 64                                        {product} {ergonomic}
   size_t InitialHeapSize                          = 132120576                                 {product} {ergonomic}
   size_t MarkStackSize                            = 4194304                                   {product} {ergonomic}
   size_t MaxHeapSize                              = 2147483648                                {product} {command line}
   size_t MaxNewSize                               = 1287651328                                {product} {ergonomic}
   size_t MinHeapDeltaBytes                        = 1048576                                   {product} {ergonomic}
   size_t MinHeapSize                              = 8388608                                   {product} {ergonomic}
    uintx NonNMethodCodeHeapSize                   = 5839372                                {pd product} {ergonomic}
    uintx NonProfiledCodeHeapSize                  = 122909434                              {pd product} {ergonomic}
    uintx ProfiledCodeHeapSize                     = 122909434                              {pd product} {ergonomic}
    uintx ReservedCodeCacheSize                    = 251658240                              {pd product} {ergonomic}
     bool SegmentedCodeCache                       = true                                      {product} {ergonomic}
   size_t SoftMaxHeapSize                          = 2147483648                             {manageable} {ergonomic}
     bool UseCompressedOops                        = true                           {product lp64_product} {ergonomic}
     bool UseG1GC                                  = true                                      {product} {ergonomic}
     bool UseLargePagesIndividualAllocation        = false                                  {pd product} {ergonomic}

Logging:
Log output configuration:
 #0: stdout all=warning uptime,level,tags foldmultilines=false
 #1: stderr all=off uptime,level,tags foldmultilines=false

Environment Variables:
JAVA_HOME=D:\Android\AndroidStudio\jbr
PATH=D:\VMware\installation\bin\;C:\Program Files\Common Files\Oracle\Java\javapath;C:\WINDOWS\system32;C:\WINDOWS;C:\WINDOWS\System32\Wbem;C:\WINDOWS\System32\WindowsPowerShell\v1.0\;C:\WINDOWS\System32\OpenSSH\;C:\Program Files\PuTTY\;D:\Matlab\bin;C:\Program Files\Java\jdk-18.0.1\bin;C:\Program Files\dotnet\;C:\Program Files\Docker\Docker\resources\bin;D:\Apps\Git\cmd;C:\Users\User\AppData\Local\Programs\Python\Python312\Scripts\;C:\Users\User\AppData\Local\Programs\Python\Python312\;C:\Users\User\AppData\Local\Microsoft\WindowsApps;D:\Apps\CLion 2023.3.4\bin;;C:\MinGW\bin;D:\Apps\Microsoft VS Code\bin
USERNAME=User
OS=Windows_NT
PROCESSOR_IDENTIFIER=Intel64 Family 6 Model 142 Stepping 12, GenuineIntel
TMP=C:\Users\User\AppData\Local\Temp
TEMP=C:\Users\User\AppData\Local\Temp




Periodic native trim disabled

JNI global refs:
JNI global refs: 24, weak refs: 0

JNI global refs memory usage: 835, weak refs: 833

Process memory usage:
Resident Set Size: 160784K (1% of 8256680K total physical memory with 496760K free physical memory)

OOME stack traces (most recent first):
Classloader memory used:
