#
# There is insufficient memory for the Java Runtime Environment to continue.
# Native memory allocation (mmap) failed to map 1048576 bytes. Error detail: G1 virtual space
# Possible reasons:
#   The system is out of physical RAM or swap space
#   This process is running with CompressedOops enabled, and the Java Heap may be blocking the growth of the native heap
# Possible solutions:
#   Reduce memory load on the system
#   Increase physical memory or swap space
#   Check if swap backing store is full
#   Decrease Java heap size (-Xmx/-Xms)
#   Decrease number of Java threads
#   Decrease Java thread stack sizes (-Xss)
#   Set larger code cache with -XX:ReservedCodeCacheSize=
#   JVM is running with Unscaled Compressed Oops mode in which the Java heap is
#     placed in the first 4GB address space. The Java Heap base address is the
#     maximum limit for the native heap growth. Please use -XX:HeapBaseMinAddress
#     to set the Java Heap base and to place the Java Heap above 4GB virtual address.
# This output file may be truncated or incomplete.
#
#  Out of Memory Error (os_windows.cpp:3815), pid=8720, tid=10960
#
# JRE version: OpenJDK Runtime Environment (21.0.3) (build 21.0.3+-12282718-b509.11)
# Java VM: OpenJDK 64-Bit Server VM (21.0.3+-12282718-b509.11, mixed mode, tiered, compressed oops, compressed class ptrs, g1 gc, windows-amd64)
# No core dump will be written. Minidumps are not enabled by default on client versions of Windows
#

---------------  S U M M A R Y ------------

Command Line: --add-opens=java.base/java.util=ALL-UNNAMED --add-opens=java.base/java.lang=ALL-UNNAMED --add-opens=java.base/java.lang.invoke=ALL-UNNAMED --add-opens=java.prefs/java.util.prefs=ALL-UNNAMED --add-exports=jdk.compiler/com.sun.tools.javac.api=ALL-UNNAMED --add-exports=jdk.compiler/com.sun.tools.javac.util=ALL-UNNAMED --add-opens=java.base/java.nio.charset=ALL-UNNAMED --add-opens=java.base/java.net=ALL-UNNAMED --add-opens=java.base/java.util.concurrent.atomic=ALL-UNNAMED -Xmx2048m -Dfile.encoding=UTF-8 -Duser.country=GR -Duser.language=el -Duser.variant -javaagent:D:\Android\gradle-8.10.2\wrapper\dists\gradle-8.9-bin\90cnw93cvbtalezasaz0blq0a\gradle-8.9\lib\agents\gradle-instrumentation-agent-8.9.jar org.gradle.launcher.daemon.bootstrap.GradleDaemon 8.9

Host: Intel(R) Core(TM) i5-8265U CPU @ 1.60GHz, 8 cores, 7G,  Windows 11 , 64 bit Build 22621 (10.0.22621.4391)
Time: Sun Nov 17 06:59:21 2024  Windows 11 , 64 bit Build 22621 (10.0.22621.4391) elapsed time: 2.451047 seconds (0d 0h 0m 2s)

---------------  T H R E A D  ---------------

Current thread (0x000001ee804ad020):  WorkerThread "GC Thread#4"    [id=10960, stack(0x0000008470d00000,0x0000008470e00000) (1024K)]

Stack: [0x0000008470d00000,0x0000008470e00000]
Native frames: (J=compiled Java code, j=interpreted, Vv=VM code, C=native code)
V  [jvm.dll+0x6cafb9]
V  [jvm.dll+0x858523]
V  [jvm.dll+0x85aa7e]
V  [jvm.dll+0x85b163]
V  [jvm.dll+0x27d356]
V  [jvm.dll+0x6c7865]
V  [jvm.dll+0x6bbd3a]
V  [jvm.dll+0x35199b]
V  [jvm.dll+0x3595d6]
V  [jvm.dll+0x3aa52b]
V  [jvm.dll+0x3aabe4]
V  [jvm.dll+0x3aacad]
V  [jvm.dll+0x32586c]
V  [jvm.dll+0x3255c8]
V  [jvm.dll+0x315e36]
V  [jvm.dll+0x316cca]
V  [jvm.dll+0x317177]
V  [jvm.dll+0x316b2e]
V  [jvm.dll+0x35380a]
V  [jvm.dll+0x353b86]
V  [jvm.dll+0x354cca]
V  [jvm.dll+0x3513ae]
V  [jvm.dll+0x35e46c]
V  [jvm.dll+0x360119]
V  [jvm.dll+0x35e94a]
V  [jvm.dll+0x35fd91]
V  [jvm.dll+0x36a4f3]
V  [jvm.dll+0x36a63b]
V  [jvm.dll+0x885984]
V  [jvm.dll+0x800d78]
V  [jvm.dll+0x6c98cd]
C  [ucrtbase.dll+0x29333]
C  [KERNEL32.DLL+0x1259d]
C  [ntdll.dll+0x5af38]


---------------  P R O C E S S  ---------------

Threads class SMR info:
_java_thread_list=0x000001ee812591a0, length=25, elements={
0x000001eee13e3550, 0x000001eeff02f910, 0x000001eeff05fc50, 0x000001eeff047cb0,
0x000001eeff048320, 0x000001eeff06af80, 0x000001eeff06e190, 0x000001eeff071a80,
0x000001eeff077e20, 0x000001eeff110bf0, 0x000001eeff43f680, 0x000001eeff440ac0,
0x000001ee811f2b90, 0x000001ee81085120, 0x000001ee81372dd0, 0x000001ee80aa4e70,
0x000001ee80aa54e0, 0x000001ee8121cc80, 0x000001ee813d88f0, 0x000001ee813d1a10,
0x000001ee813d0660, 0x000001ee813d2730, 0x000001ee813d0cf0, 0x000001ee813d20a0,
0x000001ee813d1380
}

Java Threads: ( => current thread )
  0x000001eee13e3550 JavaThread "main"                              [_thread_blocked, id=8452, stack(0x000000846f700000,0x000000846f800000) (1024K)]
  0x000001eeff02f910 JavaThread "Reference Handler"          daemon [_thread_blocked, id=14520, stack(0x000000846ff00000,0x0000008470000000) (1024K)]
  0x000001eeff05fc50 JavaThread "Finalizer"                  daemon [_thread_blocked, id=7928, stack(0x0000008470000000,0x0000008470100000) (1024K)]
  0x000001eeff047cb0 JavaThread "Signal Dispatcher"          daemon [_thread_blocked, id=3948, stack(0x0000008470100000,0x0000008470200000) (1024K)]
  0x000001eeff048320 JavaThread "Attach Listener"            daemon [_thread_blocked, id=16168, stack(0x0000008470200000,0x0000008470300000) (1024K)]
  0x000001eeff06af80 JavaThread "Service Thread"             daemon [_thread_blocked, id=12812, stack(0x0000008470300000,0x0000008470400000) (1024K)]
  0x000001eeff06e190 JavaThread "Monitor Deflation Thread"   daemon [_thread_blocked, id=4860, stack(0x0000008470400000,0x0000008470500000) (1024K)]
  0x000001eeff071a80 JavaThread "C2 CompilerThread0"         daemon [_thread_blocked, id=12440, stack(0x0000008470500000,0x0000008470600000) (1024K)]
  0x000001eeff077e20 JavaThread "C1 CompilerThread0"         daemon [_thread_blocked, id=12680, stack(0x0000008470600000,0x0000008470700000) (1024K)]
  0x000001eeff110bf0 JavaThread "Common-Cleaner"             daemon [_thread_blocked, id=12700, stack(0x0000008470700000,0x0000008470800000) (1024K)]
  0x000001eeff43f680 JavaThread "Notification Thread"        daemon [_thread_blocked, id=2204, stack(0x0000008470800000,0x0000008470900000) (1024K)]
  0x000001eeff440ac0 JavaThread "C2 CompilerThread1"         daemon [_thread_blocked, id=1372, stack(0x0000008470900000,0x0000008470a00000) (1024K)]
  0x000001ee811f2b90 JavaThread "Daemon health stats"               [_thread_blocked, id=9856, stack(0x0000008470e00000,0x0000008470f00000) (1024K)]
  0x000001ee81085120 JavaThread "Incoming local TCP Connector on port 64559"        [_thread_in_native, id=2008, stack(0x0000008470f00000,0x0000008471000000) (1024K)]
  0x000001ee81372dd0 JavaThread "Daemon periodic checks"            [_thread_blocked, id=7108, stack(0x0000008471000000,0x0000008471100000) (1024K)]
  0x000001ee80aa4e70 JavaThread "Daemon"                            [_thread_blocked, id=1984, stack(0x0000008471100000,0x0000008471200000) (1024K)]
  0x000001ee80aa54e0 JavaThread "Handler for socket connection from /127.0.0.1:64559 to /127.0.0.1:64560"        [_thread_in_native, id=4548, stack(0x0000008471200000,0x0000008471300000) (1024K)]
  0x000001ee8121cc80 JavaThread "Cancel handler"                    [_thread_blocked, id=4060, stack(0x0000008471300000,0x0000008471400000) (1024K)]
  0x000001ee813d88f0 JavaThread "Daemon worker"                     [_thread_blocked, id=13276, stack(0x0000008471400000,0x0000008471500000) (1024K)]
  0x000001ee813d1a10 JavaThread "Asynchronous log dispatcher for DefaultDaemonConnection: socket connection from /127.0.0.1:64559 to /127.0.0.1:64560"        [_thread_blocked, id=14720, stack(0x0000008471500000,0x0000008471600000) (1024K)]
  0x000001ee813d0660 JavaThread "Stdin handler"                     [_thread_blocked, id=14968, stack(0x0000008471600000,0x0000008471700000) (1024K)]
  0x000001ee813d2730 JavaThread "Daemon client event forwarder"        [_thread_blocked, id=12632, stack(0x0000008471700000,0x0000008471800000) (1024K)]
  0x000001ee813d0cf0 JavaThread "Cache worker for journal cache (D:\Android\gradle-8.10.2\caches\journal-1)"        [_thread_blocked, id=3232, stack(0x0000008471c00000,0x0000008471d00000) (1024K)]
  0x000001ee813d20a0 JavaThread "File lock request listener"        [_thread_in_native, id=15484, stack(0x0000008471d00000,0x0000008471e00000) (1024K)]
  0x000001ee813d1380 JavaThread "Cache worker for file hash cache (D:\Android\gradle-8.10.2\caches\8.9\fileHashes)"        [_thread_blocked, id=12452, stack(0x0000008471e00000,0x0000008471f00000) (1024K)]
Total: 25

Other Threads:
  0x000001eefacc9e40 VMThread "VM Thread"                           [id=2804, stack(0x000000846fe00000,0x000000846ff00000) (1024K)]
  0x000001eefac358c0 WatcherThread "VM Periodic Task Thread"        [id=1512, stack(0x000000846fd00000,0x000000846fe00000) (1024K)]
  0x000001eee36327f0 WorkerThread "GC Thread#0"                     [id=8300, stack(0x000000846f800000,0x000000846f900000) (1024K)]
  0x000001ee8009cf60 WorkerThread "GC Thread#1"                     [id=12880, stack(0x0000008470a00000,0x0000008470b00000) (1024K)]
  0x000001eeff4ce250 WorkerThread "GC Thread#2"                     [id=14908, stack(0x0000008470b00000,0x0000008470c00000) (1024K)]
  0x000001ee804acc80 WorkerThread "GC Thread#3"                     [id=1688, stack(0x0000008470c00000,0x0000008470d00000) (1024K)]
=>0x000001ee804ad020 WorkerThread "GC Thread#4"                     [id=10960, stack(0x0000008470d00000,0x0000008470e00000) (1024K)]
  0x000001ee813247b0 WorkerThread "GC Thread#5"                     [id=8672, stack(0x0000008471800000,0x0000008471900000) (1024K)]
  0x000001ee813d9840 WorkerThread "GC Thread#6"                     [id=16212, stack(0x0000008471900000,0x0000008471a00000) (1024K)]
  0x000001ee8140b8d0 WorkerThread "GC Thread#7"                     [id=11468, stack(0x0000008471a00000,0x0000008471b00000) (1024K)]
  0x000001eee3644860 ConcurrentGCThread "G1 Main Marker"            [id=16192, stack(0x000000846f900000,0x000000846fa00000) (1024K)]
  0x000001eee3645a10 WorkerThread "G1 Conc#0"                       [id=5056, stack(0x000000846fa00000,0x000000846fb00000) (1024K)]
  0x000001ee8143d8d0 WorkerThread "G1 Conc#1"                       [id=14484, stack(0x0000008471b00000,0x0000008471c00000) (1024K)]
  0x000001eefab08100 ConcurrentGCThread "G1 Refine#0"               [id=12976, stack(0x000000846fb00000,0x000000846fc00000) (1024K)]
  0x000001eefab08b80 ConcurrentGCThread "G1 Service"                [id=13144, stack(0x000000846fc00000,0x000000846fd00000) (1024K)]
Total: 15

Threads with active compile tasks:
C2 CompilerThread0     2554 2852   !   4       java.net.URLClassLoader::findClass (47 bytes)
C1 CompilerThread0     2554 2893       3       org.gradle.internal.instantiation.generator.AbstractClassGenerator$DisabledAnnotationValidator::validateMethod (68 bytes)
C2 CompilerThread1     2554 2782   !   4       java.lang.ClassLoader::loadClass (121 bytes)
Total: 3

VM state: at safepoint (normal execution)

VM Mutex/Monitor currently owned by a thread:  ([mutex/lock_event])
[0x00007ff9acf1f9c8] FreeList_lock - owner thread: 0x000001ee804ad020
[0x00007ff9acf220c8] Threads_lock - owner thread: 0x000001eefacc9e40
[0x00007ff9acf221c8] Heap_lock - owner thread: 0x000001ee813d88f0

Heap address: 0x0000000080000000, size: 2048 MB, Compressed Oops mode: 32-bit

CDS archive(s) not mapped
Compressed class space mapped at: 0x0000000100000000-0x0000000140000000, reserved size: 1073741824
Narrow klass base: 0x0000000000000000, Narrow klass shift: 3, Narrow klass range: 0x140000000

GC Precious Log:
 CardTable entry size: 512
 Card Set container configuration: InlinePtr #cards 5 size 8 Array Of Cards #cards 12 size 40 Howl #buckets 4 coarsen threshold 1843 Howl Bitmap #cards 512 size 80 coarsen threshold 460 Card regions per heap region 1 cards per card region 2048
 CPUs: 8 total, 8 available
 Memory: 8063M
 Large Page Support: Disabled
 NUMA Support: Disabled
 Compressed Oops: Enabled (32-bit)
 Heap Region Size: 1M
 Heap Min Capacity: 8M
 Heap Initial Capacity: 126M
 Heap Max Capacity: 2G
 Pre-touch: Disabled
 Parallel Workers: 8
 Concurrent Workers: 2
 Concurrent Refinement Workers: 8
 Periodic GC: Disabled

Heap:
 garbage-first heap   total 80896K, used 77306K [0x0000000080000000, 0x0000000100000000)
  region size 1024K, 56 young (57344K), 1 survivors (1024K)
 Metaspace       used 30309K, committed 30912K, reserved 1114112K
  class space    used 3934K, committed 4224K, reserved 1048576K

Heap Regions: E=young(eden), S=young(survivor), O=old, HS=humongous(starts), HC=humongous(continues), CS=collection set, F=free, TAMS=top-at-mark-start, PB=parsable bottom
|   0|0x0000000080000000, 0x0000000080100000, 0x0000000080100000|100%|HS|  |TAMS 0x0000000080000000| PB 0x0000000080000000| Complete 
|   1|0x0000000080100000, 0x0000000080200000, 0x0000000080200000|100%|HC|  |TAMS 0x0000000080100000| PB 0x0000000080100000| Complete 
|   2|0x0000000080200000, 0x0000000080300000, 0x0000000080300000|100%|HC|  |TAMS 0x0000000080200000| PB 0x0000000080200000| Complete 
|   3|0x0000000080300000, 0x0000000080400000, 0x0000000080400000|100%|HC|  |TAMS 0x0000000080300000| PB 0x0000000080300000| Complete 
|   4|0x0000000080400000, 0x0000000080500000, 0x0000000080500000|100%| O|  |TAMS 0x0000000080400000| PB 0x0000000080400000| Untracked 
|   5|0x0000000080500000, 0x0000000080600000, 0x0000000080600000|100%| O|  |TAMS 0x0000000080500000| PB 0x0000000080500000| Untracked 
|   6|0x0000000080600000, 0x0000000080700000, 0x0000000080700000|100%| O|  |TAMS 0x0000000080600000| PB 0x0000000080600000| Untracked 
|   7|0x0000000080700000, 0x0000000080800000, 0x0000000080800000|100%| O|  |TAMS 0x0000000080700000| PB 0x0000000080700000| Untracked 
|   8|0x0000000080800000, 0x0000000080900000, 0x0000000080900000|100%| O|  |TAMS 0x0000000080800000| PB 0x0000000080800000| Untracked 
|   9|0x0000000080900000, 0x0000000080a00000, 0x0000000080a00000|100%| O|  |TAMS 0x0000000080900000| PB 0x0000000080900000| Untracked 
|  10|0x0000000080a00000, 0x0000000080a349e0, 0x0000000080b00000| 20%| O|Cm|TAMS 0x0000000080a00000| PB 0x0000000080a00000| Complete 
|  11|0x0000000080b00000, 0x0000000080c00000, 0x0000000080c00000|100%|HS|  |TAMS 0x0000000080b00000| PB 0x0000000080b00000| Complete 
|  12|0x0000000080c00000, 0x0000000080d00000, 0x0000000080d00000|100%| E|CS|TAMS 0x0000000080c00000| PB 0x0000000080c00000| Complete 
|  13|0x0000000080d00000, 0x0000000080e00000, 0x0000000080e00000|100%| E|CS|TAMS 0x0000000080d00000| PB 0x0000000080d00000| Complete 
|  14|0x0000000080e00000, 0x0000000080f00000, 0x0000000080f00000|100%| E|CS|TAMS 0x0000000080e00000| PB 0x0000000080e00000| Complete 
|  15|0x0000000080f00000, 0x0000000081000000, 0x0000000081000000|100%| E|CS|TAMS 0x0000000080f00000| PB 0x0000000080f00000| Complete 
|  16|0x0000000081000000, 0x0000000081100000, 0x0000000081100000|100%| E|CS|TAMS 0x0000000081000000| PB 0x0000000081000000| Complete 
|  17|0x0000000081100000, 0x0000000081200000, 0x0000000081200000|100%| E|CS|TAMS 0x0000000081100000| PB 0x0000000081100000| Complete 
|  18|0x0000000081200000, 0x0000000081300000, 0x0000000081300000|100%| E|CS|TAMS 0x0000000081200000| PB 0x0000000081200000| Complete 
|  19|0x0000000081300000, 0x0000000081400000, 0x0000000081400000|100%| E|CS|TAMS 0x0000000081300000| PB 0x0000000081300000| Complete 
|  20|0x0000000081400000, 0x0000000081500000, 0x0000000081500000|100%| E|CS|TAMS 0x0000000081400000| PB 0x0000000081400000| Complete 
|  21|0x0000000081500000, 0x0000000081600000, 0x0000000081600000|100%| E|CS|TAMS 0x0000000081500000| PB 0x0000000081500000| Complete 
|  22|0x0000000081600000, 0x0000000081700000, 0x0000000081700000|100%| E|CS|TAMS 0x0000000081600000| PB 0x0000000081600000| Complete 
|  23|0x0000000081700000, 0x0000000081800000, 0x0000000081800000|100%| E|CS|TAMS 0x0000000081700000| PB 0x0000000081700000| Complete 
|  24|0x0000000081800000, 0x0000000081900000, 0x0000000081900000|100%| E|CS|TAMS 0x0000000081800000| PB 0x0000000081800000| Complete 
|  25|0x0000000081900000, 0x0000000081a00000, 0x0000000081a00000|100%| E|CS|TAMS 0x0000000081900000| PB 0x0000000081900000| Complete 
|  26|0x0000000081a00000, 0x0000000081b00000, 0x0000000081b00000|100%| E|CS|TAMS 0x0000000081a00000| PB 0x0000000081a00000| Complete 
|  27|0x0000000081b00000, 0x0000000081c00000, 0x0000000081c00000|100%| E|CS|TAMS 0x0000000081b00000| PB 0x0000000081b00000| Complete 
|  28|0x0000000081c00000, 0x0000000081d00000, 0x0000000081d00000|100%| E|CS|TAMS 0x0000000081c00000| PB 0x0000000081c00000| Complete 
|  29|0x0000000081d00000, 0x0000000081e00000, 0x0000000081e00000|100%| E|CS|TAMS 0x0000000081d00000| PB 0x0000000081d00000| Complete 
|  30|0x0000000081e00000, 0x0000000081f00000, 0x0000000081f00000|100%| E|CS|TAMS 0x0000000081e00000| PB 0x0000000081e00000| Complete 
|  31|0x0000000081f00000, 0x0000000082000000, 0x0000000082000000|100%| E|CS|TAMS 0x0000000081f00000| PB 0x0000000081f00000| Complete 
|  32|0x0000000082000000, 0x0000000082100000, 0x0000000082100000|100%| E|CS|TAMS 0x0000000082000000| PB 0x0000000082000000| Complete 
|  33|0x0000000082100000, 0x0000000082200000, 0x0000000082200000|100%| E|CS|TAMS 0x0000000082100000| PB 0x0000000082100000| Complete 
|  34|0x0000000082200000, 0x0000000082300000, 0x0000000082300000|100%| E|CS|TAMS 0x0000000082200000| PB 0x0000000082200000| Complete 
|  35|0x0000000082300000, 0x0000000082400000, 0x0000000082400000|100%| E|CS|TAMS 0x0000000082300000| PB 0x0000000082300000| Complete 
|  36|0x0000000082400000, 0x0000000082500000, 0x0000000082500000|100%| E|CS|TAMS 0x0000000082400000| PB 0x0000000082400000| Complete 
|  37|0x0000000082500000, 0x0000000082600000, 0x0000000082600000|100%| E|CS|TAMS 0x0000000082500000| PB 0x0000000082500000| Complete 
|  38|0x0000000082600000, 0x0000000082700000, 0x0000000082700000|100%| E|CS|TAMS 0x0000000082600000| PB 0x0000000082600000| Complete 
|  39|0x0000000082700000, 0x0000000082800000, 0x0000000082800000|100%| E|CS|TAMS 0x0000000082700000| PB 0x0000000082700000| Complete 
|  40|0x0000000082800000, 0x0000000082900000, 0x0000000082900000|100%| E|CS|TAMS 0x0000000082800000| PB 0x0000000082800000| Complete 
|  41|0x0000000082900000, 0x0000000082a00000, 0x0000000082a00000|100%| E|CS|TAMS 0x0000000082900000| PB 0x0000000082900000| Complete 
|  42|0x0000000082a00000, 0x0000000082b00000, 0x0000000082b00000|100%| E|CS|TAMS 0x0000000082a00000| PB 0x0000000082a00000| Complete 
|  43|0x0000000082b00000, 0x0000000082c00000, 0x0000000082c00000|100%| E|CS|TAMS 0x0000000082b00000| PB 0x0000000082b00000| Complete 
|  44|0x0000000082c00000, 0x0000000082d00000, 0x0000000082d00000|100%| E|CS|TAMS 0x0000000082c00000| PB 0x0000000082c00000| Complete 
|  45|0x0000000082d00000, 0x0000000082e00000, 0x0000000082e00000|100%| E|CS|TAMS 0x0000000082d00000| PB 0x0000000082d00000| Complete 
|  46|0x0000000082e00000, 0x0000000082f00000, 0x0000000082f00000|100%| E|CS|TAMS 0x0000000082e00000| PB 0x0000000082e00000| Complete 
|  47|0x0000000082f00000, 0x0000000083000000, 0x0000000083000000|100%| E|CS|TAMS 0x0000000082f00000| PB 0x0000000082f00000| Complete 
|  48|0x0000000083000000, 0x0000000083100000, 0x0000000083100000|100%| E|CS|TAMS 0x0000000083000000| PB 0x0000000083000000| Complete 
|  49|0x0000000083100000, 0x0000000083200000, 0x0000000083200000|100%| E|CS|TAMS 0x0000000083100000| PB 0x0000000083100000| Complete 
|  50|0x0000000083200000, 0x000000008324a100, 0x0000000083300000| 28%| E|CS|TAMS 0x0000000083200000| PB 0x0000000083200000| Complete 
|  51|0x0000000083300000, 0x0000000083400000, 0x0000000083400000|100%| E|CS|TAMS 0x0000000083300000| PB 0x0000000083300000| Complete 
|  52|0x0000000083400000, 0x0000000083500000, 0x0000000083500000|100%| E|CS|TAMS 0x0000000083400000| PB 0x0000000083400000| Complete 
|  53|0x0000000083500000, 0x0000000083600000, 0x0000000083600000|100%| E|CS|TAMS 0x0000000083500000| PB 0x0000000083500000| Complete 
|  54|0x0000000083600000, 0x0000000083700000, 0x0000000083700000|100%| E|CS|TAMS 0x0000000083600000| PB 0x0000000083600000| Complete 
|  55|0x0000000083700000, 0x0000000083800000, 0x0000000083800000|100%| E|CS|TAMS 0x0000000083700000| PB 0x0000000083700000| Complete 
|  56|0x0000000083800000, 0x0000000083900000, 0x0000000083900000|100%| E|CS|TAMS 0x0000000083800000| PB 0x0000000083800000| Complete 
|  57|0x0000000083900000, 0x0000000083a00000, 0x0000000083a00000|100%| E|CS|TAMS 0x0000000083900000| PB 0x0000000083900000| Complete 
|  58|0x0000000083a00000, 0x0000000083b00000, 0x0000000083b00000|100%| E|CS|TAMS 0x0000000083a00000| PB 0x0000000083a00000| Complete 
|  59|0x0000000083b00000, 0x0000000083c00000, 0x0000000083c00000|100%| E|CS|TAMS 0x0000000083b00000| PB 0x0000000083b00000| Complete 
|  60|0x0000000083c00000, 0x0000000083d00000, 0x0000000083d00000|100%| E|CS|TAMS 0x0000000083c00000| PB 0x0000000083c00000| Complete 
|  61|0x0000000083d00000, 0x0000000083e00000, 0x0000000083e00000|100%| E|CS|TAMS 0x0000000083d00000| PB 0x0000000083d00000| Complete 
|  62|0x0000000083e00000, 0x0000000083f00000, 0x0000000083f00000|100%| E|CS|TAMS 0x0000000083e00000| PB 0x0000000083e00000| Complete 
|  63|0x0000000083f00000, 0x0000000084000000, 0x0000000084000000|100%| E|CS|TAMS 0x0000000083f00000| PB 0x0000000083f00000| Complete 
|  64|0x0000000084000000, 0x0000000084100000, 0x0000000084100000|100%| E|CS|TAMS 0x0000000084000000| PB 0x0000000084000000| Complete 
|  65|0x0000000084100000, 0x0000000084200000, 0x0000000084200000|100%| E|CS|TAMS 0x0000000084100000| PB 0x0000000084100000| Complete 
|  66|0x0000000084200000, 0x0000000084300000, 0x0000000084300000|100%| E|CS|TAMS 0x0000000084200000| PB 0x0000000084200000| Complete 
|  67|0x0000000084300000, 0x0000000084400000, 0x0000000084400000|100%| E|CS|TAMS 0x0000000084300000| PB 0x0000000084300000| Complete 
|  68|0x0000000084400000, 0x0000000084500000, 0x0000000084500000|100%| E|CS|TAMS 0x0000000084400000| PB 0x0000000084400000| Complete 
|  69|0x0000000084500000, 0x0000000084600000, 0x0000000084600000|100%| E|CS|TAMS 0x0000000084500000| PB 0x0000000084500000| Complete 
|  70|0x0000000084600000, 0x0000000084700000, 0x0000000084700000|100%| E|CS|TAMS 0x0000000084600000| PB 0x0000000084600000| Complete 
|  71|0x0000000084700000, 0x0000000084800000, 0x0000000084800000|100%| E|CS|TAMS 0x0000000084700000| PB 0x0000000084700000| Complete 
|  72|0x0000000084800000, 0x0000000084900000, 0x0000000084900000|100%| E|CS|TAMS 0x0000000084800000| PB 0x0000000084800000| Complete 
|  73|0x0000000084900000, 0x0000000084a00000, 0x0000000084a00000|100%| E|CS|TAMS 0x0000000084900000| PB 0x0000000084900000| Complete 
|  74|0x0000000084a00000, 0x0000000084b00000, 0x0000000084b00000|100%| E|CS|TAMS 0x0000000084a00000| PB 0x0000000084a00000| Complete 
|  75|0x0000000084b00000, 0x0000000084c00000, 0x0000000084c00000|100%| E|CS|TAMS 0x0000000084b00000| PB 0x0000000084b00000| Complete 
|  76|0x0000000084c00000, 0x0000000084cf59d8, 0x0000000084d00000| 95%| S|  |TAMS 0x0000000084c00000| PB 0x0000000084c00000| Complete 
| 125|0x0000000087d00000, 0x0000000087e00000, 0x0000000087e00000|100%| E|CS|TAMS 0x0000000087d00000| PB 0x0000000087d00000| Complete 
|2047|0x00000000fff00000, 0x0000000100000000, 0x0000000100000000|100%| O|  |TAMS 0x00000000fff00000| PB 0x00000000fff00000| Untracked 

Card table byte_map: [0x000001eef5e50000,0x000001eef6250000] _byte_map_base: 0x000001eef5a50000

Marking Bits: (CMBitMap*) 0x000001eee3632e00
 Bits: [0x000001eef6250000, 0x000001eef8250000)

Polling page: 0x000001eee15c0000

Metaspace:

Usage:
  Non-class:     25.76 MB used.
      Class:      3.84 MB used.
       Both:     29.60 MB used.

Virtual space:
  Non-class space:       64.00 MB reserved,      26.06 MB ( 41%) committed,  1 nodes.
      Class space:        1.00 GB reserved,       4.12 MB ( <1%) committed,  1 nodes.
             Both:        1.06 GB reserved,      30.19 MB (  3%) committed. 

Chunk freelists:
   Non-Class:  5.11 MB
       Class:  11.92 MB
        Both:  17.03 MB

MaxMetaspaceSize: unlimited
CompressedClassSpaceSize: 1.00 GB
Initial GC threshold: 21.00 MB
Current GC threshold: 35.31 MB
CDS: off
 - commit_granule_bytes: 65536.
 - commit_granule_words: 8192.
 - virtual_space_node_default_size: 8388608.
 - enlarge_chunks_in_place: 1.
 - use_allocation_guard: 0.


Internal statistics:

num_allocs_failed_limit: 3.
num_arena_births: 814.
num_arena_deaths: 0.
num_vsnodes_births: 2.
num_vsnodes_deaths: 0.
num_space_committed: 483.
num_space_uncommitted: 0.
num_chunks_returned_to_freelist: 3.
num_chunks_taken_from_freelist: 1631.
num_chunk_merges: 3.
num_chunk_splits: 1065.
num_chunks_enlarged: 713.
num_inconsistent_stats: 0.

CodeHeap 'non-profiled nmethods': size=120000Kb used=1441Kb max_used=1441Kb free=118558Kb
 bounds [0x000001eeee1f0000, 0x000001eeee460000, 0x000001eef5720000]
CodeHeap 'profiled nmethods': size=120000Kb used=5798Kb max_used=5798Kb free=114201Kb
 bounds [0x000001eee6720000, 0x000001eee6cd0000, 0x000001eeedc50000]
CodeHeap 'non-nmethods': size=5760Kb used=1477Kb max_used=1556Kb free=4282Kb
 bounds [0x000001eeedc50000, 0x000001eeedec0000, 0x000001eeee1f0000]
 total_blobs=3463 nmethods=2887 adapters=480
 compilation: enabled
              stopped_count=0, restarted_count=0
 full_count=0

Compilation events (20 events):
Event: 2.409 Thread 0x000001eeff077e20 nmethod 2882 0x000001eee6cc5290 code [0x000001eee6cc5440, 0x000001eee6cc5608]
Event: 2.409 Thread 0x000001eeff077e20 2883       3       java.lang.Byte::hashCode (8 bytes)
Event: 2.409 Thread 0x000001eeff077e20 nmethod 2883 0x000001eee6cc5710 code [0x000001eee6cc58c0, 0x000001eee6cc5a28]
Event: 2.409 Thread 0x000001eeff077e20 2884       3       java.lang.Byte::hashCode (2 bytes)
Event: 2.409 Thread 0x000001eeff077e20 nmethod 2884 0x000001eee6cc5b10 code [0x000001eee6cc5ca0, 0x000001eee6cc5d90]
Event: 2.410 Thread 0x000001eeff077e20 2886       3       org.gradle.internal.service.DefaultServiceRegistry::access$1500 (4 bytes)
Event: 2.410 Thread 0x000001eeff077e20 nmethod 2886 0x000001eee6cc5e10 code [0x000001eee6cc5fa0, 0x000001eee6cc6098]
Event: 2.415 Thread 0x000001eeff077e20 2887       3       org.gradle.internal.reflect.PropertyAccessorType::of (101 bytes)
Event: 2.416 Thread 0x000001eeff077e20 nmethod 2887 0x000001eee6cc6110 code [0x000001eee6cc6460, 0x000001eee6cc7aa8]
Event: 2.416 Thread 0x000001eeff077e20 2888       3       org.gradle.internal.reflect.PropertyAccessorType::isStatic (8 bytes)
Event: 2.417 Thread 0x000001eeff077e20 nmethod 2888 0x000001eee6cc8190 code [0x000001eee6cc8340, 0x000001eee6cc8508]
Event: 2.417 Thread 0x000001eeff077e20 2889       3       java.util.TreeMap::leftOf (13 bytes)
Event: 2.417 Thread 0x000001eeff077e20 nmethod 2889 0x000001eee6cc8610 code [0x000001eee6cc87c0, 0x000001eee6cc8930]
Event: 2.417 Thread 0x000001eeff077e20 2890       3       org.gradle.internal.reflect.MutableClassDetails::method (12 bytes)
Event: 2.417 Thread 0x000001eeff077e20 nmethod 2890 0x000001eee6cc8a10 code [0x000001eee6cc8bc0, 0x000001eee6cc8d90]
Event: 2.417 Thread 0x000001eeff077e20 2891       3       java.util.LinkedHashMap::values (5 bytes)
Event: 2.417 Thread 0x000001eeff077e20 nmethod 2891 0x000001eee6cc8e90 code [0x000001eee6cc9040, 0x000001eee6cc9180]
Event: 2.417 Thread 0x000001eeff077e20 2892       3       java.util.LinkedHashMap::sequencedValues (31 bytes)
Event: 2.417 Thread 0x000001eeff077e20 nmethod 2892 0x000001eee6cc9210 code [0x000001eee6cc93e0, 0x000001eee6cc9870]
Event: 2.417 Thread 0x000001eeff077e20 2893       3       org.gradle.internal.instantiation.generator.AbstractClassGenerator$DisabledAnnotationValidator::validateMethod (68 bytes)

GC Heap History (7 events):
Event: 0.402 GC heap before
{Heap before GC invocations=0 (full 0):
 garbage-first heap   total 129024K, used 26624K [0x0000000080000000, 0x0000000100000000)
  region size 1024K, 23 young (23552K), 0 survivors (0K)
 Metaspace       used 7971K, committed 8128K, reserved 1114112K
  class space    used 716K, committed 768K, reserved 1048576K
}
Event: 0.406 GC heap after
{Heap after GC invocations=1 (full 0):
 garbage-first heap   total 129024K, used 10544K [0x0000000080000000, 0x0000000100000000)
  region size 1024K, 3 young (3072K), 3 survivors (3072K)
 Metaspace       used 7971K, committed 8128K, reserved 1114112K
  class space    used 716K, committed 768K, reserved 1048576K
}
Event: 0.810 GC heap before
{Heap before GC invocations=1 (full 0):
 garbage-first heap   total 129024K, used 40240K [0x0000000080000000, 0x0000000100000000)
  region size 1024K, 33 young (33792K), 3 survivors (3072K)
 Metaspace       used 11937K, committed 12224K, reserved 1114112K
  class space    used 1265K, committed 1408K, reserved 1048576K
}
Event: 0.816 GC heap after
{Heap after GC invocations=2 (full 0):
 garbage-first heap   total 129024K, used 11920K [0x0000000080000000, 0x0000000100000000)
  region size 1024K, 2 young (2048K), 2 survivors (2048K)
 Metaspace       used 11937K, committed 12224K, reserved 1114112K
  class space    used 1265K, committed 1408K, reserved 1048576K
}
Event: 1.673 GC heap before
{Heap before GC invocations=2 (full 0):
 garbage-first heap   total 129024K, used 77456K [0x0000000080000000, 0x0000000100000000)
  region size 1024K, 66 young (67584K), 2 survivors (2048K)
 Metaspace       used 21195K, committed 21504K, reserved 1114112K
  class space    used 2463K, committed 2624K, reserved 1048576K
}
Event: 1.681 GC heap after
{Heap after GC invocations=3 (full 0):
 garbage-first heap   total 129024K, used 20986K [0x0000000080000000, 0x0000000100000000)
  region size 1024K, 10 young (10240K), 10 survivors (10240K)
 Metaspace       used 21195K, committed 21504K, reserved 1114112K
  class space    used 2463K, committed 2624K, reserved 1048576K
}
Event: 2.418 GC heap before
{Heap before GC invocations=4 (full 0):
 garbage-first heap   total 78848K, used 76282K [0x0000000080000000, 0x0000000100000000)
  region size 1024K, 65 young (66560K), 10 survivors (10240K)
 Metaspace       used 30309K, committed 30912K, reserved 1114112K
  class space    used 3934K, committed 4224K, reserved 1048576K
}

Dll operation events (3 events):
Event: 0.008 Loaded shared library D:\Apps\Android Studio\jbr\bin\java.dll
Event: 0.014 Loaded shared library D:\Apps\Android Studio\jbr\bin\zip.dll
Event: 0.398 Loaded shared library D:\Apps\Android Studio\jbr\bin\verify.dll

Deoptimization events (20 events):
Event: 1.937 Thread 0x000001ee813d88f0 DEOPT PACKING pc=0x000001eeee20f084 sp=0x00000084714fad90
Event: 1.937 Thread 0x000001ee813d88f0 DEOPT UNPACKING pc=0x000001eeedca46a2 sp=0x00000084714fad20 mode 2
Event: 1.981 Thread 0x000001ee813d88f0 Uncommon trap: trap_request=0xffffff45 fr.pc=0x000001eeee211398 relative=0x0000000000000c58
Event: 1.981 Thread 0x000001ee813d88f0 Uncommon trap: reason=unstable_if action=reinterpret pc=0x000001eeee211398 method=java.io.WinNTFileSystem.resolve(Ljava/lang/String;Ljava/lang/String;)Ljava/lang/String; @ 19 c2
Event: 1.981 Thread 0x000001ee813d88f0 DEOPT PACKING pc=0x000001eeee211398 sp=0x00000084714fbaa0
Event: 1.981 Thread 0x000001ee813d88f0 DEOPT UNPACKING pc=0x000001eeedca46a2 sp=0x00000084714fba48 mode 2
Event: 1.982 Thread 0x000001ee813d88f0 DEOPT PACKING pc=0x000001eee67fa15f sp=0x00000084714fb4f0
Event: 1.982 Thread 0x000001ee813d88f0 DEOPT UNPACKING pc=0x000001eeedca4e42 sp=0x00000084714fa988 mode 0
Event: 1.982 Thread 0x000001ee813d88f0 Uncommon trap: trap_request=0xffffff45 fr.pc=0x000001eeee27c100 relative=0x00000000000006a0
Event: 1.982 Thread 0x000001ee813d88f0 Uncommon trap: reason=unstable_if action=reinterpret pc=0x000001eeee27c100 method=java.io.File.getName()Ljava/lang/String; @ 16 c2
Event: 1.982 Thread 0x000001ee813d88f0 DEOPT PACKING pc=0x000001eeee27c100 sp=0x00000084714fba70
Event: 1.982 Thread 0x000001ee813d88f0 DEOPT UNPACKING pc=0x000001eeedca46a2 sp=0x00000084714fba40 mode 2
Event: 2.030 Thread 0x000001ee813d88f0 Uncommon trap: trap_request=0xffffff45 fr.pc=0x000001eeee217f14 relative=0x00000000000000f4
Event: 2.030 Thread 0x000001ee813d88f0 Uncommon trap: reason=unstable_if action=reinterpret pc=0x000001eeee217f14 method=java.util.HashMap.hash(Ljava/lang/Object;)I @ 1 c2
Event: 2.030 Thread 0x000001ee813d88f0 DEOPT PACKING pc=0x000001eeee217f14 sp=0x00000084714fc920
Event: 2.030 Thread 0x000001ee813d88f0 DEOPT UNPACKING pc=0x000001eeedca46a2 sp=0x00000084714fc860 mode 2
Event: 2.415 Thread 0x000001ee813d88f0 Uncommon trap: trap_request=0xffffff45 fr.pc=0x000001eeee33f150 relative=0x0000000000000130
Event: 2.415 Thread 0x000001ee813d88f0 Uncommon trap: reason=unstable_if action=reinterpret pc=0x000001eeee33f150 method=java.util.Arrays.equals([Ljava/lang/Object;[Ljava/lang/Object;)Z @ 44 c2
Event: 2.415 Thread 0x000001ee813d88f0 DEOPT PACKING pc=0x000001eeee33f150 sp=0x00000084714fb8b0
Event: 2.415 Thread 0x000001ee813d88f0 DEOPT UNPACKING pc=0x000001eeedca46a2 sp=0x00000084714fb850 mode 2

Classes loaded (20 events):
Event: 2.237 Loading class java/io/ObjectInputStream
Event: 2.237 Loading class java/io/ObjectInput
Event: 2.237 Loading class java/io/ObjectInput done
Event: 2.237 Loading class java/io/ObjectInputStream done
Event: 2.321 Loading class java/lang/management/MemoryType
Event: 2.321 Loading class java/lang/management/MemoryType done
Event: 2.322 Loading class java/lang/management/MemoryUsage
Event: 2.322 Loading class java/lang/management/MemoryUsage done
Event: 2.322 Loading class java/util/concurrent/LinkedBlockingDeque$Node
Event: 2.322 Loading class java/util/concurrent/LinkedBlockingDeque$Node done
Event: 2.376 Loading class javax/xml/parsers/ParserConfigurationException
Event: 2.376 Loading class javax/xml/parsers/ParserConfigurationException done
Event: 2.376 Loading class org/xml/sax/SAXException
Event: 2.376 Loading class org/xml/sax/SAXException done
Event: 2.376 Loading class javax/xml/xpath/XPathExpressionException
Event: 2.377 Loading class javax/xml/xpath/XPathException
Event: 2.377 Loading class javax/xml/xpath/XPathException done
Event: 2.377 Loading class javax/xml/xpath/XPathExpressionException done
Event: 2.377 Loading class org/xml/sax/ErrorHandler
Event: 2.377 Loading class org/xml/sax/ErrorHandler done

Classes unloaded (0 events):
No events

Classes redefined (0 events):
No events

Internal exceptions (20 events):
Event: 2.065 Thread 0x000001ee813d88f0 Exception <a 'java/lang/NoSuchMethodError'{0x00000000828c33e8}: 'java.lang.Object java.lang.invoke.DelegatingMethodHandle$Holder.reinvoke_L(java.lang.Object, java.lang.Object, java.lang.Object, java.lang.Object, java.lang.Object, java.lang.Object, java.lang.Object, java.lang.Object, java.lang.Object, java.lang.Object, java.lang.Object, java.lang.Object, java.lang.Object, java.lang.Object, java.lang.Object, java.lang.Object, java.lang.Object, java.lang.Object, java.lang.Object, java.lang.Object, java.lang.O
Event: 2.068 Thread 0x000001ee813d88f0 Exception <a 'java/lang/NoSuchMethodError'{0x00000000827302f8}: 'java.lang.Object java.lang.invoke.DirectMethodHandle$Holder.invokeStatic(java.lang.Object, java.lang.Object, java.lang.Object, java.lang.Object, java.lang.Object, java.lang.Object, java.lang.Object, java.lang.Object, java.lang.Object, java.lang.Object, java.lang.Object, java.lang.Object, java.lang.Object, java.lang.Object, java.lang.Object, java.lang.Object, java.lang.Object)'> (0x00000000827302f8) 
thrown [s\src\hotspot\share\interpreter\lin
Event: 2.069 Thread 0x000001ee813d88f0 Exception <a 'java/lang/NoSuchMethodError'{0x0000000082758d28}: 'java.lang.Object java.lang.invoke.DirectMethodHandle$Holder.invokeStatic(java.lang.Object, java.lang.Object, java.lang.Object, java.lang.Object, java.lang.Object, java.lang.Object, java.lang.Object, java.lang.Object, java.lang.Object, java.lang.Object, java.lang.Object, java.lang.Object, java.lang.Object, java.lang.Object, java.lang.Object, java.lang.Object, java.lang.Object, java.lang.Object)'> (0x0000000082758d28) 
thrown [s\src\hotspot\sha
Event: 2.070 Thread 0x000001ee813d88f0 Exception <a 'java/lang/NoSuchMethodError'{0x00000000827811d0}: 'java.lang.Object java.lang.invoke.DirectMethodHandle$Holder.invokeStatic(java.lang.Object, java.lang.Object, java.lang.Object, java.lang.Object, java.lang.Object, java.lang.Object, java.lang.Object, java.lang.Object, java.lang.Object, java.lang.Object, java.lang.Object, java.lang.Object, java.lang.Object, java.lang.Object, java.lang.Object, java.lang.Object, java.lang.Object, java.lang.Object, java.lang.Object)'> (0x00000000827811d0) 
thrown 
Event: 2.071 Thread 0x000001ee813d88f0 Exception <a 'java/lang/NoSuchMethodError'{0x00000000827ad9b8}: 'java.lang.Object java.lang.invoke.DirectMethodHandle$Holder.invokeStatic(java.lang.Object, java.lang.Object, java.lang.Object, java.lang.Object, java.lang.Object, java.lang.Object, java.lang.Object, java.lang.Object, java.lang.Object, java.lang.Object, java.lang.Object, java.lang.Object, java.lang.Object, java.lang.Object, java.lang.Object, java.lang.Object, java.lang.Object, java.lang.Object, java.lang.Object, java.lang.Object)'> (0x00000000
Event: 2.073 Thread 0x000001ee813d88f0 Exception <a 'java/lang/NoSuchMethodError'{0x00000000827d9cf8}: 'java.lang.Object java.lang.invoke.DirectMethodHandle$Holder.invokeStatic(java.lang.Object, java.lang.Object, java.lang.Object, java.lang.Object, java.lang.Object, java.lang.Object, java.lang.Object, java.lang.Object, java.lang.Object, java.lang.Object, java.lang.Object, java.lang.Object, java.lang.Object, java.lang.Object, java.lang.Object, java.lang.Object, java.lang.Object, java.lang.Object, java.lang.Object, java.lang.Object, java.lang.Obj
Event: 2.074 Thread 0x000001ee813d88f0 Exception <a 'java/lang/NoSuchMethodError'{0x0000000082607740}: 'java.lang.Object java.lang.invoke.DirectMethodHandle$Holder.invokeStatic(java.lang.Object, java.lang.Object, java.lang.Object, java.lang.Object, java.lang.Object, java.lang.Object, java.lang.Object, java.lang.Object, java.lang.Object, java.lang.Object, java.lang.Object, java.lang.Object, java.lang.Object, java.lang.Object, java.lang.Object, java.lang.Object, java.lang.Object, java.lang.Object, java.lang.Object, java.lang.Object, java.lang.Obj
Event: 2.076 Thread 0x000001ee813d88f0 Exception <a 'java/lang/NoSuchMethodError'{0x00000000826353b8}: 'java.lang.Object java.lang.invoke.DirectMethodHandle$Holder.invokeStatic(java.lang.Object, java.lang.Object, java.lang.Object, java.lang.Object, java.lang.Object, java.lang.Object, java.lang.Object, java.lang.Object, java.lang.Object, java.lang.Object, java.lang.Object, java.lang.Object, java.lang.Object, java.lang.Object, java.lang.Object, java.lang.Object, java.lang.Object, java.lang.Object, java.lang.Object, java.lang.Object, java.lang.Obj
Event: 2.078 Thread 0x000001ee813d88f0 Exception <a 'java/lang/NoSuchMethodError'{0x0000000082664a08}: 'java.lang.Object java.lang.invoke.DirectMethodHandle$Holder.invokeStatic(java.lang.Object, java.lang.Object, java.lang.Object, java.lang.Object, java.lang.Object, java.lang.Object, java.lang.Object, java.lang.Object, java.lang.Object, java.lang.Object, java.lang.Object, java.lang.Object, java.lang.Object, java.lang.Object, java.lang.Object, java.lang.Object, java.lang.Object, java.lang.Object, java.lang.Object, java.lang.Object, java.lang.Obj
Event: 2.080 Thread 0x000001ee813d88f0 Exception <a 'java/lang/NoSuchMethodError'{0x0000000082694580}: 'java.lang.Object java.lang.invoke.DirectMethodHandle$Holder.invokeStatic(java.lang.Object, java.lang.Object, java.lang.Object, java.lang.Object, java.lang.Object, java.lang.Object, java.lang.Object, java.lang.Object, java.lang.Object, java.lang.Object, java.lang.Object, java.lang.Object, java.lang.Object, java.lang.Object, java.lang.Object, java.lang.Object, java.lang.Object, java.lang.Object, java.lang.Object, java.lang.Object, java.lang.Obj
Event: 2.082 Thread 0x000001ee813d88f0 Exception <a 'java/lang/NoSuchMethodError'{0x00000000826c5820}: 'java.lang.Object java.lang.invoke.DirectMethodHandle$Holder.invokeStatic(java.lang.Object, java.lang.Object, java.lang.Object, java.lang.Object, java.lang.Object, java.lang.Object, java.lang.Object, java.lang.Object, java.lang.Object, java.lang.Object, java.lang.Object, java.lang.Object, java.lang.Object, java.lang.Object, java.lang.Object, java.lang.Object, java.lang.Object, java.lang.Object, java.lang.Object, java.lang.Object, java.lang.Obj
Event: 2.097 Thread 0x000001ee813d88f0 Exception <a 'java/lang/IncompatibleClassChangeError'{0x00000000825bbb50}: Found class java.lang.Object, but interface was expected> (0x00000000825bbb50) 
thrown [s\src\hotspot\share\interpreter\linkResolver.cpp, line 851]
Event: 2.224 Thread 0x000001ee813d88f0 Exception <a 'java/lang/IncompatibleClassChangeError'{0x0000000081bb85e0}: Found class java.lang.Object, but interface was expected> (0x0000000081bb85e0) 
thrown [s\src\hotspot\share\interpreter\linkResolver.cpp, line 851]
Event: 2.228 Thread 0x000001ee813d88f0 Exception <a 'java/lang/NoSuchMethodError'{0x0000000081be97a8}: 'java.lang.Object java.lang.invoke.DirectMethodHandle$Holder.newInvokeSpecial(java.lang.Object, java.lang.Object, java.lang.Object, java.lang.Object, java.lang.Object, java.lang.Object, java.lang.Object, java.lang.Object, java.lang.Object, java.lang.Object, java.lang.Object, java.lang.Object, java.lang.Object)'> (0x0000000081be97a8) 
thrown [s\src\hotspot\share\interpreter\linkResolver.cpp, line 784]
Event: 2.228 Thread 0x000001ee813d88f0 Exception <a 'java/lang/NoSuchMethodError'{0x0000000081beec58}: 'java.lang.Object java.lang.invoke.DirectMethodHandle$Holder.invokeSpecial(java.lang.Object, java.lang.Object, java.lang.Object, java.lang.Object, java.lang.Object, java.lang.Object, java.lang.Object, java.lang.Object, java.lang.Object, java.lang.Object, java.lang.Object, java.lang.Object, java.lang.Object, java.lang.Object)'> (0x0000000081beec58) 
thrown [s\src\hotspot\share\interpreter\linkResolver.cpp, line 784]
Event: 2.229 Thread 0x000001ee813d88f0 Exception <a 'java/lang/NoSuchMethodError'{0x0000000081bf3438}: 'java.lang.Object java.lang.invoke.DelegatingMethodHandle$Holder.reinvoke_L(java.lang.Object, java.lang.Object, java.lang.Object, java.lang.Object, java.lang.Object, java.lang.Object, java.lang.Object, java.lang.Object, java.lang.Object, java.lang.Object, java.lang.Object, java.lang.Object, java.lang.Object)'> (0x0000000081bf3438) 
thrown [s\src\hotspot\share\interpreter\linkResolver.cpp, line 784]
Event: 2.244 Thread 0x000001ee813d88f0 Exception <a 'java/lang/NoSuchMethodError'{0x0000000081915d60}: 'java.lang.Object java.lang.invoke.DirectMethodHandle$Holder.newInvokeSpecial(java.lang.Object, java.lang.Object, java.lang.Object, java.lang.Object, java.lang.Object, java.lang.Object, java.lang.Object, java.lang.Object)'> (0x0000000081915d60) 
thrown [s\src\hotspot\share\interpreter\linkResolver.cpp, line 784]
Event: 2.249 Thread 0x000001ee813d88f0 Exception <a 'java/lang/NoSuchMethodError'{0x0000000081969f18}: 'int java.lang.invoke.DirectMethodHandle$Holder.invokeStaticInit(java.lang.Object, java.lang.Object, java.lang.Object)'> (0x0000000081969f18) 
thrown [s\src\hotspot\share\interpreter\linkResolver.cpp, line 784]
Event: 2.311 Thread 0x000001ee813d88f0 Exception <a 'java/lang/NoSuchMethodError'{0x0000000081488b78}: 'java.lang.Object java.lang.invoke.DirectMethodHandle$Holder.invokeVirtual(java.lang.Object, java.lang.Object, java.lang.Object, java.lang.Object, java.lang.Object, java.lang.Object, java.lang.Object, java.lang.Object, java.lang.Object, java.lang.Object, java.lang.Object, java.lang.Object, java.lang.Object, java.lang.Object, java.lang.Object, java.lang.Object, java.lang.Object, java.lang.Object, java.lang.Object, java.lang.Object, java.lang.Ob
Event: 2.316 Thread 0x000001ee813d88f0 Exception <a 'java/lang/NoSuchMethodError'{0x00000000813021b8}: 'java.lang.Object java.lang.invoke.DirectMethodHandle$Holder.invokeSpecial(java.lang.Object, java.lang.Object, java.lang.Object, java.lang.Object, java.lang.Object, java.lang.Object, java.lang.Object, java.lang.Object, java.lang.Object, java.lang.Object, java.lang.Object, java.lang.Object, java.lang.Object, java.lang.Object, java.lang.Object, java.lang.Object, java.lang.Object, java.lang.Object, java.lang.Object, java.lang.Object, java.lang.Ob

ZGC Phase Switch (0 events):
No events

VM Operations (20 events):
Event: 1.509 Executing VM operation: HandshakeAllThreads (Deoptimize) done
Event: 1.559 Executing VM operation: HandshakeAllThreads (Deoptimize)
Event: 1.559 Executing VM operation: HandshakeAllThreads (Deoptimize) done
Event: 1.673 Executing VM operation: CollectForMetadataAllocation (Metadata GC Threshold)
Event: 1.681 Executing VM operation: CollectForMetadataAllocation (Metadata GC Threshold) done
Event: 1.686 Executing VM operation: G1PauseRemark
Event: 1.688 Executing VM operation: G1PauseRemark done
Event: 1.688 Executing VM operation: G1PauseCleanup
Event: 1.691 Executing VM operation: G1PauseCleanup done
Event: 1.808 Executing VM operation: HandshakeAllThreads (Deoptimize)
Event: 1.808 Executing VM operation: HandshakeAllThreads (Deoptimize) done
Event: 1.917 Executing VM operation: HandshakeAllThreads (Deoptimize)
Event: 1.917 Executing VM operation: HandshakeAllThreads (Deoptimize) done
Event: 2.088 Executing VM operation: HandshakeAllThreads (Deoptimize)
Event: 2.088 Executing VM operation: HandshakeAllThreads (Deoptimize) done
Event: 2.089 Executing VM operation: HandshakeAllThreads (Deoptimize)
Event: 2.089 Executing VM operation: HandshakeAllThreads (Deoptimize) done
Event: 2.415 Executing VM operation: ICBufferFull
Event: 2.415 Executing VM operation: ICBufferFull done
Event: 2.417 Executing VM operation: G1CollectForAllocation (G1 Evacuation Pause)

Events (20 events):
Event: 0.253 Thread 0x000001eeff440ac0 Thread added: 0x000001eeff440ac0
Event: 0.310 Loaded shared library D:\Apps\Android Studio\jbr\bin\jimage.dll
Event: 0.519 Loaded shared library D:\Android\gradle-8.10.2\native\c067742578af261105cb4f569cf0c3c89f3d7b1fecec35dd04571415982c5e48\windows-amd64\native-platform.dll
Event: 0.522 Loaded shared library D:\Android\gradle-8.10.2\native\100fb08df4bc3b14c8652ba06237920a3bd2aa13389f12d3474272988ae205f9\windows-amd64\native-platform-file-events.dll
Event: 1.285 Loaded shared library D:\Apps\Android Studio\jbr\bin\management.dll
Event: 1.286 Loaded shared library D:\Apps\Android Studio\jbr\bin\management_ext.dll
Event: 1.313 Thread 0x000001ee811f2b90 Thread added: 0x000001ee811f2b90
Event: 1.445 Loaded shared library D:\Apps\Android Studio\jbr\bin\extnet.dll
Event: 1.484 Thread 0x000001ee81085120 Thread added: 0x000001ee81085120
Event: 1.539 Thread 0x000001ee81372dd0 Thread added: 0x000001ee81372dd0
Event: 1.584 Thread 0x000001ee80aa4e70 Thread added: 0x000001ee80aa4e70
Event: 1.586 Thread 0x000001ee80aa54e0 Thread added: 0x000001ee80aa54e0
Event: 1.609 Thread 0x000001ee8121cc80 Thread added: 0x000001ee8121cc80
Event: 1.614 Thread 0x000001ee813d88f0 Thread added: 0x000001ee813d88f0
Event: 1.621 Thread 0x000001ee813d1a10 Thread added: 0x000001ee813d1a10
Event: 1.624 Thread 0x000001ee813d0660 Thread added: 0x000001ee813d0660
Event: 1.625 Thread 0x000001ee813d2730 Thread added: 0x000001ee813d2730
Event: 1.918 Thread 0x000001ee813d0cf0 Thread added: 0x000001ee813d0cf0
Event: 1.930 Thread 0x000001ee813d20a0 Thread added: 0x000001ee813d20a0
Event: 1.950 Thread 0x000001ee813d1380 Thread added: 0x000001ee813d1380


Dynamic libraries:
0x00007ff7168a0000 - 0x00007ff7168aa000 	D:\Apps\Android Studio\jbr\bin\java.exe
0x00007ff9f6cb0000 - 0x00007ff9f6ec7000 	C:\WINDOWS\SYSTEM32\ntdll.dll
0x00007ff9f6190000 - 0x00007ff9f6254000 	C:\WINDOWS\System32\KERNEL32.DLL
0x00007ff9f44b0000 - 0x00007ff9f4869000 	C:\WINDOWS\System32\KERNELBASE.dll
0x00007ff9f4240000 - 0x00007ff9f4351000 	C:\WINDOWS\System32\ucrtbase.dll
0x00007ff9e95d0000 - 0x00007ff9e95eb000 	D:\Apps\Android Studio\jbr\bin\VCRUNTIME140.dll
0x00007ff9b3460000 - 0x00007ff9b3478000 	D:\Apps\Android Studio\jbr\bin\jli.dll
0x00007ff9f5fe0000 - 0x00007ff9f618e000 	C:\WINDOWS\System32\USER32.dll
0x00007ff9f49a0000 - 0x00007ff9f49c6000 	C:\WINDOWS\System32\win32u.dll
0x00007ff9d85e0000 - 0x00007ff9d8872000 	C:\WINDOWS\WinSxS\amd64_microsoft.windows.common-controls_6595b64144ccf1df_6.0.22621.4391_none_2715d37f73803e96\COMCTL32.dll
0x00007ff9f62d0000 - 0x00007ff9f62f9000 	C:\WINDOWS\System32\GDI32.dll
0x00007ff9f5250000 - 0x00007ff9f52f7000 	C:\WINDOWS\System32\msvcrt.dll
0x00007ff9f4360000 - 0x00007ff9f447b000 	C:\WINDOWS\System32\gdi32full.dll
0x00007ff9f41a0000 - 0x00007ff9f423a000 	C:\WINDOWS\System32\msvcp_win.dll
0x00007ff9f5fa0000 - 0x00007ff9f5fd1000 	C:\WINDOWS\System32\IMM32.DLL
0x00007ff9ea310000 - 0x00007ff9ea31c000 	D:\Apps\Android Studio\jbr\bin\vcruntime140_1.dll
0x00007ff9b33d0000 - 0x00007ff9b345d000 	D:\Apps\Android Studio\jbr\bin\msvcp140.dll
0x00007ff9ac380000 - 0x00007ff9acffd000 	D:\Apps\Android Studio\jbr\bin\server\jvm.dll
0x00007ff9f5100000 - 0x00007ff9f51b2000 	C:\WINDOWS\System32\ADVAPI32.dll
0x00007ff9f6460000 - 0x00007ff9f6507000 	C:\WINDOWS\System32\sechost.dll
0x00007ff9f4480000 - 0x00007ff9f44a8000 	C:\WINDOWS\System32\bcrypt.dll
0x00007ff9f4d70000 - 0x00007ff9f4e84000 	C:\WINDOWS\System32\RPCRT4.dll
0x00007ff9f65a0000 - 0x00007ff9f6611000 	C:\WINDOWS\System32\WS2_32.dll
0x00007ff9f2e00000 - 0x00007ff9f2e4d000 	C:\WINDOWS\SYSTEM32\POWRPROF.dll
0x00007ff9ec720000 - 0x00007ff9ec754000 	C:\WINDOWS\SYSTEM32\WINMM.dll
0x00007ff9ecc10000 - 0x00007ff9ecc1a000 	C:\WINDOWS\SYSTEM32\VERSION.dll
0x00007ff9f2de0000 - 0x00007ff9f2df3000 	C:\WINDOWS\SYSTEM32\UMPDC.dll
0x00007ff9f30a0000 - 0x00007ff9f30b8000 	C:\WINDOWS\SYSTEM32\kernel.appcore.dll
0x00007ff9e95c0000 - 0x00007ff9e95ca000 	D:\Apps\Android Studio\jbr\bin\jimage.dll
0x00007ff9f17b0000 - 0x00007ff9f19e2000 	C:\WINDOWS\SYSTEM32\DBGHELP.DLL
0x00007ff9f49e0000 - 0x00007ff9f4d6f000 	C:\WINDOWS\System32\combase.dll
0x00007ff9f5620000 - 0x00007ff9f56f7000 	C:\WINDOWS\System32\OLEAUT32.dll
0x00007ff9cdd70000 - 0x00007ff9cdda2000 	C:\WINDOWS\SYSTEM32\dbgcore.DLL
0x00007ff9f4120000 - 0x00007ff9f419b000 	C:\WINDOWS\System32\bcryptPrimitives.dll
0x00007ff9ec8b0000 - 0x00007ff9ec8be000 	D:\Apps\Android Studio\jbr\bin\instrument.dll
0x00007ff9e95a0000 - 0x00007ff9e95bf000 	D:\Apps\Android Studio\jbr\bin\java.dll
0x00007ff9e0780000 - 0x00007ff9e0798000 	D:\Apps\Android Studio\jbr\bin\zip.dll
0x00007ff9f5720000 - 0x00007ff9f5f96000 	C:\WINDOWS\System32\SHELL32.dll
0x00007ff9f1eb0000 - 0x00007ff9f27b3000 	C:\WINDOWS\SYSTEM32\windows.storage.dll
0x00007ff9f1d70000 - 0x00007ff9f1eaf000 	C:\WINDOWS\SYSTEM32\wintypes.dll
0x00007ff9f54c0000 - 0x00007ff9f55b9000 	C:\WINDOWS\System32\SHCORE.dll
0x00007ff9f50a0000 - 0x00007ff9f50fe000 	C:\WINDOWS\System32\shlwapi.dll
0x00007ff9f3ee0000 - 0x00007ff9f3f0b000 	C:\WINDOWS\SYSTEM32\profapi.dll
0x00007ff9e9590000 - 0x00007ff9e95a0000 	D:\Apps\Android Studio\jbr\bin\net.dll
0x00007ff9ec3e0000 - 0x00007ff9ec516000 	C:\WINDOWS\SYSTEM32\WINHTTP.dll
0x00007ff9f3510000 - 0x00007ff9f3579000 	C:\WINDOWS\system32\mswsock.dll
0x00007ff9e03a0000 - 0x00007ff9e03b6000 	D:\Apps\Android Studio\jbr\bin\nio.dll
0x00007ff9dfeb0000 - 0x00007ff9dfec0000 	D:\Apps\Android Studio\jbr\bin\verify.dll
0x00007ff9cd410000 - 0x00007ff9cd437000 	D:\Android\gradle-8.10.2\native\c067742578af261105cb4f569cf0c3c89f3d7b1fecec35dd04571415982c5e48\windows-amd64\native-platform.dll
0x00007ff9ae480000 - 0x00007ff9ae5c4000 	D:\Android\gradle-8.10.2\native\100fb08df4bc3b14c8652ba06237920a3bd2aa13389f12d3474272988ae205f9\windows-amd64\native-platform-file-events.dll
0x00007ff9e0770000 - 0x00007ff9e0779000 	D:\Apps\Android Studio\jbr\bin\management.dll
0x00007ff9e0390000 - 0x00007ff9e039b000 	D:\Apps\Android Studio\jbr\bin\management_ext.dll
0x00007ff9f5610000 - 0x00007ff9f5618000 	C:\WINDOWS\System32\PSAPI.DLL
0x00007ff9f3800000 - 0x00007ff9f381b000 	C:\WINDOWS\SYSTEM32\CRYPTSP.dll
0x00007ff9f3000000 - 0x00007ff9f3035000 	C:\WINDOWS\system32\rsaenh.dll
0x00007ff9f35b0000 - 0x00007ff9f35d8000 	C:\WINDOWS\SYSTEM32\USERENV.dll
0x00007ff9f3710000 - 0x00007ff9f371c000 	C:\WINDOWS\SYSTEM32\CRYPTBASE.dll
0x00007ff9f2a90000 - 0x00007ff9f2abd000 	C:\WINDOWS\SYSTEM32\IPHLPAPI.DLL
0x00007ff9f6260000 - 0x00007ff9f6269000 	C:\WINDOWS\System32\NSI.dll
0x00007ff9e0860000 - 0x00007ff9e0869000 	D:\Apps\Android Studio\jbr\bin\extnet.dll
0x00007ff9ec760000 - 0x00007ff9ec768000 	C:\WINDOWS\system32\wshunix.dll

dbghelp: loaded successfully - version: 4.0.5 - missing functions: none
symbol engine: initialized successfully - sym options: 0x614 - pdb path: .;D:\Apps\Android Studio\jbr\bin;C:\WINDOWS\SYSTEM32;C:\WINDOWS\WinSxS\amd64_microsoft.windows.common-controls_6595b64144ccf1df_6.0.22621.4391_none_2715d37f73803e96;D:\Apps\Android Studio\jbr\bin\server;D:\Android\gradle-8.10.2\native\c067742578af261105cb4f569cf0c3c89f3d7b1fecec35dd04571415982c5e48\windows-amd64;D:\Android\gradle-8.10.2\native\100fb08df4bc3b14c8652ba06237920a3bd2aa13389f12d3474272988ae205f9\windows-amd64

VM Arguments:
jvm_args: --add-opens=java.base/java.util=ALL-UNNAMED --add-opens=java.base/java.lang=ALL-UNNAMED --add-opens=java.base/java.lang.invoke=ALL-UNNAMED --add-opens=java.prefs/java.util.prefs=ALL-UNNAMED --add-exports=jdk.compiler/com.sun.tools.javac.api=ALL-UNNAMED --add-exports=jdk.compiler/com.sun.tools.javac.util=ALL-UNNAMED --add-opens=java.base/java.nio.charset=ALL-UNNAMED --add-opens=java.base/java.net=ALL-UNNAMED --add-opens=java.base/java.util.concurrent.atomic=ALL-UNNAMED -Xmx2048m -Dfile.encoding=UTF-8 -Duser.country=GR -Duser.language=el -Duser.variant -javaagent:D:\Android\gradle-8.10.2\wrapper\dists\gradle-8.9-bin\90cnw93cvbtalezasaz0blq0a\gradle-8.9\lib\agents\gradle-instrumentation-agent-8.9.jar 
java_command: org.gradle.launcher.daemon.bootstrap.GradleDaemon 8.9
java_class_path (initial): D:\Android\gradle-8.10.2\wrapper\dists\gradle-8.9-bin\90cnw93cvbtalezasaz0blq0a\gradle-8.9\lib\gradle-daemon-main-8.9.jar
Launcher Type: SUN_STANDARD

[Global flags]
     intx CICompilerCount                          = 4                                         {product} {ergonomic}
     uint ConcGCThreads                            = 2                                         {product} {ergonomic}
     uint G1ConcRefinementThreads                  = 8                                         {product} {ergonomic}
   size_t G1HeapRegionSize                         = 1048576                                   {product} {ergonomic}
    uintx GCDrainStackTargetSize                   = 64                                        {product} {ergonomic}
   size_t InitialHeapSize                          = 132120576                                 {product} {ergonomic}
   size_t MarkStackSize                            = 4194304                                   {product} {ergonomic}
   size_t MaxHeapSize                              = 2147483648                                {product} {command line}
   size_t MaxNewSize                               = 1287651328                                {product} {ergonomic}
   size_t MinHeapDeltaBytes                        = 1048576                                   {product} {ergonomic}
   size_t MinHeapSize                              = 8388608                                   {product} {ergonomic}
    uintx NonNMethodCodeHeapSize                   = 5839372                                {pd product} {ergonomic}
    uintx NonProfiledCodeHeapSize                  = 122909434                              {pd product} {ergonomic}
    uintx ProfiledCodeHeapSize                     = 122909434                              {pd product} {ergonomic}
    uintx ReservedCodeCacheSize                    = 251658240                              {pd product} {ergonomic}
     bool SegmentedCodeCache                       = true                                      {product} {ergonomic}
   size_t SoftMaxHeapSize                          = 2147483648                             {manageable} {ergonomic}
     bool UseCompressedOops                        = true                           {product lp64_product} {ergonomic}
     bool UseG1GC                                  = true                                      {product} {ergonomic}
     bool UseLargePagesIndividualAllocation        = false                                  {pd product} {ergonomic}

Logging:
Log output configuration:
 #0: stdout all=warning uptime,level,tags foldmultilines=false
 #1: stderr all=off uptime,level,tags foldmultilines=false

Environment Variables:
JAVA_HOME=D:\Android\AndroidStudio\jbr
PATH=D:\VMware\installation\bin\;C:\Program Files\Common Files\Oracle\Java\javapath;C:\WINDOWS\system32;C:\WINDOWS;C:\WINDOWS\System32\Wbem;C:\WINDOWS\System32\WindowsPowerShell\v1.0\;C:\WINDOWS\System32\OpenSSH\;C:\Program Files\PuTTY\;D:\Matlab\bin;C:\Program Files\Java\jdk-18.0.1\bin;C:\Program Files\dotnet\;C:\Program Files\Docker\Docker\resources\bin;D:\Apps\Git\cmd;C:\Users\User\AppData\Local\Programs\Python\Python312\Scripts\;C:\Users\User\AppData\Local\Programs\Python\Python312\;C:\Users\User\AppData\Local\Microsoft\WindowsApps;D:\Apps\CLion 2023.3.4\bin;;C:\MinGW\bin;D:\Apps\Microsoft VS Code\bin
USERNAME=User
OS=Windows_NT
PROCESSOR_IDENTIFIER=Intel64 Family 6 Model 142 Stepping 12, GenuineIntel
TMP=C:\Users\User\AppData\Local\Temp
TEMP=C:\Users\User\AppData\Local\Temp




Periodic native trim disabled

JNI global refs:
JNI global refs: 25, weak refs: 0

JNI global refs memory usage: 835, weak refs: 833

Process memory usage:
Resident Set Size: 212656K (2% of 8256680K total physical memory with 450436K free physical memory)

OOME stack traces (most recent first):
Classloader memory used:
Loader bootstrap                                                                       : 16382K
Loader org.gradle.internal.classloader.VisitableURLClassLoader                         : 11620K
Loader org.gradle.initialization.MixInLegacyTypesClassLoader                           : 1930K
Loader jdk.internal.loader.ClassLoaders$AppClassLoader                                 : 230K
Loader jdk.internal.loader.ClassLoaders$PlatformClassLoader                            : 146K

Classes loaded by more than one classloader:
Class org.gradle.internal.classloader.FilteringClassLoader                            : loaded 2 times (x 102B)
Class org.gradle.internal.classloader.ClassLoaderHierarchy                            : loaded 2 times (x 67B)
Class org.gradle.api.internal.classpath.ManifestUtil                                  : loaded 2 times (x 68B)
Class org.gradle.internal.classloader.DefaultClassLoaderFactory                       : loaded 2 times (x 79B)
Class org.gradle.internal.classloader.ClassLoaderVisitor                              : loaded 2 times (x 73B)
Class org.gradle.api.internal.classpath.EffectiveClassPath                            : loaded 2 times (x 87B)
Class org.gradle.api.internal.DefaultClassPathProvider                                : loaded 2 times (x 73B)
Class [Lorg.gradle.api.internal.ClassPathProvider;                                    : loaded 2 times (x 66B)
Class org.gradle.api.internal.ClassPathProvider                                       : loaded 2 times (x 67B)
Class org.gradle.internal.service.UnknownServiceException                             : loaded 2 times (x 80B)
Class org.gradle.internal.classpath.TransformedClassPath                              : loaded 2 times (x 93B)
Class org.gradle.internal.service.ServiceLocator                                      : loaded 2 times (x 67B)
Class org.gradle.internal.InternalTransformer                                         : loaded 2 times (x 67B)
Class org.gradle.internal.classloader.ClasspathUtil$1                                 : loaded 2 times (x 73B)
Class org.gradle.api.internal.classpath.DefaultModuleRegistry$DefaultModule           : loaded 2 times (x 83B)
Class org.gradle.api.internal.classpath.Module                                        : loaded 2 times (x 67B)
Class org.gradle.api.internal.classpath.UnknownModuleException                        : loaded 2 times (x 79B)
Class org.gradle.api.internal.DefaultClassPathRegistry                                : loaded 2 times (x 73B)
Class org.gradle.api.internal.ClassPathRegistry                                       : loaded 2 times (x 67B)
Class org.gradle.internal.classpath.DefaultClassPath$ImmutableUniqueList              : loaded 2 times (x 196B)
Class org.gradle.internal.classpath.ClassPath                                         : loaded 2 times (x 67B)
Class org.gradle.api.UncheckedIOException                                             : loaded 2 times (x 79B)
Class org.gradle.internal.installation.GradleInstallation$1                           : loaded 2 times (x 72B)
Class org.gradle.api.internal.classpath.ModuleRegistry                                : loaded 2 times (x 67B)
Class org.gradle.api.internal.classpath.DefaultModuleRegistry                         : loaded 2 times (x 80B)
Class org.gradle.internal.service.ServiceLookupException                              : loaded 2 times (x 79B)
Class org.gradle.internal.classloader.ClassLoaderFactory                              : loaded 2 times (x 67B)
Class org.gradle.internal.service.CachingServiceLocator                               : loaded 2 times (x 79B)
Class org.gradle.internal.classloader.ClasspathUtil                                   : loaded 2 times (x 68B)
Class org.gradle.api.specs.Spec                                                       : loaded 2 times (x 67B)
Class org.gradle.internal.classloader.VisitableURLClassLoader$InstrumentingVisitableURLClassLoader: loaded 2 times (x 120B)
Class org.gradle.internal.classloader.VisitableURLClassLoader$Spec                    : loaded 2 times (x 71B)
Class org.gradle.internal.classpath.DefaultClassPath                                  : loaded 2 times (x 87B)
Class org.gradle.internal.classloader.ClassLoaderSpec                                 : loaded 2 times (x 68B)
Class org.gradle.internal.classloader.VisitableURLClassLoader                         : loaded 2 times (x 114B)
Class org.gradle.internal.Cast                                                        : loaded 2 times (x 68B)
Class org.gradle.api.Action                                                           : loaded 2 times (x 67B)
Class org.gradle.internal.agents.InstrumentingClassLoader                             : loaded 2 times (x 67B)
Class org.gradle.internal.classpath.DefaultClassPath$ImmutableUniqueList$Builder      : loaded 2 times (x 72B)
Class org.gradle.api.GradleException                                                  : loaded 2 times (x 79B)
Class org.gradle.internal.IoActions                                                   : loaded 2 times (x 68B)
Class org.gradle.internal.classloader.SystemClassLoaderSpec                           : loaded 2 times (x 68B)
Class org.gradle.internal.installation.CurrentGradleInstallationLocator               : loaded 2 times (x 68B)
Class org.gradle.internal.service.DefaultServiceLocator                               : loaded 2 times (x 80B)
Class org.gradle.internal.installation.CurrentGradleInstallation                      : loaded 2 times (x 70B)
Class org.gradle.util.internal.GUtil                                                  : loaded 2 times (x 68B)
Class org.gradle.internal.installation.GradleInstallation                             : loaded 2 times (x 72B)

---------------  S Y S T E M  ---------------

OS:
 Windows 11 , 64 bit Build 22621 (10.0.22621.4391)
OS uptime: 0 days 11:30 hours
Hyper-V role detected

CPU: total 8 (initial active 8) (4 cores per cpu, 2 threads per core) family 6 model 142 stepping 12 microcode 0xf8, cx8, cmov, fxsr, ht, mmx, 3dnowpref, sse, sse2, sse3, ssse3, sse4.1, sse4.2, popcnt, lzcnt, tsc, tscinvbit, avx, avx2, aes, erms, clmul, bmi1, bmi2, adx, fma, vzeroupper, clflush, clflushopt, hv, rdtscp, f16c
Processor Information for all 8 processors :
  Max Mhz: 1800, Current Mhz: 1600, Mhz Limit: 1584

Memory: 4k page, system-wide physical 8063M (439M free)
TotalPageFile size 10111M (AvailPageFile size 9M)
current process WorkingSet (physical memory assigned to process): 207M, peak: 210M
current process commit charge ("private bytes"): 248M, peak: 253M

vm_info: OpenJDK 64-Bit Server VM (21.0.3+-12282718-b509.11) for windows-amd64 JRE (21.0.3+-12282718-b509.11), built on 2024-08-27T17:34:15Z by "builder" with MS VC++ 16.10 / 16.11 (VS2019)

END.
