#
# There is insufficient memory for the Java Runtime Environment to continue.
# Native memory allocation (mmap) failed to map 132120576 bytes. Error detail: G1 virtual space
# Possible reasons:
#   The system is out of physical RAM or swap space
#   This process is running with CompressedOops enabled, and the Java Heap may be blocking the growth of the native heap
# Possible solutions:
#   Reduce memory load on the system
#   Increase physical memory or swap space
#   Check if swap backing store is full
#   Decrease Java heap size (-Xmx/-Xms)
#   Decrease number of Java threads
#   Decrease Java thread stack sizes (-Xss)
#   Set larger code cache with -XX:ReservedCodeCacheSize=
#   JVM is running with Unscaled Compressed Oops mode in which the Java heap is
#     placed in the first 4GB address space. The Java Heap base address is the
#     maximum limit for the native heap growth. Please use -XX:HeapBaseMinAddress
#     to set the Java Heap base and to place the Java Heap above 4GB virtual address.
# This output file may be truncated or incomplete.
#
#  Out of Memory Error (os_windows.cpp:3815), pid=14644, tid=15960
#
# JRE version:  (21.0.3) (build )
# Java VM: OpenJDK 64-Bit Server VM (21.0.3+-12282718-b509.11, mixed mode, sharing, tiered, compressed oops, compressed class ptrs, g1 gc, windows-amd64)
# No core dump will be written. Minidumps are not enabled by default on client versions of Windows
#

---------------  S U M M A R Y ------------

Command Line: git4idea.http.GitAskPassApp Username for 'https://github.com': 

Host: Intel(R) Core(TM) i5-8265U CPU @ 1.60GHz, 8 cores, 7G,  Windows 11 , 64 bit Build 22621 (10.0.22621.4391)
Time: Tue Nov 19 21:11:51 2024  Windows 11 , 64 bit Build 22621 (10.0.22621.4391) elapsed time: 0.011154 seconds (0d 0h 0m 0s)

---------------  T H R E A D  ---------------

Current thread (0x000002383dca1d60):  JavaThread "Unknown thread" [_thread_in_vm, id=15960, stack(0x000000bad9800000,0x000000bad9900000) (1024K)]

Stack: [0x000000bad9800000,0x000000bad9900000]
Native frames: (J=compiled Java code, j=interpreted, Vv=VM code, C=native code)
V  [jvm.dll+0x6cafb9]
V  [jvm.dll+0x858523]
V  [jvm.dll+0x85aa7e]
V  [jvm.dll+0x85b163]
V  [jvm.dll+0x27d356]
V  [jvm.dll+0x6c7865]
V  [jvm.dll+0x6bbd3a]
V  [jvm.dll+0x35199b]
V  [jvm.dll+0x3595d6]
V  [jvm.dll+0x3aa826]
V  [jvm.dll+0x3aaaf8]
V  [jvm.dll+0x3240bc]
V  [jvm.dll+0x324dab]
V  [jvm.dll+0x81fd89]
V  [jvm.dll+0x3b7c08]
V  [jvm.dll+0x80921d]
V  [jvm.dll+0x44c05e]
V  [jvm.dll+0x44d6b1]
C  [jli.dll+0x52ab]
C  [ucrtbase.dll+0x29333]
C  [KERNEL32.DLL+0x1259d]
C  [ntdll.dll+0x5af38]


---------------  P R O C E S S  ---------------

Threads class SMR info:
_java_thread_list=0x00007ffcbba857c8, length=0, elements={
}

Java Threads: ( => current thread )
Total: 0

Other Threads:
  0x000002383fedb2b0 WorkerThread "GC Thread#0"                     [id=15700, stack(0x000000bad9900000,0x000000bad9a00000) (1024K)]
  0x000002383feebe90 ConcurrentGCThread "G1 Main Marker"            [id=15140, stack(0x000000bad9a00000,0x000000bad9b00000) (1024K)]
  0x000002383feecb00 WorkerThread "G1 Conc#0"                       [id=11672, stack(0x000000bad9b00000,0x000000bad9c00000) (1024K)]

[error occurred during error reporting (printing all threads), id 0xc0000005, EXCEPTION_ACCESS_VIOLATION (0xc0000005) at pc=0x00007ffcbb287197]
VM state: not at safepoint (not fully initialized)

VM Mutex/Monitor currently owned by a thread:  ([mutex/lock_event])
[0x00007ffcbbaf21c8] Heap_lock - owner thread: 0x000002383dca1d60

Heap address: 0x0000000082000000, size: 2016 MB, Compressed Oops mode: 32-bit

CDS archive(s) mapped at: [0x0000000000000000-0x0000000000000000-0x0000000000000000), size 0, SharedBaseAddress: 0x0000000800000000, ArchiveRelocationMode: 1.
Narrow klass base: 0x0000000000000000, Narrow klass shift: 0, Narrow klass range: 0x0

GC Precious Log:
 CardTable entry size: 512
 Card Set container configuration: InlinePtr #cards 5 size 8 Array Of Cards #cards 12 size 40 Howl #buckets 4 coarsen threshold 1843 Howl Bitmap #cards 512 size 80 coarsen threshold 460 Card regions per heap region 1 cards per card region 2048

Heap:
 garbage-first heap   total 0K, used 0K [0x0000000082000000, 0x0000000100000000)
  region size 1024K, 0 young (0K), 0 survivors (0K)
 Metaspace       used 0K, committed 0K, reserved 0K
  class space    used 0K, committed 0K, reserved 0K

Heap Regions: E=young(eden), S=young(survivor), O=old, HS=humongous(starts), HC=humongous(continues), CS=collection set, F=free, TAMS=top-at-mark-start, PB=parsable bottom

Card table byte_map: [0x00000238526f0000,0x0000023852ae0000] _byte_map_base: 0x00000238522e0000

Marking Bits: (CMBitMap*) 0x000002383fedb9b0
 Bits: [0x0000023852ae0000, 0x0000023854a60000)

GC Heap History (0 events):
No events

Dll operation events (1 events):
Event: 0.008 Loaded shared library D:\Apps\Android Studio\jbr\bin\java.dll

Deoptimization events (0 events):
No events

Classes loaded (0 events):
No events

Classes unloaded (0 events):
No events

Classes redefined (0 events):
No events

Internal exceptions (0 events):
No events

ZGC Phase Switch (0 events):
No events

VM Operations (0 events):
No events

Events (0 events):
No events


Dynamic libraries:
0x00007ff6f51c0000 - 0x00007ff6f51ca000 	D:\Apps\Android Studio\jbr\bin\java.exe
0x00007ffd0c070000 - 0x00007ffd0c287000 	C:\WINDOWS\SYSTEM32\ntdll.dll
0x00007ffd0ae60000 - 0x00007ffd0af24000 	C:\WINDOWS\System32\KERNEL32.DLL
0x00007ffd099d0000 - 0x00007ffd09d89000 	C:\WINDOWS\System32\KERNELBASE.dll
0x00007ffd094e0000 - 0x00007ffd095f1000 	C:\WINDOWS\System32\ucrtbase.dll
0x00007ffcf1d00000 - 0x00007ffcf1d1b000 	D:\Apps\Android Studio\jbr\bin\VCRUNTIME140.dll
0x00007ffcda020000 - 0x00007ffcda038000 	D:\Apps\Android Studio\jbr\bin\jli.dll
0x00007ffd0ba00000 - 0x00007ffd0bbae000 	C:\WINDOWS\System32\USER32.dll
0x00007ffcea5d0000 - 0x00007ffcea862000 	C:\WINDOWS\WinSxS\amd64_microsoft.windows.common-controls_6595b64144ccf1df_6.0.22621.4391_none_2715d37f73803e96\COMCTL32.dll
0x00007ffd09600000 - 0x00007ffd09626000 	C:\WINDOWS\System32\win32u.dll
0x00007ffd0a590000 - 0x00007ffd0a637000 	C:\WINDOWS\System32\msvcrt.dll
0x00007ffd0be30000 - 0x00007ffd0be59000 	C:\WINDOWS\System32\GDI32.dll
0x00007ffd09740000 - 0x00007ffd0985b000 	C:\WINDOWS\System32\gdi32full.dll
0x00007ffd09630000 - 0x00007ffd096ca000 	C:\WINDOWS\System32\msvcp_win.dll
0x00007ffd0bbb0000 - 0x00007ffd0bbe1000 	C:\WINDOWS\System32\IMM32.DLL
0x00007ffd04700000 - 0x00007ffd0470c000 	D:\Apps\Android Studio\jbr\bin\vcruntime140_1.dll
0x00007ffcce6c0000 - 0x00007ffcce74d000 	D:\Apps\Android Studio\jbr\bin\msvcp140.dll
0x00007ffcbaf50000 - 0x00007ffcbbbcd000 	D:\Apps\Android Studio\jbr\bin\server\jvm.dll
0x00007ffd0a310000 - 0x00007ffd0a3c2000 	C:\WINDOWS\System32\ADVAPI32.dll
0x00007ffd0ad10000 - 0x00007ffd0adb7000 	C:\WINDOWS\System32\sechost.dll
0x00007ffd09370000 - 0x00007ffd09398000 	C:\WINDOWS\System32\bcrypt.dll
0x00007ffd0a660000 - 0x00007ffd0a774000 	C:\WINDOWS\System32\RPCRT4.dll
0x00007ffd0af40000 - 0x00007ffd0afb1000 	C:\WINDOWS\System32\WS2_32.dll
0x00007ffd081c0000 - 0x00007ffd0820d000 	C:\WINDOWS\SYSTEM32\POWRPROF.dll
0x00007ffd04df0000 - 0x00007ffd04dfa000 	C:\WINDOWS\SYSTEM32\VERSION.dll
0x00007ffd04ac0000 - 0x00007ffd04af4000 	C:\WINDOWS\SYSTEM32\WINMM.dll
0x00007ffd081a0000 - 0x00007ffd081b3000 	C:\WINDOWS\SYSTEM32\UMPDC.dll
0x00007ffd08460000 - 0x00007ffd08478000 	C:\WINDOWS\SYSTEM32\kernel.appcore.dll
0x00007ffcf42c0000 - 0x00007ffcf42ca000 	D:\Apps\Android Studio\jbr\bin\jimage.dll
0x00007ffd06b80000 - 0x00007ffd06db2000 	C:\WINDOWS\SYSTEM32\DBGHELP.DLL
0x00007ffd09f80000 - 0x00007ffd0a30f000 	C:\WINDOWS\System32\combase.dll
0x00007ffd0bc50000 - 0x00007ffd0bd27000 	C:\WINDOWS\System32\OLEAUT32.dll
0x00007ffce2600000 - 0x00007ffce2632000 	C:\WINDOWS\SYSTEM32\dbgcore.DLL
0x00007ffd093a0000 - 0x00007ffd0941b000 	C:\WINDOWS\System32\bcryptPrimitives.dll
0x00007ffcf0480000 - 0x00007ffcf049f000 	D:\Apps\Android Studio\jbr\bin\java.dll

dbghelp: loaded successfully - version: 4.0.5 - missing functions: none
symbol engine: initialized successfully - sym options: 0x614 - pdb path: .;D:\Apps\Android Studio\jbr\bin;C:\WINDOWS\SYSTEM32;C:\WINDOWS\WinSxS\amd64_microsoft.windows.common-controls_6595b64144ccf1df_6.0.22621.4391_none_2715d37f73803e96;D:\Apps\Android Studio\jbr\bin\server

VM Arguments:
java_command: git4idea.http.GitAskPassApp Username for 'https://github.com': 
java_class_path (initial): D:/Apps/Android Studio/plugins/vcs-git/lib/git4idea-rt.jar;D:/Apps/Android Studio/lib/externalProcess-rt.jar
Launcher Type: SUN_STANDARD

[Global flags]
     intx CICompilerCount                          = 4                                         {product} {ergonomic}
     uint ConcGCThreads                            = 2                                         {product} {ergonomic}
     uint G1ConcRefinementThreads                  = 8                                         {product} {ergonomic}
   size_t G1HeapRegionSize                         = 1048576                                   {product} {ergonomic}
    uintx GCDrainStackTargetSize                   = 64                                        {product} {ergonomic}
   size_t InitialHeapSize                          = 132120576                                 {product} {ergonomic}
   size_t MarkStackSize                            = 4194304                                   {product} {ergonomic}
   size_t MaxHeapSize                              = 2113929216                                {product} {ergonomic}
   size_t MinHeapDeltaBytes                        = 1048576                                   {product} {ergonomic}
   size_t MinHeapSize                              = 8388608                                   {product} {ergonomic}
    uintx NonNMethodCodeHeapSize                   = 5839372                                {pd product} {ergonomic}
    uintx NonProfiledCodeHeapSize                  = 122909434                              {pd product} {ergonomic}
    uintx ProfiledCodeHeapSize                     = 122909434                              {pd product} {ergonomic}
    uintx ReservedCodeCacheSize                    = 251658240                              {pd product} {ergonomic}
     bool SegmentedCodeCache                       = true                                      {product} {ergonomic}
   size_t SoftMaxHeapSize                          = 2113929216                             {manageable} {ergonomic}
     bool UseCompressedOops                        = true                           {product lp64_product} {ergonomic}
     bool UseG1GC                                  = true                                      {product} {ergonomic}
     bool UseLargePagesIndividualAllocation        = false                                  {pd product} {ergonomic}

Logging:
Log output configuration:
 #0: stdout all=warning uptime,level,tags foldmultilines=false
 #1: stderr all=off uptime,level,tags foldmultilines=false

Environment Variables:
JAVA_HOME=D:\Android\AndroidStudio\jbr
PATH=D:\Apps\Git\mingw64\libexec\git-core;D:\Apps\Git\mingw64\libexec\git-core;D:\Apps\Git\mingw64\bin;D:\Apps\Git\usr\bin;C:\Users\User\bin;D:\VMware\installation\bin;C:\Program Files\Common Files\Oracle\Java\javapath;C:\WINDOWS\system32;C:\WINDOWS;C:\WINDOWS\System32\Wbem;C:\WINDOWS\System32\WindowsPowerShell\v1.0;C:\WINDOWS\System32\OpenSSH;C:\Program Files\PuTTY;D:\Matlab\bin;C:\Program Files\Java\jdk-18.0.1\bin;C:\Program Files\dotnet;C:\Program Files\Docker\Docker\resources\bin;D:\Apps\Git\cmd;C:\Users\User\AppData\Local\Programs\Python\Python312\Scripts;C:\Users\User\AppData\Local\Programs\Python\Python312;C:\Users\User\AppData\Local\Microsoft\WindowsApps;D:\Apps\CLion 2023.3.4\bin;C:\MinGW\bin;D:\Apps\Microsoft VS Code\bin
USERNAME=User
DISPLAY=:0.0
LC_ALL=en_US.UTF-8
TERM=xterm-256color
TMPDIR=C:\Users\User\AppData\Local\Temp
OS=Windows_NT
PROCESSOR_IDENTIFIER=Intel64 Family 6 Model 142 Stepping 12, GenuineIntel
TMP=C:\Users\User\AppData\Local\Temp
TEMP=C:\Users\User\AppData\Local\Temp




Periodic native trim disabled

JNI global refs:
JNI global refs: 0, weak refs: 0

JNI global refs memory usage: 0, weak refs: 0

Process memory usage:
Resident Set Size: 11536K (0% of 8256680K total physical memory with 353336K free physical memory)

OOME stack traces (most recent first):
Classloader memory used:

---------------  S Y S T E M  ---------------

OS:
 Windows 11 , 64 bit Build 22621 (10.0.22621.4391)
OS uptime: 1 days 5:28 hours
Hyper-V role detected

CPU: total 8 (initial active 8) (4 cores per cpu, 2 threads per core) family 6 model 142 stepping 12 microcode 0xf8, cx8, cmov, fxsr, ht, mmx, 3dnowpref, sse, sse2, sse3, ssse3, sse4.1, sse4.2, popcnt, lzcnt, tsc, tscinvbit, avx, avx2, aes, erms, clmul, bmi1, bmi2, adx, fma, vzeroupper, clflush, clflushopt, hv, rdtscp, f16c
Processor Information for all 8 processors :
  Max Mhz: 1800, Current Mhz: 1600, Mhz Limit: 1584

Memory: 4k page, system-wide physical 8063M (345M free)
TotalPageFile size 10111M (AvailPageFile size 23M)
current process WorkingSet (physical memory assigned to process): 11M, peak: 11M
current process commit charge ("private bytes"): 60M, peak: 186M

vm_info: OpenJDK 64-Bit Server VM (21.0.3+-12282718-b509.11) for windows-amd64 JRE (21.0.3+-12282718-b509.11), built on 2024-08-27T17:34:15Z by "builder" with MS VC++ 16.10 / 16.11 (VS2019)

END.
