#
# There is insufficient memory for the Java Runtime Environment to continue.
# Native memory allocation (malloc) failed to allocate 1538576 bytes. Error detail: Chunk::new
# Possible reasons:
#   The system is out of physical RAM or swap space
#   This process is running with CompressedOops enabled, and the Java Heap may be blocking the growth of the native heap
# Possible solutions:
#   Reduce memory load on the system
#   Increase physical memory or swap space
#   Check if swap backing store is full
#   Decrease Java heap size (-Xmx/-Xms)
#   Decrease number of Java threads
#   Decrease Java thread stack sizes (-Xss)
#   Set larger code cache with -XX:ReservedCodeCacheSize=
#   JVM is running with Unscaled Compressed Oops mode in which the Java heap is
#     placed in the first 4GB address space. The Java Heap base address is the
#     maximum limit for the native heap growth. Please use -XX:HeapBaseMinAddress
#     to set the Java Heap base and to place the Java Heap above 4GB virtual address.
# This output file may be truncated or incomplete.
#
#  Out of Memory Error (arena.cpp:168), pid=1800, tid=15704
#
# JRE version: OpenJDK Runtime Environment (21.0.3) (build 21.0.3+-12282718-b509.11)
# Java VM: OpenJDK 64-Bit Server VM (21.0.3+-12282718-b509.11, mixed mode, tiered, compressed oops, compressed class ptrs, g1 gc, windows-amd64)
# No core dump will be written. Minidumps are not enabled by default on client versions of Windows
#

---------------  S U M M A R Y ------------

Command Line: --add-opens=java.base/java.util=ALL-UNNAMED --add-opens=java.base/java.lang=ALL-UNNAMED --add-opens=java.base/java.lang.invoke=ALL-UNNAMED --add-opens=java.prefs/java.util.prefs=ALL-UNNAMED --add-exports=jdk.compiler/com.sun.tools.javac.api=ALL-UNNAMED --add-exports=jdk.compiler/com.sun.tools.javac.util=ALL-UNNAMED --add-opens=java.base/java.nio.charset=ALL-UNNAMED --add-opens=java.base/java.net=ALL-UNNAMED --add-opens=java.base/java.util.concurrent.atomic=ALL-UNNAMED -Xmx2048m -Dfile.encoding=UTF-8 -Duser.country=GR -Duser.language=el -Duser.variant -javaagent:D:\Android\gradle-8.10.2\wrapper\dists\gradle-8.9-bin\90cnw93cvbtalezasaz0blq0a\gradle-8.9\lib\agents\gradle-instrumentation-agent-8.9.jar org.gradle.launcher.daemon.bootstrap.GradleDaemon 8.9

Host: Intel(R) Core(TM) i5-8265U CPU @ 1.60GHz, 8 cores, 7G,  Windows 11 , 64 bit Build 22621 (10.0.22621.4391)
Time: Sun Nov 17 07:03:11 2024  Windows 11 , 64 bit Build 22621 (10.0.22621.4391) elapsed time: 4.353742 seconds (0d 0h 0m 4s)

---------------  T H R E A D  ---------------

Current thread (0x0000024f1341ceb0):  JavaThread "C2 CompilerThread1" daemon [_thread_in_native, id=15704, stack(0x000000a93e000000,0x000000a93e100000) (1024K)]


Current CompileTask:
C2:   4353 4582       4       java.lang.invoke.InvokerBytecodeGenerator::addMethod (725 bytes)

Stack: [0x000000a93e000000,0x000000a93e100000]
Native frames: (J=compiled Java code, j=interpreted, Vv=VM code, C=native code)
V  [jvm.dll+0x6cafb9]
V  [jvm.dll+0x858523]
V  [jvm.dll+0x85aa7e]
V  [jvm.dll+0x85b163]
V  [jvm.dll+0x27d356]
V  [jvm.dll+0xbf93d]
V  [jvm.dll+0xbfe73]
V  [jvm.dll+0x3b1cb1]
V  [jvm.dll+0x37e787]
V  [jvm.dll+0x37dbfa]
V  [jvm.dll+0x246b02]
V  [jvm.dll+0x2460d1]
V  [jvm.dll+0x1c5804]
V  [jvm.dll+0x25575c]
V  [jvm.dll+0x253c36]
V  [jvm.dll+0x3ec996]
V  [jvm.dll+0x800d78]
V  [jvm.dll+0x6c98cd]
C  [ucrtbase.dll+0x29333]
C  [KERNEL32.DLL+0x1259d]
C  [ntdll.dll+0x5af38]


---------------  P R O C E S S  ---------------

Threads class SMR info:
_java_thread_list=0x0000024f15adaaa0, length=33, elements={
0x0000024f77467e20, 0x0000024f1308a1a0, 0x0000024f130694c0, 0x0000024f130746f0,
0x0000024f1306d200, 0x0000024f1306fc70, 0x0000024f130a56e0, 0x0000024f13071010,
0x0000024f13072c10, 0x0000024f130a3ca0, 0x0000024f130a4330, 0x0000024f1341ceb0,
0x0000024f130a5d70, 0x0000024f130a6400, 0x0000024f130a5050, 0x0000024f130a3610,
0x0000024f130a49c0, 0x0000024f14fc0e50, 0x0000024f14fbfaa0, 0x0000024f14fc2f20,
0x0000024f14fc35b0, 0x0000024f14fc4960, 0x0000024f14fc0130, 0x0000024f14fc3c40,
0x0000024f14fc1b70, 0x0000024f14fc42d0, 0x0000024f14fc2200, 0x0000024f14fbe6f0,
0x0000024f14fc4ff0, 0x0000024f14fbe060, 0x0000024f14fc14e0, 0x0000024f14fc2890,
0x0000024f14fc5680
}

Java Threads: ( => current thread )
  0x0000024f77467e20 JavaThread "main"                              [_thread_blocked, id=1512, stack(0x000000a93ce00000,0x000000a93cf00000) (1024K)]
  0x0000024f1308a1a0 JavaThread "Reference Handler"          daemon [_thread_blocked, id=14940, stack(0x000000a93d600000,0x000000a93d700000) (1024K)]
  0x0000024f130694c0 JavaThread "Finalizer"                  daemon [_thread_blocked, id=12628, stack(0x000000a93d700000,0x000000a93d800000) (1024K)]
  0x0000024f130746f0 JavaThread "Signal Dispatcher"          daemon [_thread_blocked, id=8048, stack(0x000000a93d800000,0x000000a93d900000) (1024K)]
  0x0000024f1306d200 JavaThread "Attach Listener"            daemon [_thread_blocked, id=2460, stack(0x000000a93d900000,0x000000a93da00000) (1024K)]
  0x0000024f1306fc70 JavaThread "Service Thread"             daemon [_thread_blocked, id=9984, stack(0x000000a93da00000,0x000000a93db00000) (1024K)]
  0x0000024f130a56e0 JavaThread "Monitor Deflation Thread"   daemon [_thread_blocked, id=5012, stack(0x000000a93db00000,0x000000a93dc00000) (1024K)]
  0x0000024f13071010 JavaThread "C2 CompilerThread0"         daemon [_thread_in_native, id=14800, stack(0x000000a93dc00000,0x000000a93dd00000) (1024K)]
  0x0000024f13072c10 JavaThread "C1 CompilerThread0"         daemon [_thread_blocked, id=6896, stack(0x000000a93dd00000,0x000000a93de00000) (1024K)]
  0x0000024f130a3ca0 JavaThread "Common-Cleaner"             daemon [_thread_blocked, id=6884, stack(0x000000a93de00000,0x000000a93df00000) (1024K)]
  0x0000024f130a4330 JavaThread "Notification Thread"        daemon [_thread_blocked, id=5352, stack(0x000000a93df00000,0x000000a93e000000) (1024K)]
=>0x0000024f1341ceb0 JavaThread "C2 CompilerThread1"         daemon [_thread_in_native, id=15704, stack(0x000000a93e000000,0x000000a93e100000) (1024K)]
  0x0000024f130a5d70 JavaThread "Daemon health stats"               [_thread_blocked, id=15648, stack(0x000000a93e600000,0x000000a93e700000) (1024K)]
  0x0000024f130a6400 JavaThread "Incoming local TCP Connector on port 64626"        [_thread_in_native, id=10656, stack(0x000000a93e700000,0x000000a93e800000) (1024K)]
  0x0000024f130a5050 JavaThread "Daemon periodic checks"            [_thread_blocked, id=15664, stack(0x000000a93e800000,0x000000a93e900000) (1024K)]
  0x0000024f130a3610 JavaThread "Daemon"                            [_thread_blocked, id=6892, stack(0x000000a93e900000,0x000000a93ea00000) (1024K)]
  0x0000024f130a49c0 JavaThread "Handler for socket connection from /127.0.0.1:64626 to /127.0.0.1:64627"        [_thread_in_native, id=14368, stack(0x000000a93ea00000,0x000000a93eb00000) (1024K)]
  0x0000024f14fc0e50 JavaThread "Cancel handler"                    [_thread_blocked, id=10624, stack(0x000000a93eb00000,0x000000a93ec00000) (1024K)]
  0x0000024f14fbfaa0 JavaThread "Daemon worker"                     [_thread_in_Java, id=2852, stack(0x000000a93ec00000,0x000000a93ed00000) (1024K)]
  0x0000024f14fc2f20 JavaThread "Asynchronous log dispatcher for DefaultDaemonConnection: socket connection from /127.0.0.1:64626 to /127.0.0.1:64627"        [_thread_blocked, id=14620, stack(0x000000a93ed00000,0x000000a93ee00000) (1024K)]
  0x0000024f14fc35b0 JavaThread "Stdin handler"                     [_thread_blocked, id=11832, stack(0x000000a93ee00000,0x000000a93ef00000) (1024K)]
  0x0000024f14fc4960 JavaThread "Daemon client event forwarder"        [_thread_blocked, id=14276, stack(0x000000a93ef00000,0x000000a93f000000) (1024K)]
  0x0000024f14fc0130 JavaThread "Cache worker for journal cache (D:\Android\gradle-8.10.2\caches\journal-1)"        [_thread_blocked, id=15264, stack(0x000000a93e100000,0x000000a93e200000) (1024K)]
  0x0000024f14fc3c40 JavaThread "File lock request listener"        [_thread_in_native, id=1748, stack(0x000000a93f400000,0x000000a93f500000) (1024K)]
  0x0000024f14fc1b70 JavaThread "Cache worker for file hash cache (D:\Android\gradle-8.10.2\caches\8.9\fileHashes)"        [_thread_blocked, id=4708, stack(0x000000a93f500000,0x000000a93f600000) (1024K)]
  0x0000024f14fc42d0 JavaThread "Cache worker for file hash cache (D:\AndroidStudioProjects\UL_project1\.gradle\8.9\fileHashes)"        [_thread_blocked, id=3724, stack(0x000000a93f600000,0x000000a93f700000) (1024K)]
  0x0000024f14fc2200 JavaThread "Cache worker for Build Output Cleanup Cache (D:\AndroidStudioProjects\UL_project1\.gradle\buildOutputCleanup)"        [_thread_blocked, id=7004, stack(0x000000a93f700000,0x000000a93f800000) (1024K)]
  0x0000024f14fbe6f0 JavaThread "File watcher server"        daemon [_thread_in_native, id=8876, stack(0x000000a93f800000,0x000000a93f900000) (1024K)]
  0x0000024f14fc4ff0 JavaThread "File watcher consumer"      daemon [_thread_blocked, id=1816, stack(0x000000a93f900000,0x000000a93fa00000) (1024K)]
  0x0000024f14fbe060 JavaThread "Cache worker for checksums cache (D:\AndroidStudioProjects\UL_project1\.gradle\8.9\checksums)"        [_thread_blocked, id=4664, stack(0x000000a93fa00000,0x000000a93fb00000) (1024K)]
  0x0000024f14fc14e0 JavaThread "Cache worker for file content cache (D:\Android\gradle-8.10.2\caches\8.9\fileContent)"        [_thread_blocked, id=13208, stack(0x000000a93fb00000,0x000000a93fc00000) (1024K)]
  0x0000024f14fc2890 JavaThread "Cache worker for cache directory md-rule (D:\Android\gradle-8.10.2\caches\8.9\md-rule)"        [_thread_blocked, id=3692, stack(0x000000a93fc00000,0x000000a93fd00000) (1024K)]
  0x0000024f14fc5680 JavaThread "Cache worker for cache directory md-supplier (D:\Android\gradle-8.10.2\caches\8.9\md-supplier)"        [_thread_blocked, id=7752, stack(0x000000a93fd00000,0x000000a93fe00000) (1024K)]
Total: 33

Other Threads:
  0x0000024f13024380 VMThread "VM Thread"                           [id=9720, stack(0x000000a93d500000,0x000000a93d600000) (1024K)]
  0x0000024f7faef290 WatcherThread "VM Periodic Task Thread"        [id=16248, stack(0x000000a93d400000,0x000000a93d500000) (1024K)]
  0x0000024f774be5a0 WorkerThread "GC Thread#0"                     [id=1116, stack(0x000000a93cf00000,0x000000a93d000000) (1024K)]
  0x0000024f136be360 WorkerThread "GC Thread#1"                     [id=9128, stack(0x000000a93e200000,0x000000a93e300000) (1024K)]
  0x0000024f136be700 WorkerThread "GC Thread#2"                     [id=4028, stack(0x000000a93e300000,0x000000a93e400000) (1024K)]
  0x0000024f14352320 WorkerThread "GC Thread#3"                     [id=9968, stack(0x000000a93e400000,0x000000a93e500000) (1024K)]
  0x0000024f143526c0 WorkerThread "GC Thread#4"                     [id=12676, stack(0x000000a93e500000,0x000000a93e600000) (1024K)]
  0x0000024f14ff9860 WorkerThread "GC Thread#5"                     [id=14984, stack(0x000000a93f000000,0x000000a93f100000) (1024K)]
  0x0000024f14ff9c00 WorkerThread "GC Thread#6"                     [id=792, stack(0x000000a93f100000,0x000000a93f200000) (1024K)]
  0x0000024f14ff9fa0 WorkerThread "GC Thread#7"                     [id=9456, stack(0x000000a93f200000,0x000000a93f300000) (1024K)]
  0x0000024f774d0590 ConcurrentGCThread "G1 Main Marker"            [id=16064, stack(0x000000a93d000000,0x000000a93d100000) (1024K)]
  0x0000024f774d1200 WorkerThread "G1 Conc#0"                       [id=6188, stack(0x000000a93d100000,0x000000a93d200000) (1024K)]
  0x0000024f1434aa70 WorkerThread "G1 Conc#1"                       [id=6560, stack(0x000000a93f300000,0x000000a93f400000) (1024K)]
  0x0000024f7f9befc0 ConcurrentGCThread "G1 Refine#0"               [id=12984, stack(0x000000a93d200000,0x000000a93d300000) (1024K)]
  0x0000024f7f9bfa40 ConcurrentGCThread "G1 Service"                [id=5084, stack(0x000000a93d300000,0x000000a93d400000) (1024K)]
Total: 15

Threads with active compile tasks:
C2 CompilerThread0     4372 4589       4       java.net.URLClassLoader$1::run (5 bytes)
C2 CompilerThread1     4372 4582       4       java.lang.invoke.InvokerBytecodeGenerator::addMethod (725 bytes)
Total: 2

VM state: not at safepoint (normal execution)

VM Mutex/Monitor currently owned by a thread: None

Heap address: 0x0000000080000000, size: 2048 MB, Compressed Oops mode: 32-bit

CDS archive(s) not mapped
Compressed class space mapped at: 0x0000000100000000-0x0000000140000000, reserved size: 1073741824
Narrow klass base: 0x0000000000000000, Narrow klass shift: 3, Narrow klass range: 0x140000000

GC Precious Log:
 CardTable entry size: 512
 Card Set container configuration: InlinePtr #cards 5 size 8 Array Of Cards #cards 12 size 40 Howl #buckets 4 coarsen threshold 1843 Howl Bitmap #cards 512 size 80 coarsen threshold 460 Card regions per heap region 1 cards per card region 2048
 CPUs: 8 total, 8 available
 Memory: 8063M
 Large Page Support: Disabled
 NUMA Support: Disabled
 Compressed Oops: Enabled (32-bit)
 Heap Region Size: 1M
 Heap Min Capacity: 8M
 Heap Initial Capacity: 126M
 Heap Max Capacity: 2G
 Pre-touch: Disabled
 Parallel Workers: 8
 Concurrent Workers: 2
 Concurrent Refinement Workers: 8
 Periodic GC: Disabled

Heap:
 garbage-first heap   total 110592K, used 67544K [0x0000000080000000, 0x0000000100000000)
  region size 1024K, 41 young (41984K), 8 survivors (8192K)
 Metaspace       used 51640K, committed 53120K, reserved 1114112K
  class space    used 7119K, committed 7808K, reserved 1048576K

Heap Regions: E=young(eden), S=young(survivor), O=old, HS=humongous(starts), HC=humongous(continues), CS=collection set, F=free, TAMS=top-at-mark-start, PB=parsable bottom
|   0|0x0000000080000000, 0x0000000080100000, 0x0000000080100000|100%|HS|  |TAMS 0x0000000080000000| PB 0x0000000080000000| Complete 
|   1|0x0000000080100000, 0x0000000080200000, 0x0000000080200000|100%|HC|  |TAMS 0x0000000080100000| PB 0x0000000080100000| Complete 
|   2|0x0000000080200000, 0x0000000080300000, 0x0000000080300000|100%|HC|  |TAMS 0x0000000080200000| PB 0x0000000080200000| Complete 
|   3|0x0000000080300000, 0x0000000080400000, 0x0000000080400000|100%|HC|  |TAMS 0x0000000080300000| PB 0x0000000080300000| Complete 
|   4|0x0000000080400000, 0x0000000080500000, 0x0000000080500000|100%| O|  |TAMS 0x0000000080400000| PB 0x0000000080400000| Untracked 
|   5|0x0000000080500000, 0x0000000080600000, 0x0000000080600000|100%| O|  |TAMS 0x0000000080500000| PB 0x0000000080500000| Untracked 
|   6|0x0000000080600000, 0x0000000080700000, 0x0000000080700000|100%| O|  |TAMS 0x0000000080600000| PB 0x0000000080600000| Untracked 
|   7|0x0000000080700000, 0x0000000080800000, 0x0000000080800000|100%| O|  |TAMS 0x0000000080700000| PB 0x0000000080700000| Untracked 
|   8|0x0000000080800000, 0x0000000080900000, 0x0000000080900000|100%| O|  |TAMS 0x0000000080800000| PB 0x0000000080800000| Untracked 
|   9|0x0000000080900000, 0x0000000080a00000, 0x0000000080a00000|100%| O|  |TAMS 0x0000000080900000| PB 0x0000000080900000| Untracked 
|  10|0x0000000080a00000, 0x0000000080b00000, 0x0000000080b00000|100%| O|  |TAMS 0x0000000080a00000| PB 0x0000000080a00000| Untracked 
|  11|0x0000000080b00000, 0x0000000080c00000, 0x0000000080c00000|100%|HS|  |TAMS 0x0000000080b00000| PB 0x0000000080b00000| Complete 
|  12|0x0000000080c00000, 0x0000000080d00000, 0x0000000080d00000|100%| O|  |TAMS 0x0000000080c00000| PB 0x0000000080c00000| Untracked 
|  13|0x0000000080d00000, 0x0000000080e00000, 0x0000000080e00000|100%| O|  |TAMS 0x0000000080d00000| PB 0x0000000080d00000| Untracked 
|  14|0x0000000080e00000, 0x0000000080f00000, 0x0000000080f00000|100%| O|  |TAMS 0x0000000080e00000| PB 0x0000000080e00000| Untracked 
|  15|0x0000000080f00000, 0x0000000081000000, 0x0000000081000000|100%| O|  |TAMS 0x0000000080f00000| PB 0x0000000080f00000| Untracked 
|  16|0x0000000081000000, 0x0000000081100000, 0x0000000081100000|100%| O|  |TAMS 0x0000000081000000| PB 0x0000000081000000| Untracked 
|  17|0x0000000081100000, 0x00000000811f6200, 0x0000000081200000| 96%| O|  |TAMS 0x0000000081100000| PB 0x0000000081100000| Untracked 
|  18|0x0000000081200000, 0x0000000081200000, 0x0000000081300000|  0%| F|  |TAMS 0x0000000081200000| PB 0x0000000081200000| Untracked 
|  19|0x0000000081300000, 0x0000000081300000, 0x0000000081400000|  0%| F|  |TAMS 0x0000000081300000| PB 0x0000000081300000| Untracked 
|  20|0x0000000081400000, 0x0000000081400000, 0x0000000081500000|  0%| F|  |TAMS 0x0000000081400000| PB 0x0000000081400000| Untracked 
|  21|0x0000000081500000, 0x0000000081500000, 0x0000000081600000|  0%| F|  |TAMS 0x0000000081500000| PB 0x0000000081500000| Untracked 
|  22|0x0000000081600000, 0x0000000081600000, 0x0000000081700000|  0%| F|  |TAMS 0x0000000081600000| PB 0x0000000081600000| Untracked 
|  23|0x0000000081700000, 0x0000000081700000, 0x0000000081800000|  0%| F|  |TAMS 0x0000000081700000| PB 0x0000000081700000| Untracked 
|  24|0x0000000081800000, 0x0000000081800000, 0x0000000081900000|  0%| F|  |TAMS 0x0000000081800000| PB 0x0000000081800000| Untracked 
|  25|0x0000000081900000, 0x0000000081900000, 0x0000000081a00000|  0%| F|  |TAMS 0x0000000081900000| PB 0x0000000081900000| Untracked 
|  26|0x0000000081a00000, 0x0000000081a00000, 0x0000000081b00000|  0%| F|  |TAMS 0x0000000081a00000| PB 0x0000000081a00000| Untracked 
|  27|0x0000000081b00000, 0x0000000081b00000, 0x0000000081c00000|  0%| F|  |TAMS 0x0000000081b00000| PB 0x0000000081b00000| Untracked 
|  28|0x0000000081c00000, 0x0000000081c00000, 0x0000000081d00000|  0%| F|  |TAMS 0x0000000081c00000| PB 0x0000000081c00000| Untracked 
|  29|0x0000000081d00000, 0x0000000081d00000, 0x0000000081e00000|  0%| F|  |TAMS 0x0000000081d00000| PB 0x0000000081d00000| Untracked 
|  30|0x0000000081e00000, 0x0000000081e00000, 0x0000000081f00000|  0%| F|  |TAMS 0x0000000081e00000| PB 0x0000000081e00000| Untracked 
|  31|0x0000000081f00000, 0x0000000081f00000, 0x0000000082000000|  0%| F|  |TAMS 0x0000000081f00000| PB 0x0000000081f00000| Untracked 
|  32|0x0000000082000000, 0x0000000082000000, 0x0000000082100000|  0%| F|  |TAMS 0x0000000082000000| PB 0x0000000082000000| Untracked 
|  33|0x0000000082100000, 0x0000000082100000, 0x0000000082200000|  0%| F|  |TAMS 0x0000000082100000| PB 0x0000000082100000| Untracked 
|  34|0x0000000082200000, 0x0000000082300000, 0x0000000082300000|100%| S|CS|TAMS 0x0000000082200000| PB 0x0000000082200000| Complete 
|  35|0x0000000082300000, 0x0000000082400000, 0x0000000082400000|100%| S|CS|TAMS 0x0000000082300000| PB 0x0000000082300000| Complete 
|  36|0x0000000082400000, 0x0000000082500000, 0x0000000082500000|100%| S|CS|TAMS 0x0000000082400000| PB 0x0000000082400000| Complete 
|  37|0x0000000082500000, 0x0000000082600000, 0x0000000082600000|100%| S|CS|TAMS 0x0000000082500000| PB 0x0000000082500000| Complete 
|  38|0x0000000082600000, 0x0000000082700000, 0x0000000082700000|100%| S|CS|TAMS 0x0000000082600000| PB 0x0000000082600000| Complete 
|  39|0x0000000082700000, 0x0000000082800000, 0x0000000082800000|100%| S|CS|TAMS 0x0000000082700000| PB 0x0000000082700000| Complete 
|  40|0x0000000082800000, 0x0000000082900000, 0x0000000082900000|100%| S|CS|TAMS 0x0000000082800000| PB 0x0000000082800000| Complete 
|  41|0x0000000082900000, 0x0000000082a00000, 0x0000000082a00000|100%| S|CS|TAMS 0x0000000082900000| PB 0x0000000082900000| Complete 
|  42|0x0000000082a00000, 0x0000000082a00000, 0x0000000082b00000|  0%| F|  |TAMS 0x0000000082a00000| PB 0x0000000082a00000| Untracked 
|  43|0x0000000082b00000, 0x0000000082b00000, 0x0000000082c00000|  0%| F|  |TAMS 0x0000000082b00000| PB 0x0000000082b00000| Untracked 
|  44|0x0000000082c00000, 0x0000000082c00000, 0x0000000082d00000|  0%| F|  |TAMS 0x0000000082c00000| PB 0x0000000082c00000| Untracked 
|  45|0x0000000082d00000, 0x0000000082d00000, 0x0000000082e00000|  0%| F|  |TAMS 0x0000000082d00000| PB 0x0000000082d00000| Untracked 
|  46|0x0000000082e00000, 0x0000000082e00000, 0x0000000082f00000|  0%| F|  |TAMS 0x0000000082e00000| PB 0x0000000082e00000| Untracked 
|  47|0x0000000082f00000, 0x0000000082f00000, 0x0000000083000000|  0%| F|  |TAMS 0x0000000082f00000| PB 0x0000000082f00000| Untracked 
|  48|0x0000000083000000, 0x0000000083000000, 0x0000000083100000|  0%| F|  |TAMS 0x0000000083000000| PB 0x0000000083000000| Untracked 
|  49|0x0000000083100000, 0x0000000083100000, 0x0000000083200000|  0%| F|  |TAMS 0x0000000083100000| PB 0x0000000083100000| Untracked 
|  50|0x0000000083200000, 0x0000000083200000, 0x0000000083300000|  0%| F|  |TAMS 0x0000000083200000| PB 0x0000000083200000| Untracked 
|  51|0x0000000083300000, 0x0000000083300000, 0x0000000083400000|  0%| F|  |TAMS 0x0000000083300000| PB 0x0000000083300000| Untracked 
|  52|0x0000000083400000, 0x0000000083400000, 0x0000000083500000|  0%| F|  |TAMS 0x0000000083400000| PB 0x0000000083400000| Untracked 
|  53|0x0000000083500000, 0x0000000083500000, 0x0000000083600000|  0%| F|  |TAMS 0x0000000083500000| PB 0x0000000083500000| Untracked 
|  54|0x0000000083600000, 0x0000000083600000, 0x0000000083700000|  0%| F|  |TAMS 0x0000000083600000| PB 0x0000000083600000| Untracked 
|  55|0x0000000083700000, 0x0000000083700000, 0x0000000083800000|  0%| F|  |TAMS 0x0000000083700000| PB 0x0000000083700000| Untracked 
|  56|0x0000000083800000, 0x0000000083800000, 0x0000000083900000|  0%| F|  |TAMS 0x0000000083800000| PB 0x0000000083800000| Untracked 
|  57|0x0000000083900000, 0x0000000083900000, 0x0000000083a00000|  0%| F|  |TAMS 0x0000000083900000| PB 0x0000000083900000| Untracked 
|  58|0x0000000083a00000, 0x0000000083a00000, 0x0000000083b00000|  0%| F|  |TAMS 0x0000000083a00000| PB 0x0000000083a00000| Untracked 
|  59|0x0000000083b00000, 0x0000000083b00000, 0x0000000083c00000|  0%| F|  |TAMS 0x0000000083b00000| PB 0x0000000083b00000| Untracked 
|  60|0x0000000083c00000, 0x0000000083c00000, 0x0000000083d00000|  0%| F|  |TAMS 0x0000000083c00000| PB 0x0000000083c00000| Untracked 
|  61|0x0000000083d00000, 0x0000000083d00000, 0x0000000083e00000|  0%| F|  |TAMS 0x0000000083d00000| PB 0x0000000083d00000| Untracked 
|  62|0x0000000083e00000, 0x0000000083e00000, 0x0000000083f00000|  0%| F|  |TAMS 0x0000000083e00000| PB 0x0000000083e00000| Untracked 
|  63|0x0000000083f00000, 0x0000000083f00000, 0x0000000084000000|  0%| F|  |TAMS 0x0000000083f00000| PB 0x0000000083f00000| Untracked 
|  64|0x0000000084000000, 0x0000000084000000, 0x0000000084100000|  0%| F|  |TAMS 0x0000000084000000| PB 0x0000000084000000| Untracked 
|  65|0x0000000084100000, 0x0000000084100000, 0x0000000084200000|  0%| F|  |TAMS 0x0000000084100000| PB 0x0000000084100000| Untracked 
|  66|0x0000000084200000, 0x0000000084200000, 0x0000000084300000|  0%| F|  |TAMS 0x0000000084200000| PB 0x0000000084200000| Untracked 
|  67|0x0000000084300000, 0x0000000084380800, 0x0000000084400000| 50%| E|  |TAMS 0x0000000084300000| PB 0x0000000084300000| Complete 
|  68|0x0000000084400000, 0x0000000084500000, 0x0000000084500000|100%| E|CS|TAMS 0x0000000084400000| PB 0x0000000084400000| Complete 
|  69|0x0000000084500000, 0x0000000084600000, 0x0000000084600000|100%| E|CS|TAMS 0x0000000084500000| PB 0x0000000084500000| Complete 
|  70|0x0000000084600000, 0x0000000084700000, 0x0000000084700000|100%| E|CS|TAMS 0x0000000084600000| PB 0x0000000084600000| Complete 
|  71|0x0000000084700000, 0x0000000084800000, 0x0000000084800000|100%| E|CS|TAMS 0x0000000084700000| PB 0x0000000084700000| Complete 
|  72|0x0000000084800000, 0x0000000084900000, 0x0000000084900000|100%| E|CS|TAMS 0x0000000084800000| PB 0x0000000084800000| Complete 
|  73|0x0000000084900000, 0x0000000084a00000, 0x0000000084a00000|100%| E|CS|TAMS 0x0000000084900000| PB 0x0000000084900000| Complete 
|  74|0x0000000084a00000, 0x0000000084b00000, 0x0000000084b00000|100%| E|CS|TAMS 0x0000000084a00000| PB 0x0000000084a00000| Complete 
|  75|0x0000000084b00000, 0x0000000084c00000, 0x0000000084c00000|100%| E|CS|TAMS 0x0000000084b00000| PB 0x0000000084b00000| Complete 
|  76|0x0000000084c00000, 0x0000000084d00000, 0x0000000084d00000|100%| E|CS|TAMS 0x0000000084c00000| PB 0x0000000084c00000| Complete 
|  77|0x0000000084d00000, 0x0000000084e00000, 0x0000000084e00000|100%| E|CS|TAMS 0x0000000084d00000| PB 0x0000000084d00000| Complete 
|  78|0x0000000084e00000, 0x0000000084f00000, 0x0000000084f00000|100%| E|CS|TAMS 0x0000000084e00000| PB 0x0000000084e00000| Complete 
|  79|0x0000000084f00000, 0x0000000085000000, 0x0000000085000000|100%| E|CS|TAMS 0x0000000084f00000| PB 0x0000000084f00000| Complete 
|  80|0x0000000085000000, 0x0000000085100000, 0x0000000085100000|100%| E|CS|TAMS 0x0000000085000000| PB 0x0000000085000000| Complete 
|  81|0x0000000085100000, 0x0000000085200000, 0x0000000085200000|100%| E|CS|TAMS 0x0000000085100000| PB 0x0000000085100000| Complete 
|  82|0x0000000085200000, 0x0000000085300000, 0x0000000085300000|100%| E|CS|TAMS 0x0000000085200000| PB 0x0000000085200000| Complete 
|  83|0x0000000085300000, 0x0000000085400000, 0x0000000085400000|100%| E|CS|TAMS 0x0000000085300000| PB 0x0000000085300000| Complete 
|  84|0x0000000085400000, 0x0000000085500000, 0x0000000085500000|100%| E|CS|TAMS 0x0000000085400000| PB 0x0000000085400000| Complete 
|  85|0x0000000085500000, 0x0000000085600000, 0x0000000085600000|100%| E|CS|TAMS 0x0000000085500000| PB 0x0000000085500000| Complete 
|  86|0x0000000085600000, 0x0000000085700000, 0x0000000085700000|100%| E|CS|TAMS 0x0000000085600000| PB 0x0000000085600000| Complete 
|  87|0x0000000085700000, 0x0000000085800000, 0x0000000085800000|100%| E|CS|TAMS 0x0000000085700000| PB 0x0000000085700000| Complete 
|  88|0x0000000085800000, 0x0000000085900000, 0x0000000085900000|100%| E|CS|TAMS 0x0000000085800000| PB 0x0000000085800000| Complete 
|  89|0x0000000085900000, 0x0000000085a00000, 0x0000000085a00000|100%| E|CS|TAMS 0x0000000085900000| PB 0x0000000085900000| Complete 
|  90|0x0000000085a00000, 0x0000000085b00000, 0x0000000085b00000|100%| E|CS|TAMS 0x0000000085a00000| PB 0x0000000085a00000| Complete 
|  91|0x0000000085b00000, 0x0000000085c00000, 0x0000000085c00000|100%| E|CS|TAMS 0x0000000085b00000| PB 0x0000000085b00000| Complete 
|  92|0x0000000085c00000, 0x0000000085d00000, 0x0000000085d00000|100%| E|CS|TAMS 0x0000000085c00000| PB 0x0000000085c00000| Complete 
|  93|0x0000000085d00000, 0x0000000085e00000, 0x0000000085e00000|100%| E|CS|TAMS 0x0000000085d00000| PB 0x0000000085d00000| Complete 
|  94|0x0000000085e00000, 0x0000000085f00000, 0x0000000085f00000|100%| E|CS|TAMS 0x0000000085e00000| PB 0x0000000085e00000| Complete 
|  95|0x0000000085f00000, 0x0000000086000000, 0x0000000086000000|100%| E|CS|TAMS 0x0000000085f00000| PB 0x0000000085f00000| Complete 
|  96|0x0000000086000000, 0x0000000086100000, 0x0000000086100000|100%| E|CS|TAMS 0x0000000086000000| PB 0x0000000086000000| Complete 
|  97|0x0000000086100000, 0x0000000086200000, 0x0000000086200000|100%| E|CS|TAMS 0x0000000086100000| PB 0x0000000086100000| Complete 
| 125|0x0000000087d00000, 0x0000000087e00000, 0x0000000087e00000|100%| E|CS|TAMS 0x0000000087d00000| PB 0x0000000087d00000| Complete 
|2039|0x00000000ff700000, 0x00000000ff800000, 0x00000000ff800000|100%| E|CS|TAMS 0x00000000ff700000| PB 0x00000000ff700000| Complete 
|2040|0x00000000ff800000, 0x00000000ff900000, 0x00000000ff900000|100%| O|  |TAMS 0x00000000ff800000| PB 0x00000000ff800000| Untracked 
|2041|0x00000000ff900000, 0x00000000ffa00000, 0x00000000ffa00000|100%| O|  |TAMS 0x00000000ff900000| PB 0x00000000ff900000| Untracked 
|2042|0x00000000ffa00000, 0x00000000ffb00000, 0x00000000ffb00000|100%| O|  |TAMS 0x00000000ffa00000| PB 0x00000000ffa00000| Untracked 
|2043|0x00000000ffb00000, 0x00000000ffc00000, 0x00000000ffc00000|100%| O|  |TAMS 0x00000000ffb00000| PB 0x00000000ffb00000| Untracked 
|2044|0x00000000ffc00000, 0x00000000ffd00000, 0x00000000ffd00000|100%| O|  |TAMS 0x00000000ffc00000| PB 0x00000000ffc00000| Untracked 
|2045|0x00000000ffd00000, 0x00000000ffe00000, 0x00000000ffe00000|100%| O|  |TAMS 0x00000000ffd00000| PB 0x00000000ffd00000| Untracked 
|2046|0x00000000ffe00000, 0x00000000fff00000, 0x00000000fff00000|100%| O|  |TAMS 0x00000000ffe00000| PB 0x00000000ffe00000| Untracked 
|2047|0x00000000fff00000, 0x0000000100000000, 0x0000000100000000|100%| O|  |TAMS 0x00000000fff00000| PB 0x00000000fff00000| Untracked 

Card table byte_map: [0x0000024f7ace0000,0x0000024f7b0e0000] _byte_map_base: 0x0000024f7a8e0000

Marking Bits: (CMBitMap*) 0x0000024f774beca0
 Bits: [0x0000024f7b0e0000, 0x0000024f7d0e0000)

Polling page: 0x0000024f75310000

Metaspace:

Usage:
  Non-class:     43.50 MB used.
      Class:      6.96 MB used.
       Both:     50.46 MB used.

Virtual space:
  Non-class space:       64.00 MB reserved,      44.25 MB ( 69%) committed,  1 nodes.
      Class space:        1.00 GB reserved,       7.62 MB ( <1%) committed,  1 nodes.
             Both:        1.06 GB reserved,      51.88 MB (  5%) committed. 

Chunk freelists:
   Non-Class:  3.03 MB
       Class:  8.39 MB
        Both:  11.42 MB

MaxMetaspaceSize: unlimited
CompressedClassSpaceSize: 1.00 GB
Initial GC threshold: 21.00 MB
Current GC threshold: 59.38 MB
CDS: off
 - commit_granule_bytes: 65536.
 - commit_granule_words: 8192.
 - virtual_space_node_default_size: 8388608.
 - enlarge_chunks_in_place: 1.
 - use_allocation_guard: 0.


Internal statistics:

num_allocs_failed_limit: 9.
num_arena_births: 2674.
num_arena_deaths: 0.
num_vsnodes_births: 2.
num_vsnodes_deaths: 0.
num_space_committed: 830.
num_space_uncommitted: 0.
num_chunks_returned_to_freelist: 9.
num_chunks_taken_from_freelist: 4651.
num_chunk_merges: 9.
num_chunk_splits: 3018.
num_chunks_enlarged: 1865.
num_inconsistent_stats: 0.

CodeHeap 'non-profiled nmethods': size=120000Kb used=2440Kb max_used=2440Kb free=117559Kb
 bounds [0x0000024f07ad0000, 0x0000024f07d40000, 0x0000024f0f000000]
CodeHeap 'profiled nmethods': size=120000Kb used=8279Kb max_used=8279Kb free=111720Kb
 bounds [0x0000024f00000000, 0x0000024f00820000, 0x0000024f07530000]
CodeHeap 'non-nmethods': size=5760Kb used=1911Kb max_used=1947Kb free=3848Kb
 bounds [0x0000024f07530000, 0x0000024f077a0000, 0x0000024f07ad0000]
 total_blobs=4918 nmethods=4219 adapters=602
 compilation: enabled
              stopped_count=0, restarted_count=0
 full_count=0

Compilation events (20 events):
Event: 4.329 Thread 0x0000024f13072c10 4621       3       org.gradle.internal.instantiation.generator.AsmBackedClassGenerator$ClassBuilderImpl::access$1600 (4 bytes)
Event: 4.329 Thread 0x0000024f13072c10 nmethod 4621 0x0000024f0080cf10 code [0x0000024f0080d0a0, 0x0000024f0080d198]
Event: 4.332 Thread 0x0000024f13072c10 4622       3       java.lang.invoke.DirectMethodHandle$Special::<init> (16 bytes)
Event: 4.332 Thread 0x0000024f13072c10 nmethod 4622 0x0000024f0080d210 code [0x0000024f0080d3c0, 0x0000024f0080d560]
Event: 4.333 Thread 0x0000024f13072c10 4623       3       java.lang.invoke.SimpleMethodHandle::speciesData (4 bytes)
Event: 4.333 Thread 0x0000024f13072c10 nmethod 4623 0x0000024f0080d610 code [0x0000024f0080d7a0, 0x0000024f0080d8b8]
Event: 4.334 Thread 0x0000024f13072c10 4624       3       org.gradle.internal.service.DefaultServiceRegistry::isSatisfiedBy (61 bytes)
Event: 4.334 Thread 0x0000024f13072c10 nmethod 4624 0x0000024f0080d990 code [0x0000024f0080dbc0, 0x0000024f0080e548]
Event: 4.335 Thread 0x0000024f13072c10 4625       3       java.lang.invoke.MethodHandles::makeIdentity (23 bytes)
Event: 4.336 Thread 0x0000024f13072c10 nmethod 4625 0x0000024f0080e710 code [0x0000024f0080e9a0, 0x0000024f0080f350]
Event: 4.336 Thread 0x0000024f13072c10 4626       3       java.lang.invoke.LambdaForm::identityForm (27 bytes)
Event: 4.336 Thread 0x0000024f13072c10 nmethod 4626 0x0000024f0080f790 code [0x0000024f0080f940, 0x0000024f0080fb20]
Event: 4.336 Thread 0x0000024f13072c10 4627       3       java.lang.invoke.SimpleMethodHandle::copyWithExtendL (7 bytes)
Event: 4.336 Thread 0x0000024f13072c10 nmethod 4627 0x0000024f0080fc10 code [0x0000024f0080fdc0, 0x0000024f0080ff58]
Event: 4.344 Thread 0x0000024f13072c10 4630       1       java.lang.reflect.Proxy$ProxyBuilder$ProxyClassContext::packageName (5 bytes)
Event: 4.344 Thread 0x0000024f13072c10 nmethod 4630 0x0000024f07d31990 code [0x0000024f07d31b20, 0x0000024f07d31be8]
Event: 4.344 Thread 0x0000024f13072c10 4631       1       java.lang.reflect.Proxy$ProxyBuilder$ProxyClassContext::module (5 bytes)
Event: 4.344 Thread 0x0000024f13072c10 nmethod 4631 0x0000024f07d31c90 code [0x0000024f07d31e20, 0x0000024f07d31ee8]
Event: 4.351 Thread 0x0000024f13072c10 4632       3       com.google.common.collect.ImmutableList::<init> (5 bytes)
Event: 4.352 Thread 0x0000024f13072c10 nmethod 4632 0x0000024f00810010 code [0x0000024f008101c0, 0x0000024f008103e8]

GC Heap History (16 events):
Event: 0.413 GC heap before
{Heap before GC invocations=0 (full 0):
 garbage-first heap   total 129024K, used 26624K [0x0000000080000000, 0x0000000100000000)
  region size 1024K, 23 young (23552K), 0 survivors (0K)
 Metaspace       used 7965K, committed 8128K, reserved 1114112K
  class space    used 715K, committed 768K, reserved 1048576K
}
Event: 0.417 GC heap after
{Heap after GC invocations=1 (full 0):
 garbage-first heap   total 129024K, used 10454K [0x0000000080000000, 0x0000000100000000)
  region size 1024K, 3 young (3072K), 3 survivors (3072K)
 Metaspace       used 7965K, committed 8128K, reserved 1114112K
  class space    used 715K, committed 768K, reserved 1048576K
}
Event: 0.826 GC heap before
{Heap before GC invocations=1 (full 0):
 garbage-first heap   total 129024K, used 40150K [0x0000000080000000, 0x0000000100000000)
  region size 1024K, 33 young (33792K), 3 survivors (3072K)
 Metaspace       used 11932K, committed 12224K, reserved 1114112K
  class space    used 1265K, committed 1408K, reserved 1048576K
}
Event: 0.830 GC heap after
{Heap after GC invocations=2 (full 0):
 garbage-first heap   total 129024K, used 12151K [0x0000000080000000, 0x0000000100000000)
  region size 1024K, 2 young (2048K), 2 survivors (2048K)
 Metaspace       used 11932K, committed 12224K, reserved 1114112K
  class space    used 1265K, committed 1408K, reserved 1048576K
}
Event: 1.632 GC heap before
{Heap before GC invocations=2 (full 0):
 garbage-first heap   total 129024K, used 78711K [0x0000000080000000, 0x0000000100000000)
  region size 1024K, 66 young (67584K), 2 survivors (2048K)
 Metaspace       used 21169K, committed 21504K, reserved 1114112K
  class space    used 2456K, committed 2624K, reserved 1048576K
}
Event: 1.639 GC heap after
{Heap after GC invocations=3 (full 0):
 garbage-first heap   total 129024K, used 21138K [0x0000000080000000, 0x0000000100000000)
  region size 1024K, 10 young (10240K), 10 survivors (10240K)
 Metaspace       used 21169K, committed 21504K, reserved 1114112K
  class space    used 2456K, committed 2624K, reserved 1048576K
}
Event: 2.452 GC heap before
{Heap before GC invocations=4 (full 0):
 garbage-first heap   total 78848K, used 76434K [0x0000000080000000, 0x0000000100000000)
  region size 1024K, 65 young (66560K), 10 survivors (10240K)
 Metaspace       used 30258K, committed 30848K, reserved 1114112K
  class space    used 3925K, committed 4224K, reserved 1048576K
}
Event: 2.460 GC heap after
{Heap after GC invocations=5 (full 0):
 garbage-first heap   total 92160K, used 24552K [0x0000000080000000, 0x0000000100000000)
  region size 1024K, 4 young (4096K), 4 survivors (4096K)
 Metaspace       used 30258K, committed 30848K, reserved 1114112K
  class space    used 3925K, committed 4224K, reserved 1048576K
}
Event: 2.990 GC heap before
{Heap before GC invocations=5 (full 0):
 garbage-first heap   total 92160K, used 61416K [0x0000000080000000, 0x0000000100000000)
  region size 1024K, 41 young (41984K), 4 survivors (4096K)
 Metaspace       used 35260K, committed 36096K, reserved 1114112K
  class space    used 4755K, committed 5184K, reserved 1048576K
}
Event: 2.995 GC heap after
{Heap after GC invocations=6 (full 0):
 garbage-first heap   total 92160K, used 26784K [0x0000000080000000, 0x0000000100000000)
  region size 1024K, 3 young (3072K), 3 survivors (3072K)
 Metaspace       used 35260K, committed 36096K, reserved 1114112K
  class space    used 4755K, committed 5184K, reserved 1048576K
}
Event: 3.032 GC heap before
{Heap before GC invocations=6 (full 0):
 garbage-first heap   total 92160K, used 28832K [0x0000000080000000, 0x0000000100000000)
  region size 1024K, 6 young (6144K), 3 survivors (3072K)
 Metaspace       used 35591K, committed 36416K, reserved 1114112K
  class space    used 4827K, committed 5248K, reserved 1048576K
}
Event: 3.034 GC heap after
{Heap after GC invocations=7 (full 0):
 garbage-first heap   total 92160K, used 26551K [0x0000000080000000, 0x0000000100000000)
  region size 1024K, 3 young (3072K), 3 survivors (3072K)
 Metaspace       used 35591K, committed 36416K, reserved 1114112K
  class space    used 4827K, committed 5248K, reserved 1048576K
}
Event: 3.589 GC heap before
{Heap before GC invocations=8 (full 0):
 garbage-first heap   total 92160K, used 73655K [0x0000000080000000, 0x0000000100000000)
  region size 1024K, 49 young (50176K), 3 survivors (3072K)
 Metaspace       used 44210K, committed 45312K, reserved 1114112K
  class space    used 5989K, committed 6528K, reserved 1048576K
}
Event: 3.594 GC heap after
{Heap after GC invocations=9 (full 0):
 garbage-first heap   total 110592K, used 30638K [0x0000000080000000, 0x0000000100000000)
  region size 1024K, 7 young (7168K), 7 survivors (7168K)
 Metaspace       used 44210K, committed 45312K, reserved 1114112K
  class space    used 5989K, committed 6528K, reserved 1048576K
}
Event: 3.985 GC heap before
{Heap before GC invocations=9 (full 0):
 garbage-first heap   total 110592K, used 87982K [0x0000000080000000, 0x0000000100000000)
  region size 1024K, 64 young (65536K), 7 survivors (7168K)
 Metaspace       used 47528K, committed 48768K, reserved 1114112K
  class space    used 6432K, committed 7040K, reserved 1048576K
}
Event: 3.993 GC heap after
{Heap after GC invocations=10 (full 0):
 garbage-first heap   total 110592K, used 34776K [0x0000000080000000, 0x0000000100000000)
  region size 1024K, 8 young (8192K), 8 survivors (8192K)
 Metaspace       used 47528K, committed 48768K, reserved 1114112K
  class space    used 6432K, committed 7040K, reserved 1048576K
}

Dll operation events (3 events):
Event: 0.011 Loaded shared library D:\Apps\Android Studio\jbr\bin\java.dll
Event: 0.017 Loaded shared library D:\Apps\Android Studio\jbr\bin\zip.dll
Event: 0.408 Loaded shared library D:\Apps\Android Studio\jbr\bin\verify.dll

Deoptimization events (20 events):
Event: 4.211 Thread 0x0000024f14fbfaa0 Uncommon trap: trap_request=0xffffffde fr.pc=0x0000024f07bd83a4 relative=0x00000000000008a4
Event: 4.211 Thread 0x0000024f14fbfaa0 Uncommon trap: reason=class_check action=maybe_recompile pc=0x0000024f07bd83a4 method=jdk.internal.loader.URLClassPath.getLoader(I)Ljdk/internal/loader/URLClassPath$Loader; @ 190 c2
Event: 4.211 Thread 0x0000024f14fbfaa0 DEOPT PACKING pc=0x0000024f07bd83a4 sp=0x000000a93ecf8fb0
Event: 4.211 Thread 0x0000024f14fbfaa0 DEOPT UNPACKING pc=0x0000024f075846a2 sp=0x000000a93ecf8f70 mode 2
Event: 4.211 Thread 0x0000024f14fbfaa0 Uncommon trap: trap_request=0xffffffde fr.pc=0x0000024f07cf77d8 relative=0x0000000000000238
Event: 4.211 Thread 0x0000024f14fbfaa0 Uncommon trap: reason=class_check action=maybe_recompile pc=0x0000024f07cf77d8 method=jdk.internal.loader.URLClassPath.getResource(Ljava/lang/String;Z)Ljdk/internal/loader/Resource; @ 53 c2
Event: 4.211 Thread 0x0000024f14fbfaa0 DEOPT PACKING pc=0x0000024f07cf77d8 sp=0x000000a93ecf9040
Event: 4.211 Thread 0x0000024f14fbfaa0 DEOPT UNPACKING pc=0x0000024f075846a2 sp=0x000000a93ecf8fd0 mode 2
Event: 4.215 Thread 0x0000024f14fbfaa0 Uncommon trap: trap_request=0xffffffde fr.pc=0x0000024f07bd83a4 relative=0x00000000000008a4
Event: 4.215 Thread 0x0000024f14fbfaa0 Uncommon trap: reason=class_check action=maybe_recompile pc=0x0000024f07bd83a4 method=jdk.internal.loader.URLClassPath.getLoader(I)Ljdk/internal/loader/URLClassPath$Loader; @ 190 c2
Event: 4.215 Thread 0x0000024f14fbfaa0 DEOPT PACKING pc=0x0000024f07bd83a4 sp=0x000000a93ecf8e70
Event: 4.215 Thread 0x0000024f14fbfaa0 DEOPT UNPACKING pc=0x0000024f075846a2 sp=0x000000a93ecf8e30 mode 2
Event: 4.215 Thread 0x0000024f14fbfaa0 Uncommon trap: trap_request=0xffffffde fr.pc=0x0000024f07cf77d8 relative=0x0000000000000238
Event: 4.215 Thread 0x0000024f14fbfaa0 Uncommon trap: reason=class_check action=maybe_recompile pc=0x0000024f07cf77d8 method=jdk.internal.loader.URLClassPath.getResource(Ljava/lang/String;Z)Ljdk/internal/loader/Resource; @ 53 c2
Event: 4.215 Thread 0x0000024f14fbfaa0 DEOPT PACKING pc=0x0000024f07cf77d8 sp=0x000000a93ecf8f00
Event: 4.215 Thread 0x0000024f14fbfaa0 DEOPT UNPACKING pc=0x0000024f075846a2 sp=0x000000a93ecf8e90 mode 2
Event: 4.348 Thread 0x0000024f14fbfaa0 Uncommon trap: trap_request=0xffffffde fr.pc=0x0000024f07bd2a1c relative=0x00000000000002dc
Event: 4.348 Thread 0x0000024f14fbfaa0 Uncommon trap: reason=class_check action=maybe_recompile pc=0x0000024f07bd2a1c method=java.util.Collections$SetFromMap.remove(Ljava/lang/Object;)Z @ 5 c2
Event: 4.348 Thread 0x0000024f14fbfaa0 DEOPT PACKING pc=0x0000024f07bd2a1c sp=0x000000a93ecf8a80
Event: 4.348 Thread 0x0000024f14fbfaa0 DEOPT UNPACKING pc=0x0000024f075846a2 sp=0x000000a93ecf8a68 mode 2

Classes loaded (20 events):
Event: 3.995 Loading class jdk/internal/loader/URLClassPath$FileLoader
Event: 3.995 Loading class jdk/internal/loader/URLClassPath$FileLoader done
Event: 3.995 Loading class jdk/internal/loader/URLClassPath$FileLoader$1
Event: 3.995 Loading class jdk/internal/loader/URLClassPath$FileLoader$1 done
Event: 4.204 Loading class java/util/concurrent/atomic/AtomicReferenceFieldUpdater
Event: 4.204 Loading class java/util/concurrent/atomic/AtomicReferenceFieldUpdater done
Event: 4.204 Loading class java/util/concurrent/atomic/AtomicReferenceFieldUpdater$AtomicReferenceFieldUpdaterImpl
Event: 4.204 Loading class java/util/concurrent/atomic/AtomicReferenceFieldUpdater$AtomicReferenceFieldUpdaterImpl done
Event: 4.204 Loading class java/util/concurrent/atomic/AtomicReferenceFieldUpdater$AtomicReferenceFieldUpdaterImpl$1
Event: 4.204 Loading class java/util/concurrent/atomic/AtomicReferenceFieldUpdater$AtomicReferenceFieldUpdaterImpl$1 done
Event: 4.314 Loading class java/lang/StringIndexOutOfBoundsException
Event: 4.314 Loading class java/lang/StringIndexOutOfBoundsException done
Event: 4.350 Loading class java/util/stream/DistinctOps
Event: 4.350 Loading class java/util/stream/DistinctOps done
Event: 4.350 Loading class java/util/stream/DistinctOps$1
Event: 4.350 Loading class java/util/stream/ReferencePipeline$StatefulOp
Event: 4.350 Loading class java/util/stream/ReferencePipeline$StatefulOp done
Event: 4.350 Loading class java/util/stream/DistinctOps$1 done
Event: 4.351 Loading class java/util/stream/DistinctOps$1$2
Event: 4.351 Loading class java/util/stream/DistinctOps$1$2 done

Classes unloaded (0 events):
No events

Classes redefined (0 events):
No events

Internal exceptions (20 events):
Event: 4.116 Thread 0x0000024f14fbfaa0 Exception <a 'java/lang/NoSuchMethodError'{0x0000000085ae7468}: 'java.lang.Object java.lang.invoke.DirectMethodHandle$Holder.invokeStatic(java.lang.Object, long, java.lang.Object)'> (0x0000000085ae7468) 
thrown [s\src\hotspot\share\interpreter\linkResolver.cpp, line 784]
Event: 4.116 Thread 0x0000024f14fbfaa0 Exception <a 'java/lang/NoSuchMethodError'{0x0000000085aee5c0}: 'java.lang.Object java.lang.invoke.DirectMethodHandle$Holder.newInvokeSpecial(java.lang.Object, long)'> (0x0000000085aee5c0) 
thrown [s\src\hotspot\share\interpreter\linkResolver.cpp, line 784]
Event: 4.120 Thread 0x0000024f14fbfaa0 Exception <a 'java/lang/NoSuchMethodError'{0x000000008594a758}: 'java.lang.Object java.lang.invoke.DirectMethodHandle$Holder.newInvokeSpecial(java.lang.Object, java.lang.Object, java.lang.Object, java.lang.Object, java.lang.Object, long)'> (0x000000008594a758) 
thrown [s\src\hotspot\share\interpreter\linkResolver.cpp, line 784]
Event: 4.121 Thread 0x0000024f14fbfaa0 Exception <a 'java/lang/NoSuchMethodError'{0x000000008594f588}: 'java.lang.Object java.lang.invoke.DirectMethodHandle$Holder.invokeSpecial(java.lang.Object, java.lang.Object, java.lang.Object, java.lang.Object, java.lang.Object, java.lang.Object, long)'> (0x000000008594f588) 
thrown [s\src\hotspot\share\interpreter\linkResolver.cpp, line 784]
Event: 4.121 Thread 0x0000024f14fbfaa0 Exception <a 'java/lang/NoSuchMethodError'{0x0000000085953b58}: 'java.lang.Object java.lang.invoke.Invokers$Holder.linkToTargetMethod(java.lang.Object, java.lang.Object, java.lang.Object, java.lang.Object, long, java.lang.Object)'> (0x0000000085953b58) 
thrown [s\src\hotspot\share\interpreter\linkResolver.cpp, line 784]
Event: 4.124 Thread 0x0000024f14fbfaa0 Exception <a 'java/lang/NoSuchMethodError'{0x000000008599be38}: 'java.lang.Object java.lang.invoke.DirectMethodHandle$Holder.newInvokeSpecial(java.lang.Object, java.lang.Object, java.lang.Object, long)'> (0x000000008599be38) 
thrown [s\src\hotspot\share\interpreter\linkResolver.cpp, line 784]
Event: 4.124 Thread 0x0000024f14fbfaa0 Exception <a 'java/lang/NoSuchMethodError'{0x00000000859a08f8}: 'java.lang.Object java.lang.invoke.DirectMethodHandle$Holder.invokeSpecial(java.lang.Object, java.lang.Object, java.lang.Object, java.lang.Object, long)'> (0x00000000859a08f8) 
thrown [s\src\hotspot\share\interpreter\linkResolver.cpp, line 784]
Event: 4.124 Thread 0x0000024f14fbfaa0 Exception <a 'java/lang/NoSuchMethodError'{0x00000000859a4aa8}: 'java.lang.Object java.lang.invoke.Invokers$Holder.linkToTargetMethod(java.lang.Object, java.lang.Object, long, java.lang.Object)'> (0x00000000859a4aa8) 
thrown [s\src\hotspot\share\interpreter\linkResolver.cpp, line 784]
Event: 4.147 Thread 0x0000024f14fbfaa0 Exception <a 'java/lang/NoSuchMethodError'{0x00000000857ce880}: 'java.lang.Object java.lang.invoke.DirectMethodHandle$Holder.newInvokeSpecial(java.lang.Object, java.lang.Object, java.lang.Object, java.lang.Object, java.lang.Object, java.lang.Object, java.lang.Object, java.lang.Object, java.lang.Object, java.lang.Object, java.lang.Object, java.lang.Object, java.lang.Object, java.lang.Object, java.lang.Object, java.lang.Object, java.lang.Object, java.lang.Object, java.lang.Object, java.lang.Object, java.lang
Event: 4.147 Thread 0x0000024f14fbfaa0 Exception <a 'java/lang/NoSuchMethodError'{0x00000000857d6380}: 'java.lang.Object java.lang.invoke.DirectMethodHandle$Holder.invokeSpecial(java.lang.Object, java.lang.Object, java.lang.Object, java.lang.Object, java.lang.Object, java.lang.Object, java.lang.Object, java.lang.Object, java.lang.Object, java.lang.Object, java.lang.Object, java.lang.Object, java.lang.Object, java.lang.Object, java.lang.Object, java.lang.Object, java.lang.Object, java.lang.Object, java.lang.Object, java.lang.Object, java.lang.Ob
Event: 4.147 Thread 0x0000024f14fbfaa0 Exception <a 'java/lang/NoSuchMethodError'{0x00000000857dc8b0}: 'java.lang.Object java.lang.invoke.DelegatingMethodHandle$Holder.reinvoke_L(java.lang.Object, java.lang.Object, java.lang.Object, java.lang.Object, java.lang.Object, java.lang.Object, java.lang.Object, java.lang.Object, java.lang.Object, java.lang.Object, java.lang.Object, java.lang.Object, java.lang.Object, java.lang.Object, java.lang.Object, java.lang.Object, java.lang.Object, java.lang.Object, java.lang.Object, java.lang.Object, java.lang.O
Event: 4.179 Thread 0x0000024f14fbfaa0 Implicit null exception at 0x0000024f07b8d580 to 0x0000024f07b8d634
Event: 4.246 Thread 0x0000024f14fbfaa0 Exception <a 'java/lang/NoSuchMethodError'{0x0000000084d69ae8}: 'java.lang.Object java.lang.invoke.DirectMethodHandle$Holder.newInvokeSpecial(java.lang.Object, java.lang.Object, java.lang.Object, java.lang.Object, java.lang.Object, java.lang.Object, java.lang.Object, java.lang.Object, java.lang.Object, java.lang.Object, java.lang.Object, java.lang.Object, java.lang.Object, java.lang.Object, java.lang.Object, java.lang.Object, java.lang.Object, java.lang.Object, java.lang.Object)'> (0x0000000084d69ae8) 
thr
Event: 4.246 Thread 0x0000024f14fbfaa0 Exception <a 'java/lang/NoSuchMethodError'{0x0000000084d70340}: 'java.lang.Object java.lang.invoke.DirectMethodHandle$Holder.invokeSpecial(java.lang.Object, java.lang.Object, java.lang.Object, java.lang.Object, java.lang.Object, java.lang.Object, java.lang.Object, java.lang.Object, java.lang.Object, java.lang.Object, java.lang.Object, java.lang.Object, java.lang.Object, java.lang.Object, java.lang.Object, java.lang.Object, java.lang.Object, java.lang.Object, java.lang.Object, java.lang.Object)'> (0x0000000
Event: 4.246 Thread 0x0000024f14fbfaa0 Exception <a 'java/lang/NoSuchMethodError'{0x0000000084d75b80}: 'java.lang.Object java.lang.invoke.DelegatingMethodHandle$Holder.reinvoke_L(java.lang.Object, java.lang.Object, java.lang.Object, java.lang.Object, java.lang.Object, java.lang.Object, java.lang.Object, java.lang.Object, java.lang.Object, java.lang.Object, java.lang.Object, java.lang.Object, java.lang.Object, java.lang.Object, java.lang.Object, java.lang.Object, java.lang.Object, java.lang.Object, java.lang.Object)'> (0x0000000084d75b80) 
throw
Event: 4.257 Thread 0x0000024f14fbfaa0 Exception <a 'java/lang/IncompatibleClassChangeError'{0x0000000084c3f3f8}: Found class java.lang.Object, but interface was expected> (0x0000000084c3f3f8) 
thrown [s\src\hotspot\share\interpreter\linkResolver.cpp, line 851]
Event: 4.293 Thread 0x0000024f14fbfaa0 Exception <a 'java/lang/NoSuchMethodError'{0x00000000849728b8}: 'java.lang.Object java.lang.invoke.DirectMethodHandle$Holder.newInvokeSpecial(java.lang.Object, int, java.lang.Object)'> (0x00000000849728b8) 
thrown [s\src\hotspot\share\interpreter\linkResolver.cpp, line 784]
Event: 4.323 Thread 0x0000024f14fbfaa0 Exception <a 'java/lang/NoSuchMethodError'{0x000000008477a320}: 'java.lang.Object java.lang.invoke.DirectMethodHandle$Holder.invokeSpecial(java.lang.Object, java.lang.Object, long, java.lang.Object, java.lang.Object)'> (0x000000008477a320) 
thrown [s\src\hotspot\share\interpreter\linkResolver.cpp, line 784]
Event: 4.337 Thread 0x0000024f14fbfaa0 Exception <a 'java/lang/NoSuchMethodError'{0x0000000084649c98}: 'java.lang.Object java.lang.invoke.DirectMethodHandle$Holder.newInvokeSpecial(java.lang.Object, java.lang.Object, int, java.lang.Object)'> (0x0000000084649c98) 
thrown [s\src\hotspot\share\interpreter\linkResolver.cpp, line 784]
Event: 4.338 Thread 0x0000024f14fbfaa0 Exception <a 'java/lang/NoSuchMethodError'{0x000000008464e488}: 'java.lang.Object java.lang.invoke.DirectMethodHandle$Holder.invokeSpecial(java.lang.Object, java.lang.Object, java.lang.Object, int, java.lang.Object)'> (0x000000008464e488) 
thrown [s\src\hotspot\share\interpreter\linkResolver.cpp, line 784]

ZGC Phase Switch (0 events):
No events

VM Operations (20 events):
Event: 3.624 Executing VM operation: HandshakeAllThreads (Deoptimize)
Event: 3.624 Executing VM operation: HandshakeAllThreads (Deoptimize) done
Event: 3.666 Executing VM operation: HandshakeAllThreads (Deoptimize)
Event: 3.666 Executing VM operation: HandshakeAllThreads (Deoptimize) done
Event: 3.753 Executing VM operation: HandshakeAllThreads (Deoptimize)
Event: 3.753 Executing VM operation: HandshakeAllThreads (Deoptimize) done
Event: 3.818 Executing VM operation: ICBufferFull
Event: 3.819 Executing VM operation: ICBufferFull done
Event: 3.882 Executing VM operation: HandshakeAllThreads (Deoptimize)
Event: 3.882 Executing VM operation: HandshakeAllThreads (Deoptimize) done
Event: 3.900 Executing VM operation: HandshakeAllThreads (Deoptimize)
Event: 3.900 Executing VM operation: HandshakeAllThreads (Deoptimize) done
Event: 3.985 Executing VM operation: G1CollectForAllocation (G1 Evacuation Pause)
Event: 3.993 Executing VM operation: G1CollectForAllocation (G1 Evacuation Pause) done
Event: 4.048 Executing VM operation: HandshakeAllThreads (Deoptimize)
Event: 4.049 Executing VM operation: HandshakeAllThreads (Deoptimize) done
Event: 4.086 Executing VM operation: HandshakeAllThreads (Deoptimize)
Event: 4.086 Executing VM operation: HandshakeAllThreads (Deoptimize) done
Event: 4.350 Executing VM operation: HandshakeAllThreads (Deoptimize)
Event: 4.350 Executing VM operation: HandshakeAllThreads (Deoptimize) done

Events (20 events):
Event: 3.051 Thread 0x0000024f13024380 flushing nmethod 0x0000024f07b16190
Event: 3.051 Thread 0x0000024f13024380 flushing nmethod 0x0000024f07aee690
Event: 3.051 Thread 0x0000024f13024380 flushing nmethod 0x0000024f07aeda90
Event: 3.051 Thread 0x0000024f13024380 flushing nmethod 0x0000024f07b11210
Event: 3.051 Thread 0x0000024f13024380 flushing nmethod 0x0000024f07adc290
Event: 3.051 Thread 0x0000024f13024380 flushing nmethod 0x0000024f07b0f510
Event: 3.051 Thread 0x0000024f13024380 flushing nmethod 0x0000024f07b08390
Event: 3.051 Thread 0x0000024f13024380 flushing nmethod 0x0000024f07b0d990
Event: 3.051 Thread 0x0000024f13024380 flushing nmethod 0x0000024f07b07990
Event: 3.051 Thread 0x0000024f13024380 flushing nmethod 0x0000024f07b01e90
Event: 3.051 Thread 0x0000024f13024380 flushing nmethod 0x0000024f07afbb10
Event: 3.051 Thread 0x0000024f13024380 flushing nmethod 0x0000024f07b07690
Event: 3.051 Thread 0x0000024f13024380 flushing nmethod 0x0000024f07af5b10
Event: 3.051 Thread 0x0000024f13024380 flushing nmethod 0x0000024f07aeb810
Event: 3.051 Thread 0x0000024f13024380 flushing nmethod 0x0000024f07aeae90
Event: 3.051 Thread 0x0000024f13024380 flushing nmethod 0x0000024f07ae4c90
Event: 3.051 Thread 0x0000024f13024380 flushing nmethod 0x0000024f07ad8490
Event: 3.051 Thread 0x0000024f13024380 flushing nmethod 0x0000024f07ad7b90
Event: 3.166 Thread 0x0000024f14fc2890 Thread added: 0x0000024f14fc2890
Event: 3.288 Thread 0x0000024f14fc5680 Thread added: 0x0000024f14fc5680


Dynamic libraries:
0x00007ff7168a0000 - 0x00007ff7168aa000 	D:\Apps\Android Studio\jbr\bin\java.exe
0x00007ff9f6cb0000 - 0x00007ff9f6ec7000 	C:\WINDOWS\SYSTEM32\ntdll.dll
0x00007ff9f6190000 - 0x00007ff9f6254000 	C:\WINDOWS\System32\KERNEL32.DLL
0x00007ff9f44b0000 - 0x00007ff9f4869000 	C:\WINDOWS\System32\KERNELBASE.dll
0x00007ff9f4240000 - 0x00007ff9f4351000 	C:\WINDOWS\System32\ucrtbase.dll
0x00007ff9e95d0000 - 0x00007ff9e95eb000 	D:\Apps\Android Studio\jbr\bin\VCRUNTIME140.dll
0x00007ff9cd380000 - 0x00007ff9cd398000 	D:\Apps\Android Studio\jbr\bin\jli.dll
0x00007ff9f5fe0000 - 0x00007ff9f618e000 	C:\WINDOWS\System32\USER32.dll
0x00007ff9d85e0000 - 0x00007ff9d8872000 	C:\WINDOWS\WinSxS\amd64_microsoft.windows.common-controls_6595b64144ccf1df_6.0.22621.4391_none_2715d37f73803e96\COMCTL32.dll
0x00007ff9f49a0000 - 0x00007ff9f49c6000 	C:\WINDOWS\System32\win32u.dll
0x00007ff9f5250000 - 0x00007ff9f52f7000 	C:\WINDOWS\System32\msvcrt.dll
0x00007ff9f62d0000 - 0x00007ff9f62f9000 	C:\WINDOWS\System32\GDI32.dll
0x00007ff9f4360000 - 0x00007ff9f447b000 	C:\WINDOWS\System32\gdi32full.dll
0x00007ff9f41a0000 - 0x00007ff9f423a000 	C:\WINDOWS\System32\msvcp_win.dll
0x00007ff9f5fa0000 - 0x00007ff9f5fd1000 	C:\WINDOWS\System32\IMM32.DLL
0x00007ff9ea310000 - 0x00007ff9ea31c000 	D:\Apps\Android Studio\jbr\bin\vcruntime140_1.dll
0x00007ff9b34a0000 - 0x00007ff9b352d000 	D:\Apps\Android Studio\jbr\bin\msvcp140.dll
0x00007ff9ac380000 - 0x00007ff9acffd000 	D:\Apps\Android Studio\jbr\bin\server\jvm.dll
0x00007ff9f5100000 - 0x00007ff9f51b2000 	C:\WINDOWS\System32\ADVAPI32.dll
0x00007ff9f6460000 - 0x00007ff9f6507000 	C:\WINDOWS\System32\sechost.dll
0x00007ff9f4480000 - 0x00007ff9f44a8000 	C:\WINDOWS\System32\bcrypt.dll
0x00007ff9f4d70000 - 0x00007ff9f4e84000 	C:\WINDOWS\System32\RPCRT4.dll
0x00007ff9f65a0000 - 0x00007ff9f6611000 	C:\WINDOWS\System32\WS2_32.dll
0x00007ff9f2e00000 - 0x00007ff9f2e4d000 	C:\WINDOWS\SYSTEM32\POWRPROF.dll
0x00007ff9ec720000 - 0x00007ff9ec754000 	C:\WINDOWS\SYSTEM32\WINMM.dll
0x00007ff9ecc10000 - 0x00007ff9ecc1a000 	C:\WINDOWS\SYSTEM32\VERSION.dll
0x00007ff9f2de0000 - 0x00007ff9f2df3000 	C:\WINDOWS\SYSTEM32\UMPDC.dll
0x00007ff9f30a0000 - 0x00007ff9f30b8000 	C:\WINDOWS\SYSTEM32\kernel.appcore.dll
0x00007ff9e95c0000 - 0x00007ff9e95ca000 	D:\Apps\Android Studio\jbr\bin\jimage.dll
0x00007ff9f17b0000 - 0x00007ff9f19e2000 	C:\WINDOWS\SYSTEM32\DBGHELP.DLL
0x00007ff9f49e0000 - 0x00007ff9f4d6f000 	C:\WINDOWS\System32\combase.dll
0x00007ff9f5620000 - 0x00007ff9f56f7000 	C:\WINDOWS\System32\OLEAUT32.dll
0x00007ff9cdd70000 - 0x00007ff9cdda2000 	C:\WINDOWS\SYSTEM32\dbgcore.DLL
0x00007ff9f4120000 - 0x00007ff9f419b000 	C:\WINDOWS\System32\bcryptPrimitives.dll
0x00007ff9ec8b0000 - 0x00007ff9ec8be000 	D:\Apps\Android Studio\jbr\bin\instrument.dll
0x00007ff9e95a0000 - 0x00007ff9e95bf000 	D:\Apps\Android Studio\jbr\bin\java.dll
0x00007ff9e0780000 - 0x00007ff9e0798000 	D:\Apps\Android Studio\jbr\bin\zip.dll
0x00007ff9f5720000 - 0x00007ff9f5f96000 	C:\WINDOWS\System32\SHELL32.dll
0x00007ff9f1eb0000 - 0x00007ff9f27b3000 	C:\WINDOWS\SYSTEM32\windows.storage.dll
0x00007ff9f1d70000 - 0x00007ff9f1eaf000 	C:\WINDOWS\SYSTEM32\wintypes.dll
0x00007ff9f54c0000 - 0x00007ff9f55b9000 	C:\WINDOWS\System32\SHCORE.dll
0x00007ff9f50a0000 - 0x00007ff9f50fe000 	C:\WINDOWS\System32\shlwapi.dll
0x00007ff9f3ee0000 - 0x00007ff9f3f0b000 	C:\WINDOWS\SYSTEM32\profapi.dll
0x00007ff9e9590000 - 0x00007ff9e95a0000 	D:\Apps\Android Studio\jbr\bin\net.dll
0x00007ff9ec3e0000 - 0x00007ff9ec516000 	C:\WINDOWS\SYSTEM32\WINHTTP.dll
0x00007ff9f3510000 - 0x00007ff9f3579000 	C:\WINDOWS\system32\mswsock.dll
0x00007ff9e03a0000 - 0x00007ff9e03b6000 	D:\Apps\Android Studio\jbr\bin\nio.dll
0x00007ff9dfeb0000 - 0x00007ff9dfec0000 	D:\Apps\Android Studio\jbr\bin\verify.dll
0x00007ff9cd410000 - 0x00007ff9cd437000 	D:\Android\gradle-8.10.2\native\c067742578af261105cb4f569cf0c3c89f3d7b1fecec35dd04571415982c5e48\windows-amd64\native-platform.dll
0x00007ff9aeb20000 - 0x00007ff9aec64000 	D:\Android\gradle-8.10.2\native\100fb08df4bc3b14c8652ba06237920a3bd2aa13389f12d3474272988ae205f9\windows-amd64\native-platform-file-events.dll
0x00007ff9e0770000 - 0x00007ff9e0779000 	D:\Apps\Android Studio\jbr\bin\management.dll
0x00007ff9e0390000 - 0x00007ff9e039b000 	D:\Apps\Android Studio\jbr\bin\management_ext.dll
0x00007ff9f5610000 - 0x00007ff9f5618000 	C:\WINDOWS\System32\PSAPI.DLL
0x00007ff9f3800000 - 0x00007ff9f381b000 	C:\WINDOWS\SYSTEM32\CRYPTSP.dll
0x00007ff9f3000000 - 0x00007ff9f3035000 	C:\WINDOWS\system32\rsaenh.dll
0x00007ff9f35b0000 - 0x00007ff9f35d8000 	C:\WINDOWS\SYSTEM32\USERENV.dll
0x00007ff9f3710000 - 0x00007ff9f371c000 	C:\WINDOWS\SYSTEM32\CRYPTBASE.dll
0x00007ff9f2a90000 - 0x00007ff9f2abd000 	C:\WINDOWS\SYSTEM32\IPHLPAPI.DLL
0x00007ff9f6260000 - 0x00007ff9f6269000 	C:\WINDOWS\System32\NSI.dll
0x00007ff9e0860000 - 0x00007ff9e0869000 	D:\Apps\Android Studio\jbr\bin\extnet.dll
0x00007ff9ec760000 - 0x00007ff9ec768000 	C:\WINDOWS\system32\wshunix.dll

dbghelp: loaded successfully - version: 4.0.5 - missing functions: none
symbol engine: initialized successfully - sym options: 0x614 - pdb path: .;D:\Apps\Android Studio\jbr\bin;C:\WINDOWS\SYSTEM32;C:\WINDOWS\WinSxS\amd64_microsoft.windows.common-controls_6595b64144ccf1df_6.0.22621.4391_none_2715d37f73803e96;D:\Apps\Android Studio\jbr\bin\server;D:\Android\gradle-8.10.2\native\c067742578af261105cb4f569cf0c3c89f3d7b1fecec35dd04571415982c5e48\windows-amd64;D:\Android\gradle-8.10.2\native\100fb08df4bc3b14c8652ba06237920a3bd2aa13389f12d3474272988ae205f9\windows-amd64

VM Arguments:
jvm_args: --add-opens=java.base/java.util=ALL-UNNAMED --add-opens=java.base/java.lang=ALL-UNNAMED --add-opens=java.base/java.lang.invoke=ALL-UNNAMED --add-opens=java.prefs/java.util.prefs=ALL-UNNAMED --add-exports=jdk.compiler/com.sun.tools.javac.api=ALL-UNNAMED --add-exports=jdk.compiler/com.sun.tools.javac.util=ALL-UNNAMED --add-opens=java.base/java.nio.charset=ALL-UNNAMED --add-opens=java.base/java.net=ALL-UNNAMED --add-opens=java.base/java.util.concurrent.atomic=ALL-UNNAMED -Xmx2048m -Dfile.encoding=UTF-8 -Duser.country=GR -Duser.language=el -Duser.variant -javaagent:D:\Android\gradle-8.10.2\wrapper\dists\gradle-8.9-bin\90cnw93cvbtalezasaz0blq0a\gradle-8.9\lib\agents\gradle-instrumentation-agent-8.9.jar 
java_command: org.gradle.launcher.daemon.bootstrap.GradleDaemon 8.9
java_class_path (initial): D:\Android\gradle-8.10.2\wrapper\dists\gradle-8.9-bin\90cnw93cvbtalezasaz0blq0a\gradle-8.9\lib\gradle-daemon-main-8.9.jar
Launcher Type: SUN_STANDARD

[Global flags]
     intx CICompilerCount                          = 4                                         {product} {ergonomic}
     uint ConcGCThreads                            = 2                                         {product} {ergonomic}
     uint G1ConcRefinementThreads                  = 8                                         {product} {ergonomic}
   size_t G1HeapRegionSize                         = 1048576                                   {product} {ergonomic}
    uintx GCDrainStackTargetSize                   = 64                                        {product} {ergonomic}
   size_t InitialHeapSize                          = 132120576                                 {product} {ergonomic}
   size_t MarkStackSize                            = 4194304                                   {product} {ergonomic}
   size_t MaxHeapSize                              = 2147483648                                {product} {command line}
   size_t MaxNewSize                               = 1287651328                                {product} {ergonomic}
   size_t MinHeapDeltaBytes                        = 1048576                                   {product} {ergonomic}
   size_t MinHeapSize                              = 8388608                                   {product} {ergonomic}
    uintx NonNMethodCodeHeapSize                   = 5839372                                {pd product} {ergonomic}
    uintx NonProfiledCodeHeapSize                  = 122909434                              {pd product} {ergonomic}
    uintx ProfiledCodeHeapSize                     = 122909434                              {pd product} {ergonomic}
    uintx ReservedCodeCacheSize                    = 251658240                              {pd product} {ergonomic}
     bool SegmentedCodeCache                       = true                                      {product} {ergonomic}
   size_t SoftMaxHeapSize                          = 2147483648                             {manageable} {ergonomic}
     bool UseCompressedOops                        = true                           {product lp64_product} {ergonomic}
     bool UseG1GC                                  = true                                      {product} {ergonomic}
     bool UseLargePagesIndividualAllocation        = false                                  {pd product} {ergonomic}

Logging:
Log output configuration:
 #0: stdout all=warning uptime,level,tags foldmultilines=false
 #1: stderr all=off uptime,level,tags foldmultilines=false

Environment Variables:
JAVA_HOME=D:\Android\AndroidStudio\jbr
PATH=D:\VMware\installation\bin\;C:\Program Files\Common Files\Oracle\Java\javapath;C:\WINDOWS\system32;C:\WINDOWS;C:\WINDOWS\System32\Wbem;C:\WINDOWS\System32\WindowsPowerShell\v1.0\;C:\WINDOWS\System32\OpenSSH\;C:\Program Files\PuTTY\;D:\Matlab\bin;C:\Program Files\Java\jdk-18.0.1\bin;C:\Program Files\dotnet\;C:\Program Files\Docker\Docker\resources\bin;D:\Apps\Git\cmd;C:\Users\User\AppData\Local\Programs\Python\Python312\Scripts\;C:\Users\User\AppData\Local\Programs\Python\Python312\;C:\Users\User\AppData\Local\Microsoft\WindowsApps;D:\Apps\CLion 2023.3.4\bin;;C:\MinGW\bin;D:\Apps\Microsoft VS Code\bin
USERNAME=User
OS=Windows_NT
PROCESSOR_IDENTIFIER=Intel64 Family 6 Model 142 Stepping 12, GenuineIntel
TMP=C:\Users\User\AppData\Local\Temp
TEMP=C:\Users\User\AppData\Local\Temp




Periodic native trim disabled

JNI global refs:
JNI global refs: 26, weak refs: 0

JNI global refs memory usage: 835, weak refs: 833

Process memory usage:
Resident Set Size: 289148K (3% of 8256680K total physical memory with 451880K free physical memory)

OOME stack traces (most recent first):
Classloader memory used:
Loader org.gradle.internal.classloader.VisitableURLClassLoader                         : 24086K
Loader bootstrap                                                                       : 21505K
Loader org.gradle.initialization.MixInLegacyTypesClassLoader                           : 5389K
Loader jdk.internal.loader.ClassLoaders$PlatformClassLoader                            : 529K
Loader jdk.internal.loader.ClassLoaders$AppClassLoader                                 : 230K
Loader org.gradle.internal.classloader.VisitableURLClassLoader                         : 19144B

Classes loaded by more than one classloader:
Class org.gradle.internal.classloader.FilteringClassLoader                            : loaded 2 times (x 102B)
Class org.gradle.internal.classloader.ClassLoaderHierarchy                            : loaded 2 times (x 67B)
Class org.gradle.api.internal.classpath.ManifestUtil                                  : loaded 2 times (x 68B)
Class org.gradle.internal.classloader.DefaultClassLoaderFactory                       : loaded 2 times (x 79B)
Class org.gradle.internal.classloader.ClassLoaderVisitor                              : loaded 2 times (x 73B)
Class org.gradle.api.internal.classpath.EffectiveClassPath                            : loaded 2 times (x 87B)
Class org.gradle.api.internal.DefaultClassPathProvider                                : loaded 2 times (x 73B)
Class [Lorg.gradle.api.internal.ClassPathProvider;                                    : loaded 2 times (x 66B)
Class org.gradle.api.internal.ClassPathProvider                                       : loaded 2 times (x 67B)
Class org.gradle.internal.service.UnknownServiceException                             : loaded 2 times (x 80B)
Class org.gradle.internal.classpath.TransformedClassPath                              : loaded 2 times (x 93B)
Class org.gradle.internal.service.ServiceLocator                                      : loaded 2 times (x 67B)
Class org.gradle.internal.InternalTransformer                                         : loaded 2 times (x 67B)
Class org.gradle.internal.classloader.ClasspathUtil$1                                 : loaded 2 times (x 73B)
Class org.gradle.api.internal.classpath.DefaultModuleRegistry$DefaultModule           : loaded 2 times (x 83B)
Class org.gradle.api.internal.classpath.Module                                        : loaded 2 times (x 67B)
Class org.gradle.api.internal.classpath.UnknownModuleException                        : loaded 2 times (x 79B)
Class org.gradle.api.internal.DefaultClassPathRegistry                                : loaded 2 times (x 73B)
Class org.gradle.api.internal.ClassPathRegistry                                       : loaded 2 times (x 67B)
Class org.gradle.internal.classpath.DefaultClassPath$ImmutableUniqueList              : loaded 2 times (x 196B)
Class org.gradle.internal.classpath.ClassPath                                         : loaded 2 times (x 67B)
Class org.gradle.api.UncheckedIOException                                             : loaded 2 times (x 79B)
Class org.gradle.internal.installation.GradleInstallation$1                           : loaded 2 times (x 72B)
Class org.gradle.api.internal.classpath.ModuleRegistry                                : loaded 2 times (x 67B)
Class org.gradle.api.internal.classpath.DefaultModuleRegistry                         : loaded 2 times (x 80B)
Class org.gradle.internal.service.ServiceLookupException                              : loaded 2 times (x 79B)
Class org.gradle.internal.classloader.ClassLoaderFactory                              : loaded 2 times (x 67B)
Class org.gradle.internal.service.CachingServiceLocator                               : loaded 2 times (x 79B)
Class org.gradle.internal.classloader.ClasspathUtil                                   : loaded 2 times (x 68B)
Class org.gradle.api.specs.Spec                                                       : loaded 2 times (x 67B)
Class org.gradle.internal.classloader.VisitableURLClassLoader$InstrumentingVisitableURLClassLoader: loaded 2 times (x 120B)
Class org.gradle.internal.classloader.VisitableURLClassLoader$Spec                    : loaded 2 times (x 71B)
Class org.gradle.internal.classpath.DefaultClassPath                                  : loaded 2 times (x 87B)
Class org.gradle.internal.classloader.ClassLoaderSpec                                 : loaded 2 times (x 68B)
Class org.gradle.internal.classloader.VisitableURLClassLoader                         : loaded 2 times (x 114B)
Class org.gradle.internal.Cast                                                        : loaded 2 times (x 68B)
Class org.gradle.api.Action                                                           : loaded 2 times (x 67B)
Class org.gradle.internal.agents.InstrumentingClassLoader                             : loaded 2 times (x 67B)
Class org.gradle.internal.classpath.DefaultClassPath$ImmutableUniqueList$Builder      : loaded 2 times (x 72B)
Class org.gradle.api.GradleException                                                  : loaded 2 times (x 79B)
Class org.gradle.internal.IoActions                                                   : loaded 2 times (x 68B)
Class org.gradle.internal.classloader.SystemClassLoaderSpec                           : loaded 2 times (x 68B)
Class org.gradle.internal.installation.CurrentGradleInstallationLocator               : loaded 2 times (x 68B)
Class org.gradle.internal.service.DefaultServiceLocator                               : loaded 2 times (x 80B)
Class org.gradle.internal.installation.CurrentGradleInstallation                      : loaded 2 times (x 70B)
Class org.gradle.util.internal.GUtil                                                  : loaded 2 times (x 68B)
Class org.gradle.internal.installation.GradleInstallation                             : loaded 2 times (x 72B)

---------------  S Y S T E M  ---------------

OS:
 Windows 11 , 64 bit Build 22621 (10.0.22621.4391)
OS uptime: 0 days 11:34 hours
Hyper-V role detected

CPU: total 8 (initial active 8) (4 cores per cpu, 2 threads per core) family 6 model 142 stepping 12 microcode 0xf8, cx8, cmov, fxsr, ht, mmx, 3dnowpref, sse, sse2, sse3, ssse3, sse4.1, sse4.2, popcnt, lzcnt, tsc, tscinvbit, avx, avx2, aes, erms, clmul, bmi1, bmi2, adx, fma, vzeroupper, clflush, clflushopt, hv, rdtscp, f16c
Processor Information for all 8 processors :
  Max Mhz: 1800, Current Mhz: 1600, Mhz Limit: 1584

Memory: 4k page, system-wide physical 8063M (441M free)
TotalPageFile size 10111M (AvailPageFile size 5M)
current process WorkingSet (physical memory assigned to process): 284M, peak: 284M
current process commit charge ("private bytes"): 320M, peak: 321M

vm_info: OpenJDK 64-Bit Server VM (21.0.3+-12282718-b509.11) for windows-amd64 JRE (21.0.3+-12282718-b509.11), built on 2024-08-27T17:34:15Z by "builder" with MS VC++ 16.10 / 16.11 (VS2019)

END.
